#! /usr/bin/vvp
:ivl_version "11.0 (stable)";
:ivl_delay_selection "TYPICAL";
:vpi_time_precision + 0;
:vpi_module "/usr/lib/x86_64-linux-gnu/ivl/system.vpi";
:vpi_module "/usr/lib/x86_64-linux-gnu/ivl/vhdl_sys.vpi";
:vpi_module "/usr/lib/x86_64-linux-gnu/ivl/vhdl_textio.vpi";
:vpi_module "/usr/lib/x86_64-linux-gnu/ivl/v2005_math.vpi";
:vpi_module "/usr/lib/x86_64-linux-gnu/ivl/va_math.vpi";
S_0x64a3fe52e560 .scope module, "Mux" "Mux" 2 3;
 .timescale 0 0;
    .port_info 0 /INPUT 1 "in_a";
    .port_info 1 /INPUT 1 "in_b";
    .port_info 2 /OUTPUT 1 "out";
    .port_info 3 /INPUT 1 "sel";
o0x7d7d9eb9d018 .functor BUFZ 1, C4<z>; HiZ drive
v0x64a3fe557aa0_0 .net "in_a", 0 0, o0x7d7d9eb9d018;  0 drivers
o0x7d7d9eb9d318 .functor BUFZ 1, C4<z>; HiZ drive
v0x64a3fe557b40_0 .net "in_b", 0 0, o0x7d7d9eb9d318;  0 drivers
v0x64a3fe557c50_0 .net "out", 0 0, L_0x64a3fe558ed0;  1 drivers
o0x7d7d9eb9d2e8 .functor BUFZ 1, C4<z>; HiZ drive
v0x64a3fe557cf0_0 .net "sel", 0 0, o0x7d7d9eb9d2e8;  0 drivers
v0x64a3fe557d90_0 .net "sel_out", 0 0, L_0x64a3fe5582b0;  1 drivers
v0x64a3fe557f10_0 .net "temp_a_out", 0 0, L_0x64a3fe558410;  1 drivers
v0x64a3fe5580c0_0 .net "temp_b_out", 0 0, L_0x64a3fe558680;  1 drivers
S_0x64a3fe52e760 .scope module, "and_gate" "And" 2 9, 3 3 0, S_0x64a3fe52e560;
 .timescale 0 0;
    .port_info 0 /INPUT 1 "in_a";
    .port_info 1 /INPUT 1 "in_b";
    .port_info 2 /OUTPUT 1 "out";
v0x64a3fe54fa50_0 .net "in_a", 0 0, o0x7d7d9eb9d018;  alias, 0 drivers
v0x64a3fe54fb20_0 .net "in_b", 0 0, L_0x64a3fe5582b0;  alias, 1 drivers
v0x64a3fe54fbf0_0 .net "out", 0 0, L_0x64a3fe558410;  alias, 1 drivers
v0x64a3fe54fd10_0 .net "temp_out", 0 0, L_0x64a3fe558360;  1 drivers
S_0x64a3fe4f0cf0 .scope module, "nand_gate" "Nand" 3 8, 4 1 0, S_0x64a3fe52e760;
 .timescale 0 0;
    .port_info 0 /INPUT 1 "in_a";
    .port_info 1 /INPUT 1 "in_b";
    .port_info 2 /OUTPUT 1 "out";
L_0x64a3fe558360 .functor NAND 1, o0x7d7d9eb9d018, L_0x64a3fe5582b0, C4<1>, C4<1>;
v0x64a3fe52f560_0 .net "in_a", 0 0, o0x7d7d9eb9d018;  alias, 0 drivers
v0x64a3fe52f3e0_0 .net "in_b", 0 0, L_0x64a3fe5582b0;  alias, 1 drivers
v0x64a3fe52ca90_0 .net "out", 0 0, L_0x64a3fe558360;  alias, 1 drivers
S_0x64a3fe54f170 .scope module, "not_gate" "Not" 3 9, 5 3 0, S_0x64a3fe52e760;
 .timescale 0 0;
    .port_info 0 /INPUT 1 "in_a";
    .port_info 1 /OUTPUT 1 "out";
v0x64a3fe54f8a0_0 .net "in_a", 0 0, L_0x64a3fe558360;  alias, 1 drivers
v0x64a3fe54f940_0 .net "out", 0 0, L_0x64a3fe558410;  alias, 1 drivers
S_0x64a3fe54f350 .scope module, "nand_gate" "Nand" 5 7, 4 1 0, S_0x64a3fe54f170;
 .timescale 0 0;
    .port_info 0 /INPUT 1 "in_a";
    .port_info 1 /INPUT 1 "in_b";
    .port_info 2 /OUTPUT 1 "out";
L_0x64a3fe558410 .functor NAND 1, L_0x64a3fe558360, L_0x64a3fe558360, C4<1>, C4<1>;
v0x64a3fe54f5c0_0 .net "in_a", 0 0, L_0x64a3fe558360;  alias, 1 drivers
v0x64a3fe54f6b0_0 .net "in_b", 0 0, L_0x64a3fe558360;  alias, 1 drivers
v0x64a3fe54f7a0_0 .net "out", 0 0, L_0x64a3fe558410;  alias, 1 drivers
S_0x64a3fe54fdd0 .scope module, "and_gate3" "And" 2 10, 3 3 0, S_0x64a3fe52e560;
 .timescale 0 0;
    .port_info 0 /INPUT 1 "in_a";
    .port_info 1 /INPUT 1 "in_b";
    .port_info 2 /OUTPUT 1 "out";
v0x64a3fe550dc0_0 .net "in_a", 0 0, o0x7d7d9eb9d2e8;  alias, 0 drivers
v0x64a3fe550e90_0 .net "in_b", 0 0, o0x7d7d9eb9d318;  alias, 0 drivers
v0x64a3fe550f60_0 .net "out", 0 0, L_0x64a3fe558680;  alias, 1 drivers
v0x64a3fe551080_0 .net "temp_out", 0 0, L_0x64a3fe5584c0;  1 drivers
S_0x64a3fe54ffb0 .scope module, "nand_gate" "Nand" 3 8, 4 1 0, S_0x64a3fe54fdd0;
 .timescale 0 0;
    .port_info 0 /INPUT 1 "in_a";
    .port_info 1 /INPUT 1 "in_b";
    .port_info 2 /OUTPUT 1 "out";
L_0x64a3fe5584c0 .functor NAND 1, o0x7d7d9eb9d2e8, o0x7d7d9eb9d318, C4<1>, C4<1>;
v0x64a3fe550220_0 .net "in_a", 0 0, o0x7d7d9eb9d2e8;  alias, 0 drivers
v0x64a3fe550300_0 .net "in_b", 0 0, o0x7d7d9eb9d318;  alias, 0 drivers
v0x64a3fe5503c0_0 .net "out", 0 0, L_0x64a3fe5584c0;  alias, 1 drivers
S_0x64a3fe5504e0 .scope module, "not_gate" "Not" 3 9, 5 3 0, S_0x64a3fe54fdd0;
 .timescale 0 0;
    .port_info 0 /INPUT 1 "in_a";
    .port_info 1 /OUTPUT 1 "out";
v0x64a3fe550c10_0 .net "in_a", 0 0, L_0x64a3fe5584c0;  alias, 1 drivers
v0x64a3fe550cb0_0 .net "out", 0 0, L_0x64a3fe558680;  alias, 1 drivers
S_0x64a3fe5506c0 .scope module, "nand_gate" "Nand" 5 7, 4 1 0, S_0x64a3fe5504e0;
 .timescale 0 0;
    .port_info 0 /INPUT 1 "in_a";
    .port_info 1 /INPUT 1 "in_b";
    .port_info 2 /OUTPUT 1 "out";
L_0x64a3fe558680 .functor NAND 1, L_0x64a3fe5584c0, L_0x64a3fe5584c0, C4<1>, C4<1>;
v0x64a3fe550930_0 .net "in_a", 0 0, L_0x64a3fe5584c0;  alias, 1 drivers
v0x64a3fe550a20_0 .net "in_b", 0 0, L_0x64a3fe5584c0;  alias, 1 drivers
v0x64a3fe550b10_0 .net "out", 0 0, L_0x64a3fe558680;  alias, 1 drivers
S_0x64a3fe551140 .scope module, "not_gate2" "Not" 2 8, 5 3 0, S_0x64a3fe52e560;
 .timescale 0 0;
    .port_info 0 /INPUT 1 "in_a";
    .port_info 1 /OUTPUT 1 "out";
v0x64a3fe551820_0 .net "in_a", 0 0, o0x7d7d9eb9d2e8;  alias, 0 drivers
v0x64a3fe551950_0 .net "out", 0 0, L_0x64a3fe5582b0;  alias, 1 drivers
S_0x64a3fe5512d0 .scope module, "nand_gate" "Nand" 5 7, 4 1 0, S_0x64a3fe551140;
 .timescale 0 0;
    .port_info 0 /INPUT 1 "in_a";
    .port_info 1 /INPUT 1 "in_b";
    .port_info 2 /OUTPUT 1 "out";
L_0x64a3fe5582b0 .functor NAND 1, o0x7d7d9eb9d2e8, o0x7d7d9eb9d2e8, C4<1>, C4<1>;
v0x64a3fe551520_0 .net "in_a", 0 0, o0x7d7d9eb9d2e8;  alias, 0 drivers
v0x64a3fe551630_0 .net "in_b", 0 0, o0x7d7d9eb9d2e8;  alias, 0 drivers
v0x64a3fe5516f0_0 .net "out", 0 0, L_0x64a3fe5582b0;  alias, 1 drivers
S_0x64a3fe551a50 .scope module, "or_gate" "Or" 2 11, 6 3 0, S_0x64a3fe52e560;
 .timescale 0 0;
    .port_info 0 /INPUT 1 "in_a";
    .port_info 1 /INPUT 1 "in_b";
    .port_info 2 /OUTPUT 1 "out";
v0x64a3fe5573f0_0 .net "branch1_out", 0 0, L_0x64a3fe558890;  1 drivers
v0x64a3fe557520_0 .net "branch2_out", 0 0, L_0x64a3fe558bb0;  1 drivers
v0x64a3fe557670_0 .net "in_a", 0 0, L_0x64a3fe558410;  alias, 1 drivers
v0x64a3fe557740_0 .net "in_b", 0 0, L_0x64a3fe558680;  alias, 1 drivers
v0x64a3fe5577e0_0 .net "out", 0 0, L_0x64a3fe558ed0;  alias, 1 drivers
v0x64a3fe557880_0 .net "temp1_out", 0 0, L_0x64a3fe5587e0;  1 drivers
v0x64a3fe557920_0 .net "temp2_out", 0 0, L_0x64a3fe558b00;  1 drivers
v0x64a3fe5579c0_0 .net "temp3_out", 0 0, L_0x64a3fe558e20;  1 drivers
S_0x64a3fe551c30 .scope module, "and_gate" "And" 6 9, 3 3 0, S_0x64a3fe551a50;
 .timescale 0 0;
    .port_info 0 /INPUT 1 "in_a";
    .port_info 1 /INPUT 1 "in_b";
    .port_info 2 /OUTPUT 1 "out";
v0x64a3fe552cb0_0 .net "in_a", 0 0, L_0x64a3fe558410;  alias, 1 drivers
v0x64a3fe552d50_0 .net "in_b", 0 0, L_0x64a3fe558410;  alias, 1 drivers
v0x64a3fe552e10_0 .net "out", 0 0, L_0x64a3fe5587e0;  alias, 1 drivers
v0x64a3fe552f30_0 .net "temp_out", 0 0, L_0x64a3fe558730;  1 drivers
S_0x64a3fe551ea0 .scope module, "nand_gate" "Nand" 3 8, 4 1 0, S_0x64a3fe551c30;
 .timescale 0 0;
    .port_info 0 /INPUT 1 "in_a";
    .port_info 1 /INPUT 1 "in_b";
    .port_info 2 /OUTPUT 1 "out";
L_0x64a3fe558730 .functor NAND 1, L_0x64a3fe558410, L_0x64a3fe558410, C4<1>, C4<1>;
v0x64a3fe552110_0 .net "in_a", 0 0, L_0x64a3fe558410;  alias, 1 drivers
v0x64a3fe5521d0_0 .net "in_b", 0 0, L_0x64a3fe558410;  alias, 1 drivers
v0x64a3fe552320_0 .net "out", 0 0, L_0x64a3fe558730;  alias, 1 drivers
S_0x64a3fe552420 .scope module, "not_gate" "Not" 3 9, 5 3 0, S_0x64a3fe551c30;
 .timescale 0 0;
    .port_info 0 /INPUT 1 "in_a";
    .port_info 1 /OUTPUT 1 "out";
v0x64a3fe552b00_0 .net "in_a", 0 0, L_0x64a3fe558730;  alias, 1 drivers
v0x64a3fe552ba0_0 .net "out", 0 0, L_0x64a3fe5587e0;  alias, 1 drivers
S_0x64a3fe5525b0 .scope module, "nand_gate" "Nand" 5 7, 4 1 0, S_0x64a3fe552420;
 .timescale 0 0;
    .port_info 0 /INPUT 1 "in_a";
    .port_info 1 /INPUT 1 "in_b";
    .port_info 2 /OUTPUT 1 "out";
L_0x64a3fe5587e0 .functor NAND 1, L_0x64a3fe558730, L_0x64a3fe558730, C4<1>, C4<1>;
v0x64a3fe552820_0 .net "in_a", 0 0, L_0x64a3fe558730;  alias, 1 drivers
v0x64a3fe552910_0 .net "in_b", 0 0, L_0x64a3fe558730;  alias, 1 drivers
v0x64a3fe552a00_0 .net "out", 0 0, L_0x64a3fe5587e0;  alias, 1 drivers
S_0x64a3fe5530a0 .scope module, "and_gate2" "And" 6 13, 3 3 0, S_0x64a3fe551a50;
 .timescale 0 0;
    .port_info 0 /INPUT 1 "in_a";
    .port_info 1 /INPUT 1 "in_b";
    .port_info 2 /OUTPUT 1 "out";
v0x64a3fe554090_0 .net "in_a", 0 0, L_0x64a3fe558680;  alias, 1 drivers
v0x64a3fe554130_0 .net "in_b", 0 0, L_0x64a3fe558680;  alias, 1 drivers
v0x64a3fe5541f0_0 .net "out", 0 0, L_0x64a3fe558b00;  alias, 1 drivers
v0x64a3fe554310_0 .net "temp_out", 0 0, L_0x64a3fe558a50;  1 drivers
S_0x64a3fe553280 .scope module, "nand_gate" "Nand" 3 8, 4 1 0, S_0x64a3fe5530a0;
 .timescale 0 0;
    .port_info 0 /INPUT 1 "in_a";
    .port_info 1 /INPUT 1 "in_b";
    .port_info 2 /OUTPUT 1 "out";
L_0x64a3fe558a50 .functor NAND 1, L_0x64a3fe558680, L_0x64a3fe558680, C4<1>, C4<1>;
v0x64a3fe5534f0_0 .net "in_a", 0 0, L_0x64a3fe558680;  alias, 1 drivers
v0x64a3fe5535b0_0 .net "in_b", 0 0, L_0x64a3fe558680;  alias, 1 drivers
v0x64a3fe553700_0 .net "out", 0 0, L_0x64a3fe558a50;  alias, 1 drivers
S_0x64a3fe553800 .scope module, "not_gate" "Not" 3 9, 5 3 0, S_0x64a3fe5530a0;
 .timescale 0 0;
    .port_info 0 /INPUT 1 "in_a";
    .port_info 1 /OUTPUT 1 "out";
v0x64a3fe553ee0_0 .net "in_a", 0 0, L_0x64a3fe558a50;  alias, 1 drivers
v0x64a3fe553f80_0 .net "out", 0 0, L_0x64a3fe558b00;  alias, 1 drivers
S_0x64a3fe553990 .scope module, "nand_gate" "Nand" 5 7, 4 1 0, S_0x64a3fe553800;
 .timescale 0 0;
    .port_info 0 /INPUT 1 "in_a";
    .port_info 1 /INPUT 1 "in_b";
    .port_info 2 /OUTPUT 1 "out";
L_0x64a3fe558b00 .functor NAND 1, L_0x64a3fe558a50, L_0x64a3fe558a50, C4<1>, C4<1>;
v0x64a3fe553c00_0 .net "in_a", 0 0, L_0x64a3fe558a50;  alias, 1 drivers
v0x64a3fe553cf0_0 .net "in_b", 0 0, L_0x64a3fe558a50;  alias, 1 drivers
v0x64a3fe553de0_0 .net "out", 0 0, L_0x64a3fe558b00;  alias, 1 drivers
S_0x64a3fe554480 .scope module, "and_gate3" "And" 6 17, 3 3 0, S_0x64a3fe551a50;
 .timescale 0 0;
    .port_info 0 /INPUT 1 "in_a";
    .port_info 1 /INPUT 1 "in_b";
    .port_info 2 /OUTPUT 1 "out";
v0x64a3fe555480_0 .net "in_a", 0 0, L_0x64a3fe558890;  alias, 1 drivers
v0x64a3fe555550_0 .net "in_b", 0 0, L_0x64a3fe558bb0;  alias, 1 drivers
v0x64a3fe555620_0 .net "out", 0 0, L_0x64a3fe558e20;  alias, 1 drivers
v0x64a3fe555740_0 .net "temp_out", 0 0, L_0x64a3fe558d70;  1 drivers
S_0x64a3fe554660 .scope module, "nand_gate" "Nand" 3 8, 4 1 0, S_0x64a3fe554480;
 .timescale 0 0;
    .port_info 0 /INPUT 1 "in_a";
    .port_info 1 /INPUT 1 "in_b";
    .port_info 2 /OUTPUT 1 "out";
L_0x64a3fe558d70 .functor NAND 1, L_0x64a3fe558890, L_0x64a3fe558bb0, C4<1>, C4<1>;
v0x64a3fe5548b0_0 .net "in_a", 0 0, L_0x64a3fe558890;  alias, 1 drivers
v0x64a3fe554990_0 .net "in_b", 0 0, L_0x64a3fe558bb0;  alias, 1 drivers
v0x64a3fe554a50_0 .net "out", 0 0, L_0x64a3fe558d70;  alias, 1 drivers
S_0x64a3fe554ba0 .scope module, "not_gate" "Not" 3 9, 5 3 0, S_0x64a3fe554480;
 .timescale 0 0;
    .port_info 0 /INPUT 1 "in_a";
    .port_info 1 /OUTPUT 1 "out";
v0x64a3fe5552d0_0 .net "in_a", 0 0, L_0x64a3fe558d70;  alias, 1 drivers
v0x64a3fe555370_0 .net "out", 0 0, L_0x64a3fe558e20;  alias, 1 drivers
S_0x64a3fe554d80 .scope module, "nand_gate" "Nand" 5 7, 4 1 0, S_0x64a3fe554ba0;
 .timescale 0 0;
    .port_info 0 /INPUT 1 "in_a";
    .port_info 1 /INPUT 1 "in_b";
    .port_info 2 /OUTPUT 1 "out";
L_0x64a3fe558e20 .functor NAND 1, L_0x64a3fe558d70, L_0x64a3fe558d70, C4<1>, C4<1>;
v0x64a3fe554ff0_0 .net "in_a", 0 0, L_0x64a3fe558d70;  alias, 1 drivers
v0x64a3fe5550e0_0 .net "in_b", 0 0, L_0x64a3fe558d70;  alias, 1 drivers
v0x64a3fe5551d0_0 .net "out", 0 0, L_0x64a3fe558e20;  alias, 1 drivers
S_0x64a3fe555890 .scope module, "not_gate" "Not" 6 10, 5 3 0, S_0x64a3fe551a50;
 .timescale 0 0;
    .port_info 0 /INPUT 1 "in_a";
    .port_info 1 /OUTPUT 1 "out";
v0x64a3fe555fc0_0 .net "in_a", 0 0, L_0x64a3fe5587e0;  alias, 1 drivers
v0x64a3fe556060_0 .net "out", 0 0, L_0x64a3fe558890;  alias, 1 drivers
S_0x64a3fe555a60 .scope module, "nand_gate" "Nand" 5 7, 4 1 0, S_0x64a3fe555890;
 .timescale 0 0;
    .port_info 0 /INPUT 1 "in_a";
    .port_info 1 /INPUT 1 "in_b";
    .port_info 2 /OUTPUT 1 "out";
L_0x64a3fe558890 .functor NAND 1, L_0x64a3fe5587e0, L_0x64a3fe5587e0, C4<1>, C4<1>;
v0x64a3fe555cd0_0 .net "in_a", 0 0, L_0x64a3fe5587e0;  alias, 1 drivers
v0x64a3fe555d90_0 .net "in_b", 0 0, L_0x64a3fe5587e0;  alias, 1 drivers
v0x64a3fe555ee0_0 .net "out", 0 0, L_0x64a3fe558890;  alias, 1 drivers
S_0x64a3fe556160 .scope module, "not_gate2" "Not" 6 14, 5 3 0, S_0x64a3fe551a50;
 .timescale 0 0;
    .port_info 0 /INPUT 1 "in_a";
    .port_info 1 /OUTPUT 1 "out";
v0x64a3fe556930_0 .net "in_a", 0 0, L_0x64a3fe558b00;  alias, 1 drivers
v0x64a3fe5569d0_0 .net "out", 0 0, L_0x64a3fe558bb0;  alias, 1 drivers
S_0x64a3fe5563d0 .scope module, "nand_gate" "Nand" 5 7, 4 1 0, S_0x64a3fe556160;
 .timescale 0 0;
    .port_info 0 /INPUT 1 "in_a";
    .port_info 1 /INPUT 1 "in_b";
    .port_info 2 /OUTPUT 1 "out";
L_0x64a3fe558bb0 .functor NAND 1, L_0x64a3fe558b00, L_0x64a3fe558b00, C4<1>, C4<1>;
v0x64a3fe556640_0 .net "in_a", 0 0, L_0x64a3fe558b00;  alias, 1 drivers
v0x64a3fe556700_0 .net "in_b", 0 0, L_0x64a3fe558b00;  alias, 1 drivers
v0x64a3fe556850_0 .net "out", 0 0, L_0x64a3fe558bb0;  alias, 1 drivers
S_0x64a3fe556ad0 .scope module, "not_gate3" "Not" 6 18, 5 3 0, S_0x64a3fe551a50;
 .timescale 0 0;
    .port_info 0 /INPUT 1 "in_a";
    .port_info 1 /OUTPUT 1 "out";
v0x64a3fe557270_0 .net "in_a", 0 0, L_0x64a3fe558e20;  alias, 1 drivers
v0x64a3fe557310_0 .net "out", 0 0, L_0x64a3fe558ed0;  alias, 1 drivers
S_0x64a3fe556cf0 .scope module, "nand_gate" "Nand" 5 7, 4 1 0, S_0x64a3fe556ad0;
 .timescale 0 0;
    .port_info 0 /INPUT 1 "in_a";
    .port_info 1 /INPUT 1 "in_b";
    .port_info 2 /OUTPUT 1 "out";
L_0x64a3fe558ed0 .functor NAND 1, L_0x64a3fe558e20, L_0x64a3fe558e20, C4<1>, C4<1>;
v0x64a3fe556f60_0 .net "in_a", 0 0, L_0x64a3fe558e20;  alias, 1 drivers
v0x64a3fe557020_0 .net "in_b", 0 0, L_0x64a3fe558e20;  alias, 1 drivers
v0x64a3fe557170_0 .net "out", 0 0, L_0x64a3fe558ed0;  alias, 1 drivers
# The file index is used to find the file name in the following table.
:file_names 7;
    "N/A";
    "<interactive>";
    "Mux/src/Mux.vh";
    "./And/src/And.vh";
    "./Nand/src/Nand.vh";
    "./Not/src/Not.vh";
    "./Or/src/Or.vh";
