#! /usr/bin/vvp
:ivl_version "11.0 (stable)";
:ivl_delay_selection "TYPICAL";
:vpi_time_precision + 0;
:vpi_module "/usr/lib/x86_64-linux-gnu/ivl/system.vpi";
:vpi_module "/usr/lib/x86_64-linux-gnu/ivl/vhdl_sys.vpi";
:vpi_module "/usr/lib/x86_64-linux-gnu/ivl/vhdl_textio.vpi";
:vpi_module "/usr/lib/x86_64-linux-gnu/ivl/v2005_math.vpi";
:vpi_module "/usr/lib/x86_64-linux-gnu/ivl/va_math.vpi";
S_0x5e018ae98560 .scope module, "DMux" "DMux" 2 3;
 .timescale 0 0;
    .port_info 0 /INPUT 1 "in";
    .port_info 1 /OUTPUT 1 "out_a";
    .port_info 2 /OUTPUT 1 "out_b";
    .port_info 3 /INPUT 1 "sel";
o0x797e98449018 .functor BUFZ 1, C4<z>; HiZ drive
v0x5e018aebb340_0 .net "in", 0 0, o0x797e98449018;  0 drivers
v0x5e018aebb470_0 .net "out_a", 0 0, L_0x5e018aec1830;  1 drivers
v0x5e018aebb530_0 .net "out_b", 0 0, L_0x5e018aec1b30;  1 drivers
o0x797e984492e8 .functor BUFZ 1, C4<z>; HiZ drive
v0x5e018aebb5d0_0 .net "sel", 0 0, o0x797e984492e8;  0 drivers
v0x5e018aebb670_0 .net "sel_out", 0 0, L_0x5e018aec16f0;  1 drivers
S_0x5e018ae5acf0 .scope module, "and_gate" "And" 2 9, 3 3 0, S_0x5e018ae98560;
 .timescale 0 0;
    .port_info 0 /INPUT 1 "in_a";
    .port_info 1 /INPUT 1 "in_b";
    .port_info 2 /OUTPUT 1 "out";
v0x5e018aeb9350_0 .net "in_a", 0 0, o0x797e98449018;  alias, 0 drivers
v0x5e018aeb9420_0 .net "in_b", 0 0, L_0x5e018aec16f0;  alias, 1 drivers
v0x5e018aeb94f0_0 .net "out", 0 0, L_0x5e018aec1830;  alias, 1 drivers
v0x5e018aeb9610_0 .net "temp_out", 0 0, L_0x5e018aec1780;  1 drivers
S_0x5e018ae5af20 .scope module, "nand_gate" "Nand" 3 8, 4 1 0, S_0x5e018ae5acf0;
 .timescale 0 0;
    .port_info 0 /INPUT 1 "in_a";
    .port_info 1 /INPUT 1 "in_b";
    .port_info 2 /OUTPUT 1 "out";
L_0x5e018aec1780 .functor NAND 1, o0x797e98449018, L_0x5e018aec16f0, C4<1>, C4<1>;
v0x5e018ae993b0_0 .net "in_a", 0 0, o0x797e98449018;  alias, 0 drivers
v0x5e018ae96a90_0 .net "in_b", 0 0, L_0x5e018aec16f0;  alias, 1 drivers
v0x5e018aeb8920_0 .net "out", 0 0, L_0x5e018aec1780;  alias, 1 drivers
S_0x5e018aeb8a70 .scope module, "not_gate" "Not" 3 9, 5 3 0, S_0x5e018ae5acf0;
 .timescale 0 0;
    .port_info 0 /INPUT 1 "in_a";
    .port_info 1 /OUTPUT 1 "out";
v0x5e018aeb91a0_0 .net "in_a", 0 0, L_0x5e018aec1780;  alias, 1 drivers
v0x5e018aeb9240_0 .net "out", 0 0, L_0x5e018aec1830;  alias, 1 drivers
S_0x5e018aeb8c50 .scope module, "nand_gate" "Nand" 5 7, 4 1 0, S_0x5e018aeb8a70;
 .timescale 0 0;
    .port_info 0 /INPUT 1 "in_a";
    .port_info 1 /INPUT 1 "in_b";
    .port_info 2 /OUTPUT 1 "out";
L_0x5e018aec1830 .functor NAND 1, L_0x5e018aec1780, L_0x5e018aec1780, C4<1>, C4<1>;
v0x5e018aeb8ec0_0 .net "in_a", 0 0, L_0x5e018aec1780;  alias, 1 drivers
v0x5e018aeb8fb0_0 .net "in_b", 0 0, L_0x5e018aec1780;  alias, 1 drivers
v0x5e018aeb90a0_0 .net "out", 0 0, L_0x5e018aec1830;  alias, 1 drivers
S_0x5e018aeb96d0 .scope module, "and_gate3" "And" 2 10, 3 3 0, S_0x5e018ae98560;
 .timescale 0 0;
    .port_info 0 /INPUT 1 "in_a";
    .port_info 1 /INPUT 1 "in_b";
    .port_info 2 /OUTPUT 1 "out";
v0x5e018aeba6c0_0 .net "in_a", 0 0, o0x797e98449018;  alias, 0 drivers
v0x5e018aeba760_0 .net "in_b", 0 0, o0x797e984492e8;  alias, 0 drivers
v0x5e018aeba850_0 .net "out", 0 0, L_0x5e018aec1b30;  alias, 1 drivers
v0x5e018aeba970_0 .net "temp_out", 0 0, L_0x5e018aec1970;  1 drivers
S_0x5e018aeb98b0 .scope module, "nand_gate" "Nand" 3 8, 4 1 0, S_0x5e018aeb96d0;
 .timescale 0 0;
    .port_info 0 /INPUT 1 "in_a";
    .port_info 1 /INPUT 1 "in_b";
    .port_info 2 /OUTPUT 1 "out";
L_0x5e018aec1970 .functor NAND 1, o0x797e98449018, o0x797e984492e8, C4<1>, C4<1>;
v0x5e018aeb9b20_0 .net "in_a", 0 0, o0x797e98449018;  alias, 0 drivers
v0x5e018aeb9c30_0 .net "in_b", 0 0, o0x797e984492e8;  alias, 0 drivers
v0x5e018aeb9cf0_0 .net "out", 0 0, L_0x5e018aec1970;  alias, 1 drivers
S_0x5e018aeb9e10 .scope module, "not_gate" "Not" 3 9, 5 3 0, S_0x5e018aeb96d0;
 .timescale 0 0;
    .port_info 0 /INPUT 1 "in_a";
    .port_info 1 /OUTPUT 1 "out";
v0x5e018aeba510_0 .net "in_a", 0 0, L_0x5e018aec1970;  alias, 1 drivers
v0x5e018aeba5b0_0 .net "out", 0 0, L_0x5e018aec1b30;  alias, 1 drivers
S_0x5e018aeb9ff0 .scope module, "nand_gate" "Nand" 5 7, 4 1 0, S_0x5e018aeb9e10;
 .timescale 0 0;
    .port_info 0 /INPUT 1 "in_a";
    .port_info 1 /INPUT 1 "in_b";
    .port_info 2 /OUTPUT 1 "out";
L_0x5e018aec1b30 .functor NAND 1, L_0x5e018aec1970, L_0x5e018aec1970, C4<1>, C4<1>;
v0x5e018aeba260_0 .net "in_a", 0 0, L_0x5e018aec1970;  alias, 1 drivers
v0x5e018aeba320_0 .net "in_b", 0 0, L_0x5e018aec1970;  alias, 1 drivers
v0x5e018aeba410_0 .net "out", 0 0, L_0x5e018aec1b30;  alias, 1 drivers
S_0x5e018aebaa30 .scope module, "not_gate2" "Not" 2 8, 5 3 0, S_0x5e018ae98560;
 .timescale 0 0;
    .port_info 0 /INPUT 1 "in_a";
    .port_info 1 /OUTPUT 1 "out";
v0x5e018aebb110_0 .net "in_a", 0 0, o0x797e984492e8;  alias, 0 drivers
v0x5e018aebb240_0 .net "out", 0 0, L_0x5e018aec16f0;  alias, 1 drivers
S_0x5e018aebabc0 .scope module, "nand_gate" "Nand" 5 7, 4 1 0, S_0x5e018aebaa30;
 .timescale 0 0;
    .port_info 0 /INPUT 1 "in_a";
    .port_info 1 /INPUT 1 "in_b";
    .port_info 2 /OUTPUT 1 "out";
L_0x5e018aec16f0 .functor NAND 1, o0x797e984492e8, o0x797e984492e8, C4<1>, C4<1>;
v0x5e018aebae10_0 .net "in_a", 0 0, o0x797e984492e8;  alias, 0 drivers
v0x5e018aebaf20_0 .net "in_b", 0 0, o0x797e984492e8;  alias, 0 drivers
v0x5e018aebafe0_0 .net "out", 0 0, L_0x5e018aec16f0;  alias, 1 drivers
S_0x5e018ae98760 .scope module, "Or" "Or" 6 3;
 .timescale 0 0;
    .port_info 0 /INPUT 1 "in_a";
    .port_info 1 /INPUT 1 "in_b";
    .port_info 2 /OUTPUT 1 "out";
v0x5e018aec0f20_0 .net "branch1_out", 0 0, L_0x5e018aec1d40;  1 drivers
v0x5e018aec1050_0 .net "branch2_out", 0 0, L_0x5e018aec2060;  1 drivers
o0x797e98449738 .functor BUFZ 1, C4<z>; HiZ drive
v0x5e018aec11a0_0 .net "in_a", 0 0, o0x797e98449738;  0 drivers
o0x797e984499d8 .functor BUFZ 1, C4<z>; HiZ drive
v0x5e018aec1300_0 .net "in_b", 0 0, o0x797e984499d8;  0 drivers
v0x5e018aec1430_0 .net "out", 0 0, L_0x5e018aec2380;  1 drivers
v0x5e018aec14d0_0 .net "temp1_out", 0 0, L_0x5e018aec1c90;  1 drivers
v0x5e018aec1570_0 .net "temp2_out", 0 0, L_0x5e018aec1fb0;  1 drivers
v0x5e018aec1610_0 .net "temp3_out", 0 0, L_0x5e018aec22d0;  1 drivers
S_0x5e018aebb7e0 .scope module, "and_gate" "And" 6 9, 3 3 0, S_0x5e018ae98760;
 .timescale 0 0;
    .port_info 0 /INPUT 1 "in_a";
    .port_info 1 /INPUT 1 "in_b";
    .port_info 2 /OUTPUT 1 "out";
v0x5e018aebc7b0_0 .net "in_a", 0 0, o0x797e98449738;  alias, 0 drivers
v0x5e018aebc8a0_0 .net "in_b", 0 0, o0x797e98449738;  alias, 0 drivers
v0x5e018aebc960_0 .net "out", 0 0, L_0x5e018aec1c90;  alias, 1 drivers
v0x5e018aebca50_0 .net "temp_out", 0 0, L_0x5e018aec1be0;  1 drivers
S_0x5e018aebb9b0 .scope module, "nand_gate" "Nand" 3 8, 4 1 0, S_0x5e018aebb7e0;
 .timescale 0 0;
    .port_info 0 /INPUT 1 "in_a";
    .port_info 1 /INPUT 1 "in_b";
    .port_info 2 /OUTPUT 1 "out";
L_0x5e018aec1be0 .functor NAND 1, o0x797e98449738, o0x797e98449738, C4<1>, C4<1>;
v0x5e018aebbc20_0 .net "in_a", 0 0, o0x797e98449738;  alias, 0 drivers
v0x5e018aebbd00_0 .net "in_b", 0 0, o0x797e98449738;  alias, 0 drivers
v0x5e018aebbdc0_0 .net "out", 0 0, L_0x5e018aec1be0;  alias, 1 drivers
S_0x5e018aebbed0 .scope module, "not_gate" "Not" 3 9, 5 3 0, S_0x5e018aebb7e0;
 .timescale 0 0;
    .port_info 0 /INPUT 1 "in_a";
    .port_info 1 /OUTPUT 1 "out";
v0x5e018aebc600_0 .net "in_a", 0 0, L_0x5e018aec1be0;  alias, 1 drivers
v0x5e018aebc6a0_0 .net "out", 0 0, L_0x5e018aec1c90;  alias, 1 drivers
S_0x5e018aebc0b0 .scope module, "nand_gate" "Nand" 5 7, 4 1 0, S_0x5e018aebbed0;
 .timescale 0 0;
    .port_info 0 /INPUT 1 "in_a";
    .port_info 1 /INPUT 1 "in_b";
    .port_info 2 /OUTPUT 1 "out";
L_0x5e018aec1c90 .functor NAND 1, L_0x5e018aec1be0, L_0x5e018aec1be0, C4<1>, C4<1>;
v0x5e018aebc320_0 .net "in_a", 0 0, L_0x5e018aec1be0;  alias, 1 drivers
v0x5e018aebc410_0 .net "in_b", 0 0, L_0x5e018aec1be0;  alias, 1 drivers
v0x5e018aebc500_0 .net "out", 0 0, L_0x5e018aec1c90;  alias, 1 drivers
S_0x5e018aebcbc0 .scope module, "and_gate2" "And" 6 13, 3 3 0, S_0x5e018ae98760;
 .timescale 0 0;
    .port_info 0 /INPUT 1 "in_a";
    .port_info 1 /INPUT 1 "in_b";
    .port_info 2 /OUTPUT 1 "out";
v0x5e018aebdba0_0 .net "in_a", 0 0, o0x797e984499d8;  alias, 0 drivers
v0x5e018aebdc90_0 .net "in_b", 0 0, o0x797e984499d8;  alias, 0 drivers
v0x5e018aebdd50_0 .net "out", 0 0, L_0x5e018aec1fb0;  alias, 1 drivers
v0x5e018aebde40_0 .net "temp_out", 0 0, L_0x5e018aec1f00;  1 drivers
S_0x5e018aebcda0 .scope module, "nand_gate" "Nand" 3 8, 4 1 0, S_0x5e018aebcbc0;
 .timescale 0 0;
    .port_info 0 /INPUT 1 "in_a";
    .port_info 1 /INPUT 1 "in_b";
    .port_info 2 /OUTPUT 1 "out";
L_0x5e018aec1f00 .functor NAND 1, o0x797e984499d8, o0x797e984499d8, C4<1>, C4<1>;
v0x5e018aebd010_0 .net "in_a", 0 0, o0x797e984499d8;  alias, 0 drivers
v0x5e018aebd0f0_0 .net "in_b", 0 0, o0x797e984499d8;  alias, 0 drivers
v0x5e018aebd1b0_0 .net "out", 0 0, L_0x5e018aec1f00;  alias, 1 drivers
S_0x5e018aebd2c0 .scope module, "not_gate" "Not" 3 9, 5 3 0, S_0x5e018aebcbc0;
 .timescale 0 0;
    .port_info 0 /INPUT 1 "in_a";
    .port_info 1 /OUTPUT 1 "out";
v0x5e018aebd9f0_0 .net "in_a", 0 0, L_0x5e018aec1f00;  alias, 1 drivers
v0x5e018aebda90_0 .net "out", 0 0, L_0x5e018aec1fb0;  alias, 1 drivers
S_0x5e018aebd4a0 .scope module, "nand_gate" "Nand" 5 7, 4 1 0, S_0x5e018aebd2c0;
 .timescale 0 0;
    .port_info 0 /INPUT 1 "in_a";
    .port_info 1 /INPUT 1 "in_b";
    .port_info 2 /OUTPUT 1 "out";
L_0x5e018aec1fb0 .functor NAND 1, L_0x5e018aec1f00, L_0x5e018aec1f00, C4<1>, C4<1>;
v0x5e018aebd710_0 .net "in_a", 0 0, L_0x5e018aec1f00;  alias, 1 drivers
v0x5e018aebd800_0 .net "in_b", 0 0, L_0x5e018aec1f00;  alias, 1 drivers
v0x5e018aebd8f0_0 .net "out", 0 0, L_0x5e018aec1fb0;  alias, 1 drivers
S_0x5e018aebdfb0 .scope module, "and_gate3" "And" 6 17, 3 3 0, S_0x5e018ae98760;
 .timescale 0 0;
    .port_info 0 /INPUT 1 "in_a";
    .port_info 1 /INPUT 1 "in_b";
    .port_info 2 /OUTPUT 1 "out";
v0x5e018aebefb0_0 .net "in_a", 0 0, L_0x5e018aec1d40;  alias, 1 drivers
v0x5e018aebf080_0 .net "in_b", 0 0, L_0x5e018aec2060;  alias, 1 drivers
v0x5e018aebf150_0 .net "out", 0 0, L_0x5e018aec22d0;  alias, 1 drivers
v0x5e018aebf270_0 .net "temp_out", 0 0, L_0x5e018aec2220;  1 drivers
S_0x5e018aebe190 .scope module, "nand_gate" "Nand" 3 8, 4 1 0, S_0x5e018aebdfb0;
 .timescale 0 0;
    .port_info 0 /INPUT 1 "in_a";
    .port_info 1 /INPUT 1 "in_b";
    .port_info 2 /OUTPUT 1 "out";
L_0x5e018aec2220 .functor NAND 1, L_0x5e018aec1d40, L_0x5e018aec2060, C4<1>, C4<1>;
v0x5e018aebe3e0_0 .net "in_a", 0 0, L_0x5e018aec1d40;  alias, 1 drivers
v0x5e018aebe4c0_0 .net "in_b", 0 0, L_0x5e018aec2060;  alias, 1 drivers
v0x5e018aebe580_0 .net "out", 0 0, L_0x5e018aec2220;  alias, 1 drivers
S_0x5e018aebe6d0 .scope module, "not_gate" "Not" 3 9, 5 3 0, S_0x5e018aebdfb0;
 .timescale 0 0;
    .port_info 0 /INPUT 1 "in_a";
    .port_info 1 /OUTPUT 1 "out";
v0x5e018aebee00_0 .net "in_a", 0 0, L_0x5e018aec2220;  alias, 1 drivers
v0x5e018aebeea0_0 .net "out", 0 0, L_0x5e018aec22d0;  alias, 1 drivers
S_0x5e018aebe8b0 .scope module, "nand_gate" "Nand" 5 7, 4 1 0, S_0x5e018aebe6d0;
 .timescale 0 0;
    .port_info 0 /INPUT 1 "in_a";
    .port_info 1 /INPUT 1 "in_b";
    .port_info 2 /OUTPUT 1 "out";
L_0x5e018aec22d0 .functor NAND 1, L_0x5e018aec2220, L_0x5e018aec2220, C4<1>, C4<1>;
v0x5e018aebeb20_0 .net "in_a", 0 0, L_0x5e018aec2220;  alias, 1 drivers
v0x5e018aebec10_0 .net "in_b", 0 0, L_0x5e018aec2220;  alias, 1 drivers
v0x5e018aebed00_0 .net "out", 0 0, L_0x5e018aec22d0;  alias, 1 drivers
S_0x5e018aebf3c0 .scope module, "not_gate" "Not" 6 10, 5 3 0, S_0x5e018ae98760;
 .timescale 0 0;
    .port_info 0 /INPUT 1 "in_a";
    .port_info 1 /OUTPUT 1 "out";
v0x5e018aebfaf0_0 .net "in_a", 0 0, L_0x5e018aec1c90;  alias, 1 drivers
v0x5e018aebfb90_0 .net "out", 0 0, L_0x5e018aec1d40;  alias, 1 drivers
S_0x5e018aebf590 .scope module, "nand_gate" "Nand" 5 7, 4 1 0, S_0x5e018aebf3c0;
 .timescale 0 0;
    .port_info 0 /INPUT 1 "in_a";
    .port_info 1 /INPUT 1 "in_b";
    .port_info 2 /OUTPUT 1 "out";
L_0x5e018aec1d40 .functor NAND 1, L_0x5e018aec1c90, L_0x5e018aec1c90, C4<1>, C4<1>;
v0x5e018aebf800_0 .net "in_a", 0 0, L_0x5e018aec1c90;  alias, 1 drivers
v0x5e018aebf8c0_0 .net "in_b", 0 0, L_0x5e018aec1c90;  alias, 1 drivers
v0x5e018aebfa10_0 .net "out", 0 0, L_0x5e018aec1d40;  alias, 1 drivers
S_0x5e018aebfc90 .scope module, "not_gate2" "Not" 6 14, 5 3 0, S_0x5e018ae98760;
 .timescale 0 0;
    .port_info 0 /INPUT 1 "in_a";
    .port_info 1 /OUTPUT 1 "out";
v0x5e018aec0460_0 .net "in_a", 0 0, L_0x5e018aec1fb0;  alias, 1 drivers
v0x5e018aec0500_0 .net "out", 0 0, L_0x5e018aec2060;  alias, 1 drivers
S_0x5e018aebff00 .scope module, "nand_gate" "Nand" 5 7, 4 1 0, S_0x5e018aebfc90;
 .timescale 0 0;
    .port_info 0 /INPUT 1 "in_a";
    .port_info 1 /INPUT 1 "in_b";
    .port_info 2 /OUTPUT 1 "out";
L_0x5e018aec2060 .functor NAND 1, L_0x5e018aec1fb0, L_0x5e018aec1fb0, C4<1>, C4<1>;
v0x5e018aec0170_0 .net "in_a", 0 0, L_0x5e018aec1fb0;  alias, 1 drivers
v0x5e018aec0230_0 .net "in_b", 0 0, L_0x5e018aec1fb0;  alias, 1 drivers
v0x5e018aec0380_0 .net "out", 0 0, L_0x5e018aec2060;  alias, 1 drivers
S_0x5e018aec0600 .scope module, "not_gate3" "Not" 6 18, 5 3 0, S_0x5e018ae98760;
 .timescale 0 0;
    .port_info 0 /INPUT 1 "in_a";
    .port_info 1 /OUTPUT 1 "out";
v0x5e018aec0da0_0 .net "in_a", 0 0, L_0x5e018aec22d0;  alias, 1 drivers
v0x5e018aec0e40_0 .net "out", 0 0, L_0x5e018aec2380;  alias, 1 drivers
S_0x5e018aec0820 .scope module, "nand_gate" "Nand" 5 7, 4 1 0, S_0x5e018aec0600;
 .timescale 0 0;
    .port_info 0 /INPUT 1 "in_a";
    .port_info 1 /INPUT 1 "in_b";
    .port_info 2 /OUTPUT 1 "out";
L_0x5e018aec2380 .functor NAND 1, L_0x5e018aec22d0, L_0x5e018aec22d0, C4<1>, C4<1>;
v0x5e018aec0a90_0 .net "in_a", 0 0, L_0x5e018aec22d0;  alias, 1 drivers
v0x5e018aec0b50_0 .net "in_b", 0 0, L_0x5e018aec22d0;  alias, 1 drivers
v0x5e018aec0ca0_0 .net "out", 0 0, L_0x5e018aec2380;  alias, 1 drivers
# The file index is used to find the file name in the following table.
:file_names 7;
    "N/A";
    "<interactive>";
    "DMux/src/DMux.vh";
    "./And/src/And.vh";
    "./Nand/src/Nand.vh";
    "./Not/src/Not.vh";
    "./Or/src/Or.vh";
