#! /usr/bin/vvp
:ivl_version "11.0 (stable)";
:ivl_delay_selection "TYPICAL";
:vpi_time_precision + 0;
:vpi_module "/usr/lib/x86_64-linux-gnu/ivl/system.vpi";
:vpi_module "/usr/lib/x86_64-linux-gnu/ivl/vhdl_sys.vpi";
:vpi_module "/usr/lib/x86_64-linux-gnu/ivl/vhdl_textio.vpi";
:vpi_module "/usr/lib/x86_64-linux-gnu/ivl/v2005_math.vpi";
:vpi_module "/usr/lib/x86_64-linux-gnu/ivl/va_math.vpi";
S_0x57cad0f0d4d0 .scope module, "And16" "And16" 2 3;
 .timescale 0 0;
    .port_info 0 /INPUT 16 "in_a";
    .port_info 1 /INPUT 16 "in_b";
    .port_info 2 /OUTPUT 16 "out";
o0x792ecb4774d8 .functor BUFZ 16, C4<zzzzzzzzzzzzzzzz>; HiZ drive
v0x57cad0f39140_0 .net "in_a", 15 0, o0x792ecb4774d8;  0 drivers
o0x792ecb477508 .functor BUFZ 16, C4<zzzzzzzzzzzzzzzz>; HiZ drive
v0x57cad0f39220_0 .net "in_b", 15 0, o0x792ecb477508;  0 drivers
v0x57cad0f39300_0 .net "out", 15 0, L_0x57cad0f40550;  1 drivers
v0x57cad0f39400_0 .net/s "temp_out", 15 0, L_0x57cad0f3ccc0;  1 drivers
L_0x57cad0f39630 .part o0x792ecb4774d8, 0, 1;
L_0x57cad0f39720 .part o0x792ecb477508, 0, 1;
L_0x57cad0f39910 .part o0x792ecb4774d8, 1, 1;
L_0x57cad0f39a50 .part o0x792ecb477508, 1, 1;
L_0x57cad0f39c30 .part o0x792ecb4774d8, 2, 1;
L_0x57cad0f39d20 .part o0x792ecb477508, 2, 1;
L_0x57cad0f39ec0 .part o0x792ecb4774d8, 3, 1;
L_0x57cad0f3a040 .part o0x792ecb477508, 3, 1;
L_0x57cad0f3a230 .part o0x792ecb4774d8, 4, 1;
L_0x57cad0f3a2d0 .part o0x792ecb477508, 4, 1;
L_0x57cad0f3a4c0 .part o0x792ecb4774d8, 5, 1;
L_0x57cad0f3a560 .part o0x792ecb477508, 5, 1;
L_0x57cad0f3a760 .part o0x792ecb4774d8, 6, 1;
L_0x57cad0f3a850 .part o0x792ecb477508, 6, 1;
L_0x57cad0f3a9f0 .part o0x792ecb4774d8, 7, 1;
L_0x57cad0f3abf0 .part o0x792ecb477508, 7, 1;
L_0x57cad0f3af20 .part o0x792ecb4774d8, 8, 1;
L_0x57cad0f3b010 .part o0x792ecb477508, 8, 1;
L_0x57cad0f3b240 .part o0x792ecb4774d8, 9, 1;
L_0x57cad0f3b330 .part o0x792ecb477508, 9, 1;
L_0x57cad0f3b100 .part o0x792ecb4774d8, 10, 1;
L_0x57cad0f3b5c0 .part o0x792ecb477508, 10, 1;
L_0x57cad0f3b810 .part o0x792ecb4774d8, 11, 1;
L_0x57cad0f3b900 .part o0x792ecb477508, 11, 1;
L_0x57cad0f3bb60 .part o0x792ecb4774d8, 12, 1;
L_0x57cad0f3bc50 .part o0x792ecb477508, 12, 1;
L_0x57cad0f3bec0 .part o0x792ecb4774d8, 13, 1;
L_0x57cad0f3bfb0 .part o0x792ecb477508, 13, 1;
L_0x57cad0f3c230 .part o0x792ecb4774d8, 14, 1;
L_0x57cad0f3c320 .part o0x792ecb477508, 14, 1;
L_0x57cad0f3c5b0 .part o0x792ecb4774d8, 15, 1;
L_0x57cad0f3c8b0 .part o0x792ecb477508, 15, 1;
LS_0x57cad0f3ccc0_0_0 .concat8 [ 1 1 1 1], L_0x57cad0f39530, L_0x57cad0f39810, L_0x57cad0f39bc0, L_0x57cad0f39e50;
LS_0x57cad0f3ccc0_0_4 .concat8 [ 1 1 1 1], L_0x57cad0f3a1c0, L_0x57cad0f3a420, L_0x57cad0f3a6c0, L_0x57cad0f3a650;
LS_0x57cad0f3ccc0_0_8 .concat8 [ 1 1 1 1], L_0x57cad0f3ae80, L_0x57cad0f3b1a0, L_0x57cad0f3b4d0, L_0x57cad0f3b770;
LS_0x57cad0f3ccc0_0_12 .concat8 [ 1 1 1 1], L_0x57cad0f3bac0, L_0x57cad0f3be20, L_0x57cad0f3c190, L_0x57cad0f3c510;
L_0x57cad0f3ccc0 .concat8 [ 4 4 4 4], LS_0x57cad0f3ccc0_0_0, LS_0x57cad0f3ccc0_0_4, LS_0x57cad0f3ccc0_0_8, LS_0x57cad0f3ccc0_0_12;
S_0x57cad0f0c7e0 .scope module, "nand_gate0" "Nand" 2 6, 3 1 0, S_0x57cad0f0d4d0;
 .timescale 0 0;
    .port_info 0 /INPUT 1 "in_a";
    .port_info 1 /INPUT 1 "in_b";
    .port_info 2 /OUTPUT 1 "out";
L_0x57cad0f39530 .functor NAND 1, L_0x57cad0f39630, L_0x57cad0f39720, C4<1>, C4<1>;
v0x57cad0f13490_0 .net "in_a", 0 0, L_0x57cad0f39630;  1 drivers
v0x57cad0f127a0_0 .net "in_b", 0 0, L_0x57cad0f39720;  1 drivers
v0x57cad0f11ab0_0 .net "out", 0 0, L_0x57cad0f39530;  1 drivers
S_0x57cad0f2f1d0 .scope module, "nand_gate1" "Nand" 2 7, 3 1 0, S_0x57cad0f0d4d0;
 .timescale 0 0;
    .port_info 0 /INPUT 1 "in_a";
    .port_info 1 /INPUT 1 "in_b";
    .port_info 2 /OUTPUT 1 "out";
L_0x57cad0f39810 .functor NAND 1, L_0x57cad0f39910, L_0x57cad0f39a50, C4<1>, C4<1>;
v0x57cad0f10dc0_0 .net "in_a", 0 0, L_0x57cad0f39910;  1 drivers
v0x57cad0f10210_0 .net "in_b", 0 0, L_0x57cad0f39a50;  1 drivers
v0x57cad0f02330_0 .net "out", 0 0, L_0x57cad0f39810;  1 drivers
S_0x57cad0f2f440 .scope module, "nand_gate10" "Nand" 2 16, 3 1 0, S_0x57cad0f0d4d0;
 .timescale 0 0;
    .port_info 0 /INPUT 1 "in_a";
    .port_info 1 /INPUT 1 "in_b";
    .port_info 2 /OUTPUT 1 "out";
L_0x57cad0f3b4d0 .functor NAND 1, L_0x57cad0f3b100, L_0x57cad0f3b5c0, C4<1>, C4<1>;
v0x57cad0f05720_0 .net "in_a", 0 0, L_0x57cad0f3b100;  1 drivers
v0x57cad0f2f5f0_0 .net "in_b", 0 0, L_0x57cad0f3b5c0;  1 drivers
v0x57cad0f2f6b0_0 .net "out", 0 0, L_0x57cad0f3b4d0;  1 drivers
S_0x57cad0f2f7d0 .scope module, "nand_gate11" "Nand" 2 17, 3 1 0, S_0x57cad0f0d4d0;
 .timescale 0 0;
    .port_info 0 /INPUT 1 "in_a";
    .port_info 1 /INPUT 1 "in_b";
    .port_info 2 /OUTPUT 1 "out";
L_0x57cad0f3b770 .functor NAND 1, L_0x57cad0f3b810, L_0x57cad0f3b900, C4<1>, C4<1>;
v0x57cad0f2fa00_0 .net "in_a", 0 0, L_0x57cad0f3b810;  1 drivers
v0x57cad0f2fae0_0 .net "in_b", 0 0, L_0x57cad0f3b900;  1 drivers
v0x57cad0f2fba0_0 .net "out", 0 0, L_0x57cad0f3b770;  1 drivers
S_0x57cad0f2fcc0 .scope module, "nand_gate12" "Nand" 2 18, 3 1 0, S_0x57cad0f0d4d0;
 .timescale 0 0;
    .port_info 0 /INPUT 1 "in_a";
    .port_info 1 /INPUT 1 "in_b";
    .port_info 2 /OUTPUT 1 "out";
L_0x57cad0f3bac0 .functor NAND 1, L_0x57cad0f3bb60, L_0x57cad0f3bc50, C4<1>, C4<1>;
v0x57cad0f2ff40_0 .net "in_a", 0 0, L_0x57cad0f3bb60;  1 drivers
v0x57cad0f30020_0 .net "in_b", 0 0, L_0x57cad0f3bc50;  1 drivers
v0x57cad0f300e0_0 .net "out", 0 0, L_0x57cad0f3bac0;  1 drivers
S_0x57cad0f30200 .scope module, "nand_gate13" "Nand" 2 19, 3 1 0, S_0x57cad0f0d4d0;
 .timescale 0 0;
    .port_info 0 /INPUT 1 "in_a";
    .port_info 1 /INPUT 1 "in_b";
    .port_info 2 /OUTPUT 1 "out";
L_0x57cad0f3be20 .functor NAND 1, L_0x57cad0f3bec0, L_0x57cad0f3bfb0, C4<1>, C4<1>;
v0x57cad0f30430_0 .net "in_a", 0 0, L_0x57cad0f3bec0;  1 drivers
v0x57cad0f30510_0 .net "in_b", 0 0, L_0x57cad0f3bfb0;  1 drivers
v0x57cad0f305d0_0 .net "out", 0 0, L_0x57cad0f3be20;  1 drivers
S_0x57cad0f30720 .scope module, "nand_gate14" "Nand" 2 20, 3 1 0, S_0x57cad0f0d4d0;
 .timescale 0 0;
    .port_info 0 /INPUT 1 "in_a";
    .port_info 1 /INPUT 1 "in_b";
    .port_info 2 /OUTPUT 1 "out";
L_0x57cad0f3c190 .functor NAND 1, L_0x57cad0f3c230, L_0x57cad0f3c320, C4<1>, C4<1>;
v0x57cad0f30950_0 .net "in_a", 0 0, L_0x57cad0f3c230;  1 drivers
v0x57cad0f30a30_0 .net "in_b", 0 0, L_0x57cad0f3c320;  1 drivers
v0x57cad0f30af0_0 .net "out", 0 0, L_0x57cad0f3c190;  1 drivers
S_0x57cad0f30c40 .scope module, "nand_gate15" "Nand" 2 21, 3 1 0, S_0x57cad0f0d4d0;
 .timescale 0 0;
    .port_info 0 /INPUT 1 "in_a";
    .port_info 1 /INPUT 1 "in_b";
    .port_info 2 /OUTPUT 1 "out";
L_0x57cad0f3c510 .functor NAND 1, L_0x57cad0f3c5b0, L_0x57cad0f3c8b0, C4<1>, C4<1>;
v0x57cad0f30e70_0 .net "in_a", 0 0, L_0x57cad0f3c5b0;  1 drivers
v0x57cad0f30f50_0 .net "in_b", 0 0, L_0x57cad0f3c8b0;  1 drivers
v0x57cad0f31010_0 .net "out", 0 0, L_0x57cad0f3c510;  1 drivers
S_0x57cad0f31160 .scope module, "nand_gate2" "Nand" 2 8, 3 1 0, S_0x57cad0f0d4d0;
 .timescale 0 0;
    .port_info 0 /INPUT 1 "in_a";
    .port_info 1 /INPUT 1 "in_b";
    .port_info 2 /OUTPUT 1 "out";
L_0x57cad0f39bc0 .functor NAND 1, L_0x57cad0f39c30, L_0x57cad0f39d20, C4<1>, C4<1>;
v0x57cad0f31340_0 .net "in_a", 0 0, L_0x57cad0f39c30;  1 drivers
v0x57cad0f31420_0 .net "in_b", 0 0, L_0x57cad0f39d20;  1 drivers
v0x57cad0f314e0_0 .net "out", 0 0, L_0x57cad0f39bc0;  1 drivers
S_0x57cad0f31630 .scope module, "nand_gate3" "Nand" 2 9, 3 1 0, S_0x57cad0f0d4d0;
 .timescale 0 0;
    .port_info 0 /INPUT 1 "in_a";
    .port_info 1 /INPUT 1 "in_b";
    .port_info 2 /OUTPUT 1 "out";
L_0x57cad0f39e50 .functor NAND 1, L_0x57cad0f39ec0, L_0x57cad0f3a040, C4<1>, C4<1>;
v0x57cad0f31860_0 .net "in_a", 0 0, L_0x57cad0f39ec0;  1 drivers
v0x57cad0f31940_0 .net "in_b", 0 0, L_0x57cad0f3a040;  1 drivers
v0x57cad0f31a00_0 .net "out", 0 0, L_0x57cad0f39e50;  1 drivers
S_0x57cad0f31b50 .scope module, "nand_gate4" "Nand" 2 10, 3 1 0, S_0x57cad0f0d4d0;
 .timescale 0 0;
    .port_info 0 /INPUT 1 "in_a";
    .port_info 1 /INPUT 1 "in_b";
    .port_info 2 /OUTPUT 1 "out";
L_0x57cad0f3a1c0 .functor NAND 1, L_0x57cad0f3a230, L_0x57cad0f3a2d0, C4<1>, C4<1>;
v0x57cad0f31d80_0 .net "in_a", 0 0, L_0x57cad0f3a230;  1 drivers
v0x57cad0f31e60_0 .net "in_b", 0 0, L_0x57cad0f3a2d0;  1 drivers
v0x57cad0f31f20_0 .net "out", 0 0, L_0x57cad0f3a1c0;  1 drivers
S_0x57cad0f32070 .scope module, "nand_gate5" "Nand" 2 11, 3 1 0, S_0x57cad0f0d4d0;
 .timescale 0 0;
    .port_info 0 /INPUT 1 "in_a";
    .port_info 1 /INPUT 1 "in_b";
    .port_info 2 /OUTPUT 1 "out";
L_0x57cad0f3a420 .functor NAND 1, L_0x57cad0f3a4c0, L_0x57cad0f3a560, C4<1>, C4<1>;
v0x57cad0f322a0_0 .net "in_a", 0 0, L_0x57cad0f3a4c0;  1 drivers
v0x57cad0f32380_0 .net "in_b", 0 0, L_0x57cad0f3a560;  1 drivers
v0x57cad0f32440_0 .net "out", 0 0, L_0x57cad0f3a420;  1 drivers
S_0x57cad0f32590 .scope module, "nand_gate6" "Nand" 2 12, 3 1 0, S_0x57cad0f0d4d0;
 .timescale 0 0;
    .port_info 0 /INPUT 1 "in_a";
    .port_info 1 /INPUT 1 "in_b";
    .port_info 2 /OUTPUT 1 "out";
L_0x57cad0f3a6c0 .functor NAND 1, L_0x57cad0f3a760, L_0x57cad0f3a850, C4<1>, C4<1>;
v0x57cad0f327c0_0 .net "in_a", 0 0, L_0x57cad0f3a760;  1 drivers
v0x57cad0f328a0_0 .net "in_b", 0 0, L_0x57cad0f3a850;  1 drivers
v0x57cad0f32960_0 .net "out", 0 0, L_0x57cad0f3a6c0;  1 drivers
S_0x57cad0f32ab0 .scope module, "nand_gate7" "Nand" 2 13, 3 1 0, S_0x57cad0f0d4d0;
 .timescale 0 0;
    .port_info 0 /INPUT 1 "in_a";
    .port_info 1 /INPUT 1 "in_b";
    .port_info 2 /OUTPUT 1 "out";
L_0x57cad0f3a650 .functor NAND 1, L_0x57cad0f3a9f0, L_0x57cad0f3abf0, C4<1>, C4<1>;
v0x57cad0f32ce0_0 .net "in_a", 0 0, L_0x57cad0f3a9f0;  1 drivers
v0x57cad0f32dc0_0 .net "in_b", 0 0, L_0x57cad0f3abf0;  1 drivers
v0x57cad0f32e80_0 .net "out", 0 0, L_0x57cad0f3a650;  1 drivers
S_0x57cad0f32fd0 .scope module, "nand_gate8" "Nand" 2 14, 3 1 0, S_0x57cad0f0d4d0;
 .timescale 0 0;
    .port_info 0 /INPUT 1 "in_a";
    .port_info 1 /INPUT 1 "in_b";
    .port_info 2 /OUTPUT 1 "out";
L_0x57cad0f3ae80 .functor NAND 1, L_0x57cad0f3af20, L_0x57cad0f3b010, C4<1>, C4<1>;
v0x57cad0f33200_0 .net "in_a", 0 0, L_0x57cad0f3af20;  1 drivers
v0x57cad0f332e0_0 .net "in_b", 0 0, L_0x57cad0f3b010;  1 drivers
v0x57cad0f333a0_0 .net "out", 0 0, L_0x57cad0f3ae80;  1 drivers
S_0x57cad0f334f0 .scope module, "nand_gate9" "Nand" 2 15, 3 1 0, S_0x57cad0f0d4d0;
 .timescale 0 0;
    .port_info 0 /INPUT 1 "in_a";
    .port_info 1 /INPUT 1 "in_b";
    .port_info 2 /OUTPUT 1 "out";
L_0x57cad0f3b1a0 .functor NAND 1, L_0x57cad0f3b240, L_0x57cad0f3b330, C4<1>, C4<1>;
v0x57cad0f33720_0 .net "in_a", 0 0, L_0x57cad0f3b240;  1 drivers
v0x57cad0f33800_0 .net "in_b", 0 0, L_0x57cad0f3b330;  1 drivers
v0x57cad0f338c0_0 .net "out", 0 0, L_0x57cad0f3b1a0;  1 drivers
S_0x57cad0f33a10 .scope module, "not16_gate" "Not16" 2 23, 4 3 0, S_0x57cad0f0d4d0;
 .timescale 0 0;
    .port_info 0 /INPUT 16 "in_a";
    .port_info 1 /OUTPUT 16 "out";
v0x57cad0f38f20_0 .net "in_a", 15 0, L_0x57cad0f3ccc0;  alias, 1 drivers
v0x57cad0f39000_0 .net "out", 15 0, L_0x57cad0f40550;  alias, 1 drivers
L_0x57cad0f3d320 .part L_0x57cad0f3ccc0, 0, 1;
L_0x57cad0f3d410 .part L_0x57cad0f3ccc0, 0, 1;
L_0x57cad0f3d570 .part L_0x57cad0f3ccc0, 1, 1;
L_0x57cad0f3d610 .part L_0x57cad0f3ccc0, 1, 1;
L_0x57cad0f3d770 .part L_0x57cad0f3ccc0, 2, 1;
L_0x57cad0f3d860 .part L_0x57cad0f3ccc0, 2, 1;
L_0x57cad0f3da00 .part L_0x57cad0f3ccc0, 3, 1;
L_0x57cad0f3daf0 .part L_0x57cad0f3ccc0, 3, 1;
L_0x57cad0f3dca0 .part L_0x57cad0f3ccc0, 4, 1;
L_0x57cad0f3dd90 .part L_0x57cad0f3ccc0, 4, 1;
L_0x57cad0f3df50 .part L_0x57cad0f3ccc0, 5, 1;
L_0x57cad0f3dff0 .part L_0x57cad0f3ccc0, 5, 1;
L_0x57cad0f3e1c0 .part L_0x57cad0f3ccc0, 6, 1;
L_0x57cad0f3e2b0 .part L_0x57cad0f3ccc0, 6, 1;
L_0x57cad0f3e630 .part L_0x57cad0f3ccc0, 7, 1;
L_0x57cad0f3e720 .part L_0x57cad0f3ccc0, 7, 1;
L_0x57cad0f3e910 .part L_0x57cad0f3ccc0, 8, 1;
L_0x57cad0f3ea00 .part L_0x57cad0f3ccc0, 8, 1;
L_0x57cad0f3ec00 .part L_0x57cad0f3ccc0, 9, 1;
L_0x57cad0f3ecf0 .part L_0x57cad0f3ccc0, 9, 1;
L_0x57cad0f3eaf0 .part L_0x57cad0f3ccc0, 10, 1;
L_0x57cad0f3ef50 .part L_0x57cad0f3ccc0, 10, 1;
L_0x57cad0f3f170 .part L_0x57cad0f3ccc0, 11, 1;
L_0x57cad0f3f260 .part L_0x57cad0f3ccc0, 11, 1;
L_0x57cad0f3f490 .part L_0x57cad0f3ccc0, 12, 1;
L_0x57cad0f3f580 .part L_0x57cad0f3ccc0, 12, 1;
L_0x57cad0f3f7c0 .part L_0x57cad0f3ccc0, 13, 1;
L_0x57cad0f3f8b0 .part L_0x57cad0f3ccc0, 13, 1;
L_0x57cad0f3fb00 .part L_0x57cad0f3ccc0, 14, 1;
L_0x57cad0f3fbf0 .part L_0x57cad0f3ccc0, 14, 1;
L_0x57cad0f40260 .part L_0x57cad0f3ccc0, 15, 1;
L_0x57cad0f40350 .part L_0x57cad0f3ccc0, 15, 1;
LS_0x57cad0f40550_0_0 .concat8 [ 1 1 1 1], L_0x57cad0f3d2b0, L_0x57cad0f3d500, L_0x57cad0f3d700, L_0x57cad0f3d990;
LS_0x57cad0f40550_0_4 .concat8 [ 1 1 1 1], L_0x57cad0f3dc30, L_0x57cad0f3dee0, L_0x57cad0f3e150, L_0x57cad0f3e0e0;
LS_0x57cad0f40550_0_8 .concat8 [ 1 1 1 1], L_0x57cad0f3e8a0, L_0x57cad0f3eb90, L_0x57cad0f3ee90, L_0x57cad0f3f100;
LS_0x57cad0f40550_0_12 .concat8 [ 1 1 1 1], L_0x57cad0f3f420, L_0x57cad0f3f750, L_0x57cad0f3fa90, L_0x57cad0f401f0;
L_0x57cad0f40550 .concat8 [ 4 4 4 4], LS_0x57cad0f40550_0_0, LS_0x57cad0f40550_0_4, LS_0x57cad0f40550_0_8, LS_0x57cad0f40550_0_12;
S_0x57cad0f33d00 .scope module, "nand_gate0" "Nand" 4 4, 3 1 0, S_0x57cad0f33a10;
 .timescale 0 0;
    .port_info 0 /INPUT 1 "in_a";
    .port_info 1 /INPUT 1 "in_b";
    .port_info 2 /OUTPUT 1 "out";
L_0x57cad0f3d2b0 .functor NAND 1, L_0x57cad0f3d320, L_0x57cad0f3d410, C4<1>, C4<1>;
v0x57cad0f33f70_0 .net "in_a", 0 0, L_0x57cad0f3d320;  1 drivers
v0x57cad0f34050_0 .net "in_b", 0 0, L_0x57cad0f3d410;  1 drivers
v0x57cad0f34110_0 .net "out", 0 0, L_0x57cad0f3d2b0;  1 drivers
S_0x57cad0f34260 .scope module, "nand_gate1" "Nand" 4 5, 3 1 0, S_0x57cad0f33a10;
 .timescale 0 0;
    .port_info 0 /INPUT 1 "in_a";
    .port_info 1 /INPUT 1 "in_b";
    .port_info 2 /OUTPUT 1 "out";
L_0x57cad0f3d500 .functor NAND 1, L_0x57cad0f3d570, L_0x57cad0f3d610, C4<1>, C4<1>;
v0x57cad0f34490_0 .net "in_a", 0 0, L_0x57cad0f3d570;  1 drivers
v0x57cad0f34570_0 .net "in_b", 0 0, L_0x57cad0f3d610;  1 drivers
v0x57cad0f34630_0 .net "out", 0 0, L_0x57cad0f3d500;  1 drivers
S_0x57cad0f34780 .scope module, "nand_gate10" "Nand" 4 14, 3 1 0, S_0x57cad0f33a10;
 .timescale 0 0;
    .port_info 0 /INPUT 1 "in_a";
    .port_info 1 /INPUT 1 "in_b";
    .port_info 2 /OUTPUT 1 "out";
L_0x57cad0f3ee90 .functor NAND 1, L_0x57cad0f3eaf0, L_0x57cad0f3ef50, C4<1>, C4<1>;
v0x57cad0f349e0_0 .net "in_a", 0 0, L_0x57cad0f3eaf0;  1 drivers
v0x57cad0f34aa0_0 .net "in_b", 0 0, L_0x57cad0f3ef50;  1 drivers
v0x57cad0f34b60_0 .net "out", 0 0, L_0x57cad0f3ee90;  1 drivers
S_0x57cad0f34cb0 .scope module, "nand_gate11" "Nand" 4 15, 3 1 0, S_0x57cad0f33a10;
 .timescale 0 0;
    .port_info 0 /INPUT 1 "in_a";
    .port_info 1 /INPUT 1 "in_b";
    .port_info 2 /OUTPUT 1 "out";
L_0x57cad0f3f100 .functor NAND 1, L_0x57cad0f3f170, L_0x57cad0f3f260, C4<1>, C4<1>;
v0x57cad0f34ee0_0 .net "in_a", 0 0, L_0x57cad0f3f170;  1 drivers
v0x57cad0f34fc0_0 .net "in_b", 0 0, L_0x57cad0f3f260;  1 drivers
v0x57cad0f35080_0 .net "out", 0 0, L_0x57cad0f3f100;  1 drivers
S_0x57cad0f351d0 .scope module, "nand_gate12" "Nand" 4 16, 3 1 0, S_0x57cad0f33a10;
 .timescale 0 0;
    .port_info 0 /INPUT 1 "in_a";
    .port_info 1 /INPUT 1 "in_b";
    .port_info 2 /OUTPUT 1 "out";
L_0x57cad0f3f420 .functor NAND 1, L_0x57cad0f3f490, L_0x57cad0f3f580, C4<1>, C4<1>;
v0x57cad0f35450_0 .net "in_a", 0 0, L_0x57cad0f3f490;  1 drivers
v0x57cad0f35530_0 .net "in_b", 0 0, L_0x57cad0f3f580;  1 drivers
v0x57cad0f355f0_0 .net "out", 0 0, L_0x57cad0f3f420;  1 drivers
S_0x57cad0f35710 .scope module, "nand_gate13" "Nand" 4 17, 3 1 0, S_0x57cad0f33a10;
 .timescale 0 0;
    .port_info 0 /INPUT 1 "in_a";
    .port_info 1 /INPUT 1 "in_b";
    .port_info 2 /OUTPUT 1 "out";
L_0x57cad0f3f750 .functor NAND 1, L_0x57cad0f3f7c0, L_0x57cad0f3f8b0, C4<1>, C4<1>;
v0x57cad0f35940_0 .net "in_a", 0 0, L_0x57cad0f3f7c0;  1 drivers
v0x57cad0f35a20_0 .net "in_b", 0 0, L_0x57cad0f3f8b0;  1 drivers
v0x57cad0f35ae0_0 .net "out", 0 0, L_0x57cad0f3f750;  1 drivers
S_0x57cad0f35c30 .scope module, "nand_gate14" "Nand" 4 18, 3 1 0, S_0x57cad0f33a10;
 .timescale 0 0;
    .port_info 0 /INPUT 1 "in_a";
    .port_info 1 /INPUT 1 "in_b";
    .port_info 2 /OUTPUT 1 "out";
L_0x57cad0f3fa90 .functor NAND 1, L_0x57cad0f3fb00, L_0x57cad0f3fbf0, C4<1>, C4<1>;
v0x57cad0f35e60_0 .net "in_a", 0 0, L_0x57cad0f3fb00;  1 drivers
v0x57cad0f35f40_0 .net "in_b", 0 0, L_0x57cad0f3fbf0;  1 drivers
v0x57cad0f36000_0 .net "out", 0 0, L_0x57cad0f3fa90;  1 drivers
S_0x57cad0f36150 .scope module, "nand_gate15" "Nand" 4 19, 3 1 0, S_0x57cad0f33a10;
 .timescale 0 0;
    .port_info 0 /INPUT 1 "in_a";
    .port_info 1 /INPUT 1 "in_b";
    .port_info 2 /OUTPUT 1 "out";
L_0x57cad0f401f0 .functor NAND 1, L_0x57cad0f40260, L_0x57cad0f40350, C4<1>, C4<1>;
v0x57cad0f36380_0 .net "in_a", 0 0, L_0x57cad0f40260;  1 drivers
v0x57cad0f36460_0 .net "in_b", 0 0, L_0x57cad0f40350;  1 drivers
v0x57cad0f36520_0 .net "out", 0 0, L_0x57cad0f401f0;  1 drivers
S_0x57cad0f36670 .scope module, "nand_gate2" "Nand" 4 6, 3 1 0, S_0x57cad0f33a10;
 .timescale 0 0;
    .port_info 0 /INPUT 1 "in_a";
    .port_info 1 /INPUT 1 "in_b";
    .port_info 2 /OUTPUT 1 "out";
L_0x57cad0f3d700 .functor NAND 1, L_0x57cad0f3d770, L_0x57cad0f3d860, C4<1>, C4<1>;
v0x57cad0f36850_0 .net "in_a", 0 0, L_0x57cad0f3d770;  1 drivers
v0x57cad0f36930_0 .net "in_b", 0 0, L_0x57cad0f3d860;  1 drivers
v0x57cad0f369f0_0 .net "out", 0 0, L_0x57cad0f3d700;  1 drivers
S_0x57cad0f36b40 .scope module, "nand_gate3" "Nand" 4 7, 3 1 0, S_0x57cad0f33a10;
 .timescale 0 0;
    .port_info 0 /INPUT 1 "in_a";
    .port_info 1 /INPUT 1 "in_b";
    .port_info 2 /OUTPUT 1 "out";
L_0x57cad0f3d990 .functor NAND 1, L_0x57cad0f3da00, L_0x57cad0f3daf0, C4<1>, C4<1>;
v0x57cad0f36d70_0 .net "in_a", 0 0, L_0x57cad0f3da00;  1 drivers
v0x57cad0f36e50_0 .net "in_b", 0 0, L_0x57cad0f3daf0;  1 drivers
v0x57cad0f36f10_0 .net "out", 0 0, L_0x57cad0f3d990;  1 drivers
S_0x57cad0f37060 .scope module, "nand_gate4" "Nand" 4 8, 3 1 0, S_0x57cad0f33a10;
 .timescale 0 0;
    .port_info 0 /INPUT 1 "in_a";
    .port_info 1 /INPUT 1 "in_b";
    .port_info 2 /OUTPUT 1 "out";
L_0x57cad0f3dc30 .functor NAND 1, L_0x57cad0f3dca0, L_0x57cad0f3dd90, C4<1>, C4<1>;
v0x57cad0f37290_0 .net "in_a", 0 0, L_0x57cad0f3dca0;  1 drivers
v0x57cad0f37370_0 .net "in_b", 0 0, L_0x57cad0f3dd90;  1 drivers
v0x57cad0f37430_0 .net "out", 0 0, L_0x57cad0f3dc30;  1 drivers
S_0x57cad0f37580 .scope module, "nand_gate5" "Nand" 4 9, 3 1 0, S_0x57cad0f33a10;
 .timescale 0 0;
    .port_info 0 /INPUT 1 "in_a";
    .port_info 1 /INPUT 1 "in_b";
    .port_info 2 /OUTPUT 1 "out";
L_0x57cad0f3dee0 .functor NAND 1, L_0x57cad0f3df50, L_0x57cad0f3dff0, C4<1>, C4<1>;
v0x57cad0f377b0_0 .net "in_a", 0 0, L_0x57cad0f3df50;  1 drivers
v0x57cad0f37890_0 .net "in_b", 0 0, L_0x57cad0f3dff0;  1 drivers
v0x57cad0f37950_0 .net "out", 0 0, L_0x57cad0f3dee0;  1 drivers
S_0x57cad0f37aa0 .scope module, "nand_gate6" "Nand" 4 10, 3 1 0, S_0x57cad0f33a10;
 .timescale 0 0;
    .port_info 0 /INPUT 1 "in_a";
    .port_info 1 /INPUT 1 "in_b";
    .port_info 2 /OUTPUT 1 "out";
L_0x57cad0f3e150 .functor NAND 1, L_0x57cad0f3e1c0, L_0x57cad0f3e2b0, C4<1>, C4<1>;
v0x57cad0f37cd0_0 .net "in_a", 0 0, L_0x57cad0f3e1c0;  1 drivers
v0x57cad0f37db0_0 .net "in_b", 0 0, L_0x57cad0f3e2b0;  1 drivers
v0x57cad0f37e70_0 .net "out", 0 0, L_0x57cad0f3e150;  1 drivers
S_0x57cad0f37fc0 .scope module, "nand_gate7" "Nand" 4 11, 3 1 0, S_0x57cad0f33a10;
 .timescale 0 0;
    .port_info 0 /INPUT 1 "in_a";
    .port_info 1 /INPUT 1 "in_b";
    .port_info 2 /OUTPUT 1 "out";
L_0x57cad0f3e0e0 .functor NAND 1, L_0x57cad0f3e630, L_0x57cad0f3e720, C4<1>, C4<1>;
v0x57cad0f381f0_0 .net "in_a", 0 0, L_0x57cad0f3e630;  1 drivers
v0x57cad0f382d0_0 .net "in_b", 0 0, L_0x57cad0f3e720;  1 drivers
v0x57cad0f38390_0 .net "out", 0 0, L_0x57cad0f3e0e0;  1 drivers
S_0x57cad0f384e0 .scope module, "nand_gate8" "Nand" 4 12, 3 1 0, S_0x57cad0f33a10;
 .timescale 0 0;
    .port_info 0 /INPUT 1 "in_a";
    .port_info 1 /INPUT 1 "in_b";
    .port_info 2 /OUTPUT 1 "out";
L_0x57cad0f3e8a0 .functor NAND 1, L_0x57cad0f3e910, L_0x57cad0f3ea00, C4<1>, C4<1>;
v0x57cad0f38710_0 .net "in_a", 0 0, L_0x57cad0f3e910;  1 drivers
v0x57cad0f387f0_0 .net "in_b", 0 0, L_0x57cad0f3ea00;  1 drivers
v0x57cad0f388b0_0 .net "out", 0 0, L_0x57cad0f3e8a0;  1 drivers
S_0x57cad0f38a00 .scope module, "nand_gate9" "Nand" 4 13, 3 1 0, S_0x57cad0f33a10;
 .timescale 0 0;
    .port_info 0 /INPUT 1 "in_a";
    .port_info 1 /INPUT 1 "in_b";
    .port_info 2 /OUTPUT 1 "out";
L_0x57cad0f3eb90 .functor NAND 1, L_0x57cad0f3ec00, L_0x57cad0f3ecf0, C4<1>, C4<1>;
v0x57cad0f38c30_0 .net "in_a", 0 0, L_0x57cad0f3ec00;  1 drivers
v0x57cad0f38d10_0 .net "in_b", 0 0, L_0x57cad0f3ecf0;  1 drivers
v0x57cad0f38dd0_0 .net "out", 0 0, L_0x57cad0f3eb90;  1 drivers
# The file index is used to find the file name in the following table.
:file_names 5;
    "N/A";
    "<interactive>";
    "And16/src/And16.vh";
    "./Nand/src/Nand.vh";
    "./Not16/src/Not16.vh";
