#! /usr/bin/vvp
:ivl_version "11.0 (stable)";
:ivl_delay_selection "TYPICAL";
:vpi_time_precision + 0;
:vpi_module "/usr/lib/x86_64-linux-gnu/ivl/system.vpi";
:vpi_module "/usr/lib/x86_64-linux-gnu/ivl/vhdl_sys.vpi";
:vpi_module "/usr/lib/x86_64-linux-gnu/ivl/vhdl_textio.vpi";
:vpi_module "/usr/lib/x86_64-linux-gnu/ivl/v2005_math.vpi";
:vpi_module "/usr/lib/x86_64-linux-gnu/ivl/va_math.vpi";
S_0x574df4182ce0 .scope module, "Nand" "Nand" 2 1;
 .timescale 0 0;
    .port_info 0 /INPUT 1 "in_a";
    .port_info 1 /INPUT 1 "in_b";
    .port_info 2 /OUTPUT 1 "out";
o0x77547a045018 .functor BUFZ 1, C4<z>; HiZ drive
o0x77547a045048 .functor BUFZ 1, C4<z>; HiZ drive
L_0x574df4191130 .functor NAND 1, o0x77547a045018, o0x77547a045048, C4<1>, C4<1>;
v0x574df414bba0_0 .net "in_a", 0 0, o0x77547a045018;  0 drivers
v0x574df4190d70_0 .net "in_b", 0 0, o0x77547a045048;  0 drivers
v0x574df4190e30_0 .net "out", 0 0, L_0x574df4191130;  1 drivers
S_0x574df4182ec0 .scope module, "Not" "Not" 3 3;
 .timescale 0 0;
    .port_info 0 /INPUT 1 "in_a";
    .port_info 1 /OUTPUT 1 "out";
o0x77547a045138 .functor BUFZ 1, C4<z>; HiZ drive
L_0x574df4191230 .functor NAND 1, o0x77547a045138, o0x77547a045138, C4<1>, C4<1>;
v0x574df4190f50_0 .net "in_a", 0 0, o0x77547a045138;  0 drivers
v0x574df4191010_0 .net "out", 0 0, L_0x574df4191230;  1 drivers
# The file index is used to find the file name in the following table.
:file_names 4;
    "N/A";
    "<interactive>";
    "./Nand/src/Nand.vh";
    "Not/src/Not.vh";
