#! /usr/bin/vvp
:ivl_version "11.0 (stable)";
:ivl_delay_selection "TYPICAL";
:vpi_time_precision + 0;
:vpi_module "/usr/lib/x86_64-linux-gnu/ivl/system.vpi";
:vpi_module "/usr/lib/x86_64-linux-gnu/ivl/vhdl_sys.vpi";
:vpi_module "/usr/lib/x86_64-linux-gnu/ivl/vhdl_textio.vpi";
:vpi_module "/usr/lib/x86_64-linux-gnu/ivl/v2005_math.vpi";
:vpi_module "/usr/lib/x86_64-linux-gnu/ivl/va_math.vpi";
S_0x5746d3414df0 .scope module, "And" "And" 2 3;
 .timescale 0 0;
    .port_info 0 /INPUT 1 "in_a";
    .port_info 1 /INPUT 1 "in_b";
    .port_info 2 /OUTPUT 1 "out";
o0x740953f7f0d8 .functor BUFZ 1, C4<z>; HiZ drive
o0x740953f7f108 .functor BUFZ 1, C4<z>; HiZ drive
L_0x5746d345e0f0 .functor NAND 1, o0x740953f7f0d8, o0x740953f7f108, C4<1>, C4<1>;
v0x5746d345dae0_0 .net "in_a", 0 0, o0x740953f7f0d8;  0 drivers
v0x5746d345dba0_0 .net "in_b", 0 0, o0x740953f7f108;  0 drivers
v0x5746d345dc60_0 .net "out", 0 0, L_0x5746d345e1e0;  1 drivers
v0x5746d345dd30_0 .net "temp_out", 0 0, L_0x5746d345e0f0;  1 drivers
S_0x5746d344dc20 .scope module, "not_gate" "Not" 2 9, 3 3 0, S_0x5746d3414df0;
 .timescale 0 0;
    .port_info 0 /INPUT 1 "in_a";
    .port_info 1 /OUTPUT 1 "out";
L_0x5746d345e1e0 .functor NAND 1, L_0x5746d345e0f0, L_0x5746d345e0f0, C4<1>, C4<1>;
v0x5746d344de00_0 .net "in_a", 0 0, L_0x5746d345e0f0;  alias, 1 drivers
v0x5746d345d9c0_0 .net "out", 0 0, L_0x5746d345e1e0;  alias, 1 drivers
S_0x5746d3414fd0 .scope module, "Nand" "Nand" 4 1;
 .timescale 0 0;
    .port_info 0 /INPUT 1 "in_a";
    .port_info 1 /INPUT 1 "in_b";
    .port_info 2 /OUTPUT 1 "out";
o0x740953f7f1c8 .functor BUFZ 1, C4<z>; HiZ drive
o0x740953f7f1f8 .functor BUFZ 1, C4<z>; HiZ drive
L_0x5746d345e2c0 .functor NAND 1, o0x740953f7f1c8, o0x740953f7f1f8, C4<1>, C4<1>;
v0x5746d345de20_0 .net "in_a", 0 0, o0x740953f7f1c8;  0 drivers
v0x5746d345dee0_0 .net "in_b", 0 0, o0x740953f7f1f8;  0 drivers
v0x5746d345dfa0_0 .net "out", 0 0, L_0x5746d345e2c0;  1 drivers
# The file index is used to find the file name in the following table.
:file_names 5;
    "N/A";
    "<interactive>";
    "And/src/And.vh";
    "./Not/src/Not.vh";
    "./Nand/src/Nand.vh";
