#! /usr/bin/vvp
:ivl_version "11.0 (stable)";
:ivl_delay_selection "TYPICAL";
:vpi_time_precision + 0;
:vpi_module "/usr/lib/x86_64-linux-gnu/ivl/system.vpi";
:vpi_module "/usr/lib/x86_64-linux-gnu/ivl/vhdl_sys.vpi";
:vpi_module "/usr/lib/x86_64-linux-gnu/ivl/vhdl_textio.vpi";
:vpi_module "/usr/lib/x86_64-linux-gnu/ivl/v2005_math.vpi";
:vpi_module "/usr/lib/x86_64-linux-gnu/ivl/va_math.vpi";
S_0x57bad9d86b50 .scope module, "Or16" "Or16" 2 3;
 .timescale 0 0;
    .port_info 0 /INPUT 16 "in_a";
    .port_info 1 /INPUT 16 "in_b";
    .port_info 2 /OUTPUT 16 "out";
v0x57bad9dc2690_0 .net/s "branch1_out", 15 0, L_0x57bad9dcd1b0;  1 drivers
v0x57bad9dc27a0_0 .net/s "branch2_out", 15 0, L_0x57bad9dd7380;  1 drivers
o0x777dcdc334d8 .functor BUFZ 16, C4<zzzzzzzzzzzzzzzz>; HiZ drive
v0x57bad9dc28b0_0 .net "in_a", 15 0, o0x777dcdc334d8;  0 drivers
o0x777dcdc35a58 .functor BUFZ 16, C4<zzzzzzzzzzzzzzzz>; HiZ drive
v0x57bad9dc29a0_0 .net "in_b", 15 0, o0x777dcdc35a58;  0 drivers
v0x57bad9dc2ab0_0 .net "out", 15 0, L_0x57bad9de0870;  1 drivers
v0x57bad9dc2bc0_0 .net/s "temp1_out", 15 0, L_0x57bad9dc9bc0;  1 drivers
v0x57bad9dc2c60_0 .net/s "temp2_out", 15 0, L_0x57bad9dd3de0;  1 drivers
v0x57bad9dc2d20_0 .net/s "temp3_out", 15 0, L_0x57bad9ddd870;  1 drivers
S_0x57bad9d620d0 .scope module, "and16_gate" "And16" 2 11, 3 3 0, S_0x57bad9d86b50;
 .timescale 0 0;
    .port_info 0 /INPUT 16 "in_a";
    .port_info 1 /INPUT 16 "in_b";
    .port_info 2 /OUTPUT 16 "out";
v0x57bad9d5b6c0_0 .net "in_a", 15 0, o0x777dcdc334d8;  alias, 0 drivers
v0x57bad9d5b7a0_0 .net "in_b", 15 0, o0x777dcdc334d8;  alias, 0 drivers
v0x57bad9d5ab10_0 .net "out", 15 0, L_0x57bad9dc9bc0;  alias, 1 drivers
v0x57bad9d5abe0_0 .net/s "temp_out", 15 0, L_0x57bad9dc6540;  1 drivers
L_0x57bad9dc2ed0 .part o0x777dcdc334d8, 0, 1;
L_0x57bad9dc2fc0 .part o0x777dcdc334d8, 0, 1;
L_0x57bad9dc31b0 .part o0x777dcdc334d8, 1, 1;
L_0x57bad9dc3250 .part o0x777dcdc334d8, 1, 1;
L_0x57bad9dc3410 .part o0x777dcdc334d8, 2, 1;
L_0x57bad9dc3500 .part o0x777dcdc334d8, 2, 1;
L_0x57bad9dc37b0 .part o0x777dcdc334d8, 3, 1;
L_0x57bad9dc38a0 .part o0x777dcdc334d8, 3, 1;
L_0x57bad9dc3a80 .part o0x777dcdc334d8, 4, 1;
L_0x57bad9dc3b70 .part o0x777dcdc334d8, 4, 1;
L_0x57bad9dc3d60 .part o0x777dcdc334d8, 5, 1;
L_0x57bad9dc3e00 .part o0x777dcdc334d8, 5, 1;
L_0x57bad9dc4000 .part o0x777dcdc334d8, 6, 1;
L_0x57bad9dc40f0 .part o0x777dcdc334d8, 6, 1;
L_0x57bad9dc44a0 .part o0x777dcdc334d8, 7, 1;
L_0x57bad9dc4590 .part o0x777dcdc334d8, 7, 1;
L_0x57bad9dc47b0 .part o0x777dcdc334d8, 8, 1;
L_0x57bad9dc48a0 .part o0x777dcdc334d8, 8, 1;
L_0x57bad9dc4ad0 .part o0x777dcdc334d8, 9, 1;
L_0x57bad9dc4bc0 .part o0x777dcdc334d8, 9, 1;
L_0x57bad9dc4990 .part o0x777dcdc334d8, 10, 1;
L_0x57bad9dc4e50 .part o0x777dcdc334d8, 10, 1;
L_0x57bad9dc50a0 .part o0x777dcdc334d8, 11, 1;
L_0x57bad9dc5190 .part o0x777dcdc334d8, 11, 1;
L_0x57bad9dc53f0 .part o0x777dcdc334d8, 12, 1;
L_0x57bad9dc54e0 .part o0x777dcdc334d8, 12, 1;
L_0x57bad9dc5750 .part o0x777dcdc334d8, 13, 1;
L_0x57bad9dc5840 .part o0x777dcdc334d8, 13, 1;
L_0x57bad9dc5ac0 .part o0x777dcdc334d8, 14, 1;
L_0x57bad9dc5bb0 .part o0x777dcdc334d8, 14, 1;
L_0x57bad9dc6250 .part o0x777dcdc334d8, 15, 1;
L_0x57bad9dc6340 .part o0x777dcdc334d8, 15, 1;
LS_0x57bad9dc6540_0_0 .concat8 [ 1 1 1 1], L_0x57bad9dc2e60, L_0x57bad9dc3140, L_0x57bad9dc3370, L_0x57bad9dc3740;
LS_0x57bad9dc6540_0_4 .concat8 [ 1 1 1 1], L_0x57bad9dc39e0, L_0x57bad9dc3cc0, L_0x57bad9dc3f60, L_0x57bad9dc3ef0;
LS_0x57bad9dc6540_0_8 .concat8 [ 1 1 1 1], L_0x57bad9dc4710, L_0x57bad9dc4a30, L_0x57bad9dc4d60, L_0x57bad9dc5000;
LS_0x57bad9dc6540_0_12 .concat8 [ 1 1 1 1], L_0x57bad9dc5350, L_0x57bad9dc56b0, L_0x57bad9dc5a20, L_0x57bad9dc61b0;
L_0x57bad9dc6540 .concat8 [ 4 4 4 4], LS_0x57bad9dc6540_0_0, LS_0x57bad9dc6540_0_4, LS_0x57bad9dc6540_0_8, LS_0x57bad9dc6540_0_12;
S_0x57bad9da1660 .scope module, "nand_gate0" "Nand" 3 6, 4 1 0, S_0x57bad9d620d0;
 .timescale 0 0;
    .port_info 0 /INPUT 1 "in_a";
    .port_info 1 /INPUT 1 "in_b";
    .port_info 2 /OUTPUT 1 "out";
L_0x57bad9dc2e60 .functor NAND 1, L_0x57bad9dc2ed0, L_0x57bad9dc2fc0, C4<1>, C4<1>;
v0x57bad9d9b290_0 .net "in_a", 0 0, L_0x57bad9dc2ed0;  1 drivers
v0x57bad9d9a5a0_0 .net "in_b", 0 0, L_0x57bad9dc2fc0;  1 drivers
v0x57bad9d998b0_0 .net "out", 0 0, L_0x57bad9dc2e60;  1 drivers
S_0x57bad9da0970 .scope module, "nand_gate1" "Nand" 3 7, 4 1 0, S_0x57bad9d620d0;
 .timescale 0 0;
    .port_info 0 /INPUT 1 "in_a";
    .port_info 1 /INPUT 1 "in_b";
    .port_info 2 /OUTPUT 1 "out";
L_0x57bad9dc3140 .functor NAND 1, L_0x57bad9dc31b0, L_0x57bad9dc3250, C4<1>, C4<1>;
v0x57bad9d98bc0_0 .net "in_a", 0 0, L_0x57bad9dc31b0;  1 drivers
v0x57bad9d97fc0_0 .net "in_b", 0 0, L_0x57bad9dc3250;  1 drivers
v0x57bad9d74e40_0 .net "out", 0 0, L_0x57bad9dc3140;  1 drivers
S_0x57bad9d9fc80 .scope module, "nand_gate10" "Nand" 3 16, 4 1 0, S_0x57bad9d620d0;
 .timescale 0 0;
    .port_info 0 /INPUT 1 "in_a";
    .port_info 1 /INPUT 1 "in_b";
    .port_info 2 /OUTPUT 1 "out";
L_0x57bad9dc4d60 .functor NAND 1, L_0x57bad9dc4990, L_0x57bad9dc4e50, C4<1>, C4<1>;
v0x57bad9d8e260_0 .net "in_a", 0 0, L_0x57bad9dc4990;  1 drivers
v0x57bad9d4a120_0 .net "in_b", 0 0, L_0x57bad9dc4e50;  1 drivers
v0x57bad9d41620_0 .net "out", 0 0, L_0x57bad9dc4d60;  1 drivers
S_0x57bad9d9ef90 .scope module, "nand_gate11" "Nand" 3 17, 4 1 0, S_0x57bad9d620d0;
 .timescale 0 0;
    .port_info 0 /INPUT 1 "in_a";
    .port_info 1 /INPUT 1 "in_b";
    .port_info 2 /OUTPUT 1 "out";
L_0x57bad9dc5000 .functor NAND 1, L_0x57bad9dc50a0, L_0x57bad9dc5190, C4<1>, C4<1>;
v0x57bad9d493c0_0 .net "in_a", 0 0, L_0x57bad9dc50a0;  1 drivers
v0x57bad9d48680_0 .net "in_b", 0 0, L_0x57bad9dc5190;  1 drivers
v0x57bad9d48740_0 .net "out", 0 0, L_0x57bad9dc5000;  1 drivers
S_0x57bad9d9e2a0 .scope module, "nand_gate12" "Nand" 3 18, 4 1 0, S_0x57bad9d620d0;
 .timescale 0 0;
    .port_info 0 /INPUT 1 "in_a";
    .port_info 1 /INPUT 1 "in_b";
    .port_info 2 /OUTPUT 1 "out";
L_0x57bad9dc5350 .functor NAND 1, L_0x57bad9dc53f0, L_0x57bad9dc54e0, C4<1>, C4<1>;
v0x57bad9d46ca0_0 .net "in_a", 0 0, L_0x57bad9dc53f0;  1 drivers
v0x57bad9d45fb0_0 .net "in_b", 0 0, L_0x57bad9dc54e0;  1 drivers
v0x57bad9d46070_0 .net "out", 0 0, L_0x57bad9dc5350;  1 drivers
S_0x57bad9d9d5b0 .scope module, "nand_gate13" "Nand" 3 19, 4 1 0, S_0x57bad9d620d0;
 .timescale 0 0;
    .port_info 0 /INPUT 1 "in_a";
    .port_info 1 /INPUT 1 "in_b";
    .port_info 2 /OUTPUT 1 "out";
L_0x57bad9dc56b0 .functor NAND 1, L_0x57bad9dc5750, L_0x57bad9dc5840, C4<1>, C4<1>;
v0x57bad9d45360_0 .net "in_a", 0 0, L_0x57bad9dc5750;  1 drivers
v0x57bad9d445f0_0 .net "in_b", 0 0, L_0x57bad9dc5840;  1 drivers
v0x57bad9d438e0_0 .net "out", 0 0, L_0x57bad9dc56b0;  1 drivers
S_0x57bad9d9c8c0 .scope module, "nand_gate14" "Nand" 3 20, 4 1 0, S_0x57bad9d620d0;
 .timescale 0 0;
    .port_info 0 /INPUT 1 "in_a";
    .port_info 1 /INPUT 1 "in_b";
    .port_info 2 /OUTPUT 1 "out";
L_0x57bad9dc5a20 .functor NAND 1, L_0x57bad9dc5ac0, L_0x57bad9dc5bb0, C4<1>, C4<1>;
v0x57bad9d91550_0 .net "in_a", 0 0, L_0x57bad9dc5ac0;  1 drivers
v0x57bad9d8fb20_0 .net "in_b", 0 0, L_0x57bad9dc5bb0;  1 drivers
v0x57bad9d8fbe0_0 .net "out", 0 0, L_0x57bad9dc5a20;  1 drivers
S_0x57bad9d9bbd0 .scope module, "nand_gate15" "Nand" 3 21, 4 1 0, S_0x57bad9d620d0;
 .timescale 0 0;
    .port_info 0 /INPUT 1 "in_a";
    .port_info 1 /INPUT 1 "in_b";
    .port_info 2 /OUTPUT 1 "out";
L_0x57bad9dc61b0 .functor NAND 1, L_0x57bad9dc6250, L_0x57bad9dc6340, C4<1>, C4<1>;
v0x57bad9d46620_0 .net "in_a", 0 0, L_0x57bad9dc6250;  1 drivers
v0x57bad9d85170_0 .net "in_b", 0 0, L_0x57bad9dc6340;  1 drivers
v0x57bad9d85230_0 .net "out", 0 0, L_0x57bad9dc61b0;  1 drivers
S_0x57bad9d9aee0 .scope module, "nand_gate2" "Nand" 3 8, 4 1 0, S_0x57bad9d620d0;
 .timescale 0 0;
    .port_info 0 /INPUT 1 "in_a";
    .port_info 1 /INPUT 1 "in_b";
    .port_info 2 /OUTPUT 1 "out";
L_0x57bad9dc3370 .functor NAND 1, L_0x57bad9dc3410, L_0x57bad9dc3500, C4<1>, C4<1>;
v0x57bad9d60740_0 .net "in_a", 0 0, L_0x57bad9dc3410;  1 drivers
v0x57bad9d3bc70_0 .net "in_b", 0 0, L_0x57bad9dc3500;  1 drivers
v0x57bad9d3bd30_0 .net "out", 0 0, L_0x57bad9dc3370;  1 drivers
S_0x57bad9d9a1f0 .scope module, "nand_gate3" "Nand" 3 9, 4 1 0, S_0x57bad9d620d0;
 .timescale 0 0;
    .port_info 0 /INPUT 1 "in_a";
    .port_info 1 /INPUT 1 "in_b";
    .port_info 2 /OUTPUT 1 "out";
L_0x57bad9dc3740 .functor NAND 1, L_0x57bad9dc37b0, L_0x57bad9dc38a0, C4<1>, C4<1>;
v0x57bad9d55d30_0 .net "in_a", 0 0, L_0x57bad9dc37b0;  1 drivers
v0x57bad9d780e0_0 .net "in_b", 0 0, L_0x57bad9dc38a0;  1 drivers
v0x57bad9d781a0_0 .net "out", 0 0, L_0x57bad9dc3740;  1 drivers
S_0x57bad9d99500 .scope module, "nand_gate4" "Nand" 3 10, 4 1 0, S_0x57bad9d620d0;
 .timescale 0 0;
    .port_info 0 /INPUT 1 "in_a";
    .port_info 1 /INPUT 1 "in_b";
    .port_info 2 /OUTPUT 1 "out";
L_0x57bad9dc39e0 .functor NAND 1, L_0x57bad9dc3a80, L_0x57bad9dc3b70, C4<1>, C4<1>;
v0x57bad9d536b0_0 .net "in_a", 0 0, L_0x57bad9dc3a80;  1 drivers
v0x57bad9d98810_0 .net "in_b", 0 0, L_0x57bad9dc3b70;  1 drivers
v0x57bad9d988d0_0 .net "out", 0 0, L_0x57bad9dc39e0;  1 drivers
S_0x57bad9d97c10 .scope module, "nand_gate5" "Nand" 3 11, 4 1 0, S_0x57bad9d620d0;
 .timescale 0 0;
    .port_info 0 /INPUT 1 "in_a";
    .port_info 1 /INPUT 1 "in_b";
    .port_info 2 /OUTPUT 1 "out";
L_0x57bad9dc3cc0 .functor NAND 1, L_0x57bad9dc3d60, L_0x57bad9dc3e00, C4<1>, C4<1>;
v0x57bad9d97240_0 .net "in_a", 0 0, L_0x57bad9dc3d60;  1 drivers
v0x57bad9d7cbf0_0 .net "in_b", 0 0, L_0x57bad9dc3e00;  1 drivers
v0x57bad9d7cc90_0 .net "out", 0 0, L_0x57bad9dc3cc0;  1 drivers
S_0x57bad9d7b210 .scope module, "nand_gate6" "Nand" 3 12, 4 1 0, S_0x57bad9d620d0;
 .timescale 0 0;
    .port_info 0 /INPUT 1 "in_a";
    .port_info 1 /INPUT 1 "in_b";
    .port_info 2 /OUTPUT 1 "out";
L_0x57bad9dc3f60 .functor NAND 1, L_0x57bad9dc4000, L_0x57bad9dc40f0, C4<1>, C4<1>;
v0x57bad9d7c000_0 .net "in_a", 0 0, L_0x57bad9dc4000;  1 drivers
v0x57bad9d7a560_0 .net "in_b", 0 0, L_0x57bad9dc40f0;  1 drivers
v0x57bad9d7a620_0 .net "out", 0 0, L_0x57bad9dc3f60;  1 drivers
S_0x57bad9d78b40 .scope module, "nand_gate7" "Nand" 3 13, 4 1 0, S_0x57bad9d620d0;
 .timescale 0 0;
    .port_info 0 /INPUT 1 "in_a";
    .port_info 1 /INPUT 1 "in_b";
    .port_info 2 /OUTPUT 1 "out";
L_0x57bad9dc3ef0 .functor NAND 1, L_0x57bad9dc44a0, L_0x57bad9dc4590, C4<1>, C4<1>;
v0x57bad9d77e50_0 .net "in_a", 0 0, L_0x57bad9dc44a0;  1 drivers
v0x57bad9d77f30_0 .net "in_b", 0 0, L_0x57bad9dc4590;  1 drivers
v0x57bad9d77160_0 .net "out", 0 0, L_0x57bad9dc3ef0;  1 drivers
S_0x57bad9d76470 .scope module, "nand_gate8" "Nand" 3 14, 4 1 0, S_0x57bad9d620d0;
 .timescale 0 0;
    .port_info 0 /INPUT 1 "in_a";
    .port_info 1 /INPUT 1 "in_b";
    .port_info 2 /OUTPUT 1 "out";
L_0x57bad9dc4710 .functor NAND 1, L_0x57bad9dc47b0, L_0x57bad9dc48a0, C4<1>, C4<1>;
v0x57bad9d75780_0 .net "in_a", 0 0, L_0x57bad9dc47b0;  1 drivers
v0x57bad9d75860_0 .net "in_b", 0 0, L_0x57bad9dc48a0;  1 drivers
v0x57bad9d74a90_0 .net "out", 0 0, L_0x57bad9dc4710;  1 drivers
S_0x57bad9d73da0 .scope module, "nand_gate9" "Nand" 3 15, 4 1 0, S_0x57bad9d620d0;
 .timescale 0 0;
    .port_info 0 /INPUT 1 "in_a";
    .port_info 1 /INPUT 1 "in_b";
    .port_info 2 /OUTPUT 1 "out";
L_0x57bad9dc4a30 .functor NAND 1, L_0x57bad9dc4ad0, L_0x57bad9dc4bc0, C4<1>, C4<1>;
v0x57bad9d731f0_0 .net "in_a", 0 0, L_0x57bad9dc4ad0;  1 drivers
v0x57bad9d72730_0 .net "in_b", 0 0, L_0x57bad9dc4bc0;  1 drivers
v0x57bad9d727f0_0 .net "out", 0 0, L_0x57bad9dc4a30;  1 drivers
S_0x57bad9d57480 .scope module, "not16_gate" "Not16" 3 23, 5 3 0, S_0x57bad9d620d0;
 .timescale 0 0;
    .port_info 0 /INPUT 16 "in_a";
    .port_info 1 /OUTPUT 16 "out";
v0x57bad9d5d150_0 .net "in_a", 15 0, L_0x57bad9dc6540;  alias, 1 drivers
v0x57bad9d5c3b0_0 .net "out", 15 0, L_0x57bad9dc9bc0;  alias, 1 drivers
L_0x57bad9dc6ba0 .part L_0x57bad9dc6540, 0, 1;
L_0x57bad9dc6c90 .part L_0x57bad9dc6540, 0, 1;
L_0x57bad9dc6df0 .part L_0x57bad9dc6540, 1, 1;
L_0x57bad9dc6e90 .part L_0x57bad9dc6540, 1, 1;
L_0x57bad9dc6ff0 .part L_0x57bad9dc6540, 2, 1;
L_0x57bad9dc70e0 .part L_0x57bad9dc6540, 2, 1;
L_0x57bad9dc7280 .part L_0x57bad9dc6540, 3, 1;
L_0x57bad9dc7370 .part L_0x57bad9dc6540, 3, 1;
L_0x57bad9dc7520 .part L_0x57bad9dc6540, 4, 1;
L_0x57bad9dc7610 .part L_0x57bad9dc6540, 4, 1;
L_0x57bad9dc77d0 .part L_0x57bad9dc6540, 5, 1;
L_0x57bad9dc7870 .part L_0x57bad9dc6540, 5, 1;
L_0x57bad9dc7a40 .part L_0x57bad9dc6540, 6, 1;
L_0x57bad9dc7b30 .part L_0x57bad9dc6540, 6, 1;
L_0x57bad9dc7ca0 .part L_0x57bad9dc6540, 7, 1;
L_0x57bad9dc7d90 .part L_0x57bad9dc6540, 7, 1;
L_0x57bad9dc7f80 .part L_0x57bad9dc6540, 8, 1;
L_0x57bad9dc8070 .part L_0x57bad9dc6540, 8, 1;
L_0x57bad9dc8270 .part L_0x57bad9dc6540, 9, 1;
L_0x57bad9dc8360 .part L_0x57bad9dc6540, 9, 1;
L_0x57bad9dc8160 .part L_0x57bad9dc6540, 10, 1;
L_0x57bad9dc85c0 .part L_0x57bad9dc6540, 10, 1;
L_0x57bad9dc87e0 .part L_0x57bad9dc6540, 11, 1;
L_0x57bad9dc88d0 .part L_0x57bad9dc6540, 11, 1;
L_0x57bad9dc8b00 .part L_0x57bad9dc6540, 12, 1;
L_0x57bad9dc8bf0 .part L_0x57bad9dc6540, 12, 1;
L_0x57bad9dc8e30 .part L_0x57bad9dc6540, 13, 1;
L_0x57bad9dc8f20 .part L_0x57bad9dc6540, 13, 1;
L_0x57bad9dc9170 .part L_0x57bad9dc6540, 14, 1;
L_0x57bad9dc9260 .part L_0x57bad9dc6540, 14, 1;
L_0x57bad9dc98d0 .part L_0x57bad9dc6540, 15, 1;
L_0x57bad9dc99c0 .part L_0x57bad9dc6540, 15, 1;
LS_0x57bad9dc9bc0_0_0 .concat8 [ 1 1 1 1], L_0x57bad9dc6b30, L_0x57bad9dc6d80, L_0x57bad9dc6f80, L_0x57bad9dc7210;
LS_0x57bad9dc9bc0_0_4 .concat8 [ 1 1 1 1], L_0x57bad9dc74b0, L_0x57bad9dc7760, L_0x57bad9dc79d0, L_0x57bad9dc7960;
LS_0x57bad9dc9bc0_0_8 .concat8 [ 1 1 1 1], L_0x57bad9dc7f10, L_0x57bad9dc8200, L_0x57bad9dc8500, L_0x57bad9dc8770;
LS_0x57bad9dc9bc0_0_12 .concat8 [ 1 1 1 1], L_0x57bad9dc8a90, L_0x57bad9dc8dc0, L_0x57bad9dc9100, L_0x57bad9dc9860;
L_0x57bad9dc9bc0 .concat8 [ 4 4 4 4], LS_0x57bad9dc9bc0_0_0, LS_0x57bad9dc9bc0_0_4, LS_0x57bad9dc9bc0_0_8, LS_0x57bad9dc9bc0_0_12;
S_0x57bad9d56790 .scope module, "nand_gate0" "Nand" 5 4, 4 1 0, S_0x57bad9d57480;
 .timescale 0 0;
    .port_info 0 /INPUT 1 "in_a";
    .port_info 1 /INPUT 1 "in_b";
    .port_info 2 /OUTPUT 1 "out";
L_0x57bad9dc6b30 .functor NAND 1, L_0x57bad9dc6ba0, L_0x57bad9dc6c90, C4<1>, C4<1>;
v0x57bad9d55b60_0 .net "in_a", 0 0, L_0x57bad9dc6ba0;  1 drivers
v0x57bad9d54db0_0 .net "in_b", 0 0, L_0x57bad9dc6c90;  1 drivers
v0x57bad9d54e70_0 .net "out", 0 0, L_0x57bad9dc6b30;  1 drivers
S_0x57bad9d533d0 .scope module, "nand_gate1" "Nand" 5 5, 4 1 0, S_0x57bad9d57480;
 .timescale 0 0;
    .port_info 0 /INPUT 1 "in_a";
    .port_info 1 /INPUT 1 "in_b";
    .port_info 2 /OUTPUT 1 "out";
L_0x57bad9dc6d80 .functor NAND 1, L_0x57bad9dc6df0, L_0x57bad9dc6e90, C4<1>, C4<1>;
v0x57bad9d526e0_0 .net "in_a", 0 0, L_0x57bad9dc6df0;  1 drivers
v0x57bad9d527c0_0 .net "in_b", 0 0, L_0x57bad9dc6e90;  1 drivers
v0x57bad9d519f0_0 .net "out", 0 0, L_0x57bad9dc6d80;  1 drivers
S_0x57bad9d50d00 .scope module, "nand_gate10" "Nand" 5 14, 4 1 0, S_0x57bad9d57480;
 .timescale 0 0;
    .port_info 0 /INPUT 1 "in_a";
    .port_info 1 /INPUT 1 "in_b";
    .port_info 2 /OUTPUT 1 "out";
L_0x57bad9dc8500 .functor NAND 1, L_0x57bad9dc8160, L_0x57bad9dc85c0, C4<1>, C4<1>;
v0x57bad9d50010_0 .net "in_a", 0 0, L_0x57bad9dc8160;  1 drivers
v0x57bad9d500d0_0 .net "in_b", 0 0, L_0x57bad9dc85c0;  1 drivers
v0x57bad9d4f320_0 .net "out", 0 0, L_0x57bad9dc8500;  1 drivers
S_0x57bad9d4e720 .scope module, "nand_gate11" "Nand" 5 15, 4 1 0, S_0x57bad9d57480;
 .timescale 0 0;
    .port_info 0 /INPUT 1 "in_a";
    .port_info 1 /INPUT 1 "in_b";
    .port_info 2 /OUTPUT 1 "out";
L_0x57bad9dc8770 .functor NAND 1, L_0x57bad9dc87e0, L_0x57bad9dc88d0, C4<1>, C4<1>;
v0x57bad9d4dd00_0 .net "in_a", 0 0, L_0x57bad9dc87e0;  1 drivers
v0x57bad9d88f90_0 .net "in_b", 0 0, L_0x57bad9dc88d0;  1 drivers
v0x57bad9d89050_0 .net "out", 0 0, L_0x57bad9dc8770;  1 drivers
S_0x57bad9d882a0 .scope module, "nand_gate12" "Nand" 5 16, 4 1 0, S_0x57bad9d57480;
 .timescale 0 0;
    .port_info 0 /INPUT 1 "in_a";
    .port_info 1 /INPUT 1 "in_b";
    .port_info 2 /OUTPUT 1 "out";
L_0x57bad9dc8a90 .functor NAND 1, L_0x57bad9dc8b00, L_0x57bad9dc8bf0, C4<1>, C4<1>;
v0x57bad9d876a0_0 .net "in_a", 0 0, L_0x57bad9dc8b00;  1 drivers
v0x57bad9d86900_0 .net "in_b", 0 0, L_0x57bad9dc8bf0;  1 drivers
v0x57bad9d869c0_0 .net "out", 0 0, L_0x57bad9dc8a90;  1 drivers
S_0x57bad9d84ee0 .scope module, "nand_gate13" "Nand" 5 17, 4 1 0, S_0x57bad9d57480;
 .timescale 0 0;
    .port_info 0 /INPUT 1 "in_a";
    .port_info 1 /INPUT 1 "in_b";
    .port_info 2 /OUTPUT 1 "out";
L_0x57bad9dc8dc0 .functor NAND 1, L_0x57bad9dc8e30, L_0x57bad9dc8f20, C4<1>, C4<1>;
v0x57bad9d841f0_0 .net "in_a", 0 0, L_0x57bad9dc8e30;  1 drivers
v0x57bad9d842d0_0 .net "in_b", 0 0, L_0x57bad9dc8f20;  1 drivers
v0x57bad9d83500_0 .net "out", 0 0, L_0x57bad9dc8dc0;  1 drivers
S_0x57bad9d82810 .scope module, "nand_gate14" "Nand" 5 18, 4 1 0, S_0x57bad9d57480;
 .timescale 0 0;
    .port_info 0 /INPUT 1 "in_a";
    .port_info 1 /INPUT 1 "in_b";
    .port_info 2 /OUTPUT 1 "out";
L_0x57bad9dc9100 .functor NAND 1, L_0x57bad9dc9170, L_0x57bad9dc9260, C4<1>, C4<1>;
v0x57bad9d81b20_0 .net "in_a", 0 0, L_0x57bad9dc9170;  1 drivers
v0x57bad9d81c00_0 .net "in_b", 0 0, L_0x57bad9dc9260;  1 drivers
v0x57bad9d80e30_0 .net "out", 0 0, L_0x57bad9dc9100;  1 drivers
S_0x57bad9d80140 .scope module, "nand_gate15" "Nand" 5 19, 4 1 0, S_0x57bad9d57480;
 .timescale 0 0;
    .port_info 0 /INPUT 1 "in_a";
    .port_info 1 /INPUT 1 "in_b";
    .port_info 2 /OUTPUT 1 "out";
L_0x57bad9dc9860 .functor NAND 1, L_0x57bad9dc98d0, L_0x57bad9dc99c0, C4<1>, C4<1>;
v0x57bad9d7f4a0_0 .net "in_a", 0 0, L_0x57bad9dc98d0;  1 drivers
v0x57bad9d7ea80_0 .net "in_b", 0 0, L_0x57bad9dc99c0;  1 drivers
v0x57bad9d7eb40_0 .net "out", 0 0, L_0x57bad9dc9860;  1 drivers
S_0x57bad9d773f0 .scope module, "nand_gate2" "Nand" 5 6, 4 1 0, S_0x57bad9d57480;
 .timescale 0 0;
    .port_info 0 /INPUT 1 "in_a";
    .port_info 1 /INPUT 1 "in_b";
    .port_info 2 /OUTPUT 1 "out";
L_0x57bad9dc6f80 .functor NAND 1, L_0x57bad9dc6ff0, L_0x57bad9dc70e0, C4<1>, C4<1>;
v0x57bad9d95370_0 .net "in_a", 0 0, L_0x57bad9dc6ff0;  1 drivers
v0x57bad9d94630_0 .net "in_b", 0 0, L_0x57bad9dc70e0;  1 drivers
v0x57bad9d946f0_0 .net "out", 0 0, L_0x57bad9dc6f80;  1 drivers
S_0x57bad9d93940 .scope module, "nand_gate3" "Nand" 5 7, 4 1 0, S_0x57bad9d57480;
 .timescale 0 0;
    .port_info 0 /INPUT 1 "in_a";
    .port_info 1 /INPUT 1 "in_b";
    .port_info 2 /OUTPUT 1 "out";
L_0x57bad9dc7210 .functor NAND 1, L_0x57bad9dc7280, L_0x57bad9dc7370, C4<1>, C4<1>;
v0x57bad9d92cf0_0 .net "in_a", 0 0, L_0x57bad9dc7280;  1 drivers
v0x57bad9d91f60_0 .net "in_b", 0 0, L_0x57bad9dc7370;  1 drivers
v0x57bad9d92020_0 .net "out", 0 0, L_0x57bad9dc7210;  1 drivers
S_0x57bad9d90580 .scope module, "nand_gate4" "Nand" 5 8, 4 1 0, S_0x57bad9d57480;
 .timescale 0 0;
    .port_info 0 /INPUT 1 "in_a";
    .port_info 1 /INPUT 1 "in_b";
    .port_info 2 /OUTPUT 1 "out";
L_0x57bad9dc74b0 .functor NAND 1, L_0x57bad9dc7520, L_0x57bad9dc7610, C4<1>, C4<1>;
v0x57bad9d91350_0 .net "in_a", 0 0, L_0x57bad9dc7520;  1 drivers
v0x57bad9d8f8b0_0 .net "in_b", 0 0, L_0x57bad9dc7610;  1 drivers
v0x57bad9d8f970_0 .net "out", 0 0, L_0x57bad9dc74b0;  1 drivers
S_0x57bad9d8deb0 .scope module, "nand_gate5" "Nand" 5 9, 4 1 0, S_0x57bad9d57480;
 .timescale 0 0;
    .port_info 0 /INPUT 1 "in_a";
    .port_info 1 /INPUT 1 "in_b";
    .port_info 2 /OUTPUT 1 "out";
L_0x57bad9dc7760 .functor NAND 1, L_0x57bad9dc77d0, L_0x57bad9dc7870, C4<1>, C4<1>;
v0x57bad9d8d1c0_0 .net "in_a", 0 0, L_0x57bad9dc77d0;  1 drivers
v0x57bad9d8d2a0_0 .net "in_b", 0 0, L_0x57bad9dc7870;  1 drivers
v0x57bad9d8c4d0_0 .net "out", 0 0, L_0x57bad9dc7760;  1 drivers
S_0x57bad9d8b920 .scope module, "nand_gate6" "Nand" 5 10, 4 1 0, S_0x57bad9d57480;
 .timescale 0 0;
    .port_info 0 /INPUT 1 "in_a";
    .port_info 1 /INPUT 1 "in_b";
    .port_info 2 /OUTPUT 1 "out";
L_0x57bad9dc79d0 .functor NAND 1, L_0x57bad9dc7a40, L_0x57bad9dc7b30, C4<1>, C4<1>;
v0x57bad9d8ae10_0 .net "in_a", 0 0, L_0x57bad9dc7a40;  1 drivers
v0x57bad9d8aed0_0 .net "in_b", 0 0, L_0x57bad9dc7b30;  1 drivers
v0x57bad9d89c80_0 .net "out", 0 0, L_0x57bad9dc79d0;  1 drivers
S_0x57bad9d64510 .scope module, "nand_gate7" "Nand" 5 11, 4 1 0, S_0x57bad9d57480;
 .timescale 0 0;
    .port_info 0 /INPUT 1 "in_a";
    .port_info 1 /INPUT 1 "in_b";
    .port_info 2 /OUTPUT 1 "out";
L_0x57bad9dc7960 .functor NAND 1, L_0x57bad9dc7ca0, L_0x57bad9dc7d90, C4<1>, C4<1>;
v0x57bad9d63870_0 .net "in_a", 0 0, L_0x57bad9dc7ca0;  1 drivers
v0x57bad9d62b30_0 .net "in_b", 0 0, L_0x57bad9dc7d90;  1 drivers
v0x57bad9d62bf0_0 .net "out", 0 0, L_0x57bad9dc7960;  1 drivers
S_0x57bad9d61e40 .scope module, "nand_gate8" "Nand" 5 12, 4 1 0, S_0x57bad9d57480;
 .timescale 0 0;
    .port_info 0 /INPUT 1 "in_a";
    .port_info 1 /INPUT 1 "in_b";
    .port_info 2 /OUTPUT 1 "out";
L_0x57bad9dc7f10 .functor NAND 1, L_0x57bad9dc7f80, L_0x57bad9dc8070, C4<1>, C4<1>;
v0x57bad9d611f0_0 .net "in_a", 0 0, L_0x57bad9dc7f80;  1 drivers
v0x57bad9d60460_0 .net "in_b", 0 0, L_0x57bad9dc8070;  1 drivers
v0x57bad9d60500_0 .net "out", 0 0, L_0x57bad9dc7f10;  1 drivers
S_0x57bad9d5ea80 .scope module, "nand_gate9" "Nand" 5 13, 4 1 0, S_0x57bad9d57480;
 .timescale 0 0;
    .port_info 0 /INPUT 1 "in_a";
    .port_info 1 /INPUT 1 "in_b";
    .port_info 2 /OUTPUT 1 "out";
L_0x57bad9dc8200 .functor NAND 1, L_0x57bad9dc8270, L_0x57bad9dc8360, C4<1>, C4<1>;
v0x57bad9d5f870_0 .net "in_a", 0 0, L_0x57bad9dc8270;  1 drivers
v0x57bad9d5ddd0_0 .net "in_b", 0 0, L_0x57bad9dc8360;  1 drivers
v0x57bad9d5de90_0 .net "out", 0 0, L_0x57bad9dc8200;  1 drivers
S_0x57bad9d52970 .scope module, "and16_gate2" "And16" 2 15, 3 3 0, S_0x57bad9d86b50;
 .timescale 0 0;
    .port_info 0 /INPUT 16 "in_a";
    .port_info 1 /INPUT 16 "in_b";
    .port_info 2 /OUTPUT 16 "out";
v0x57bad9da6e60_0 .net "in_a", 15 0, o0x777dcdc35a58;  alias, 0 drivers
v0x57bad9da6f40_0 .net "in_b", 15 0, o0x777dcdc35a58;  alias, 0 drivers
v0x57bad9da7030_0 .net "out", 15 0, L_0x57bad9dd3de0;  alias, 1 drivers
v0x57bad9da7130_0 .net/s "temp_out", 15 0, L_0x57bad9dd07a0;  1 drivers
L_0x57bad9dcd7c0 .part o0x777dcdc35a58, 0, 1;
L_0x57bad9dcd8b0 .part o0x777dcdc35a58, 0, 1;
L_0x57bad9dcda10 .part o0x777dcdc35a58, 1, 1;
L_0x57bad9dcdab0 .part o0x777dcdc35a58, 1, 1;
L_0x57bad9dcdc10 .part o0x777dcdc35a58, 2, 1;
L_0x57bad9dcdd00 .part o0x777dcdc35a58, 2, 1;
L_0x57bad9dcde60 .part o0x777dcdc35a58, 3, 1;
L_0x57bad9dcdf50 .part o0x777dcdc35a58, 3, 1;
L_0x57bad9dce100 .part o0x777dcdc35a58, 4, 1;
L_0x57bad9dce1f0 .part o0x777dcdc35a58, 4, 1;
L_0x57bad9dce3b0 .part o0x777dcdc35a58, 5, 1;
L_0x57bad9dce450 .part o0x777dcdc35a58, 5, 1;
L_0x57bad9dce620 .part o0x777dcdc35a58, 6, 1;
L_0x57bad9dce710 .part o0x777dcdc35a58, 6, 1;
L_0x57bad9dce880 .part o0x777dcdc35a58, 7, 1;
L_0x57bad9dce970 .part o0x777dcdc35a58, 7, 1;
L_0x57bad9dceb60 .part o0x777dcdc35a58, 8, 1;
L_0x57bad9dcec50 .part o0x777dcdc35a58, 8, 1;
L_0x57bad9dcee50 .part o0x777dcdc35a58, 9, 1;
L_0x57bad9dcef40 .part o0x777dcdc35a58, 9, 1;
L_0x57bad9dced40 .part o0x777dcdc35a58, 10, 1;
L_0x57bad9dcf1a0 .part o0x777dcdc35a58, 10, 1;
L_0x57bad9dcf3c0 .part o0x777dcdc35a58, 11, 1;
L_0x57bad9dcf4b0 .part o0x777dcdc35a58, 11, 1;
L_0x57bad9dcf6e0 .part o0x777dcdc35a58, 12, 1;
L_0x57bad9dcf7d0 .part o0x777dcdc35a58, 12, 1;
L_0x57bad9dcfa10 .part o0x777dcdc35a58, 13, 1;
L_0x57bad9dcfb00 .part o0x777dcdc35a58, 13, 1;
L_0x57bad9dcfd50 .part o0x777dcdc35a58, 14, 1;
L_0x57bad9dcfe40 .part o0x777dcdc35a58, 14, 1;
L_0x57bad9dd04b0 .part o0x777dcdc35a58, 15, 1;
L_0x57bad9dd05a0 .part o0x777dcdc35a58, 15, 1;
LS_0x57bad9dd07a0_0_0 .concat8 [ 1 1 1 1], L_0x57bad9dcd750, L_0x57bad9dcd9a0, L_0x57bad9dcdba0, L_0x57bad9dcddf0;
LS_0x57bad9dd07a0_0_4 .concat8 [ 1 1 1 1], L_0x57bad9dce090, L_0x57bad9dce340, L_0x57bad9dce5b0, L_0x57bad9dce540;
LS_0x57bad9dd07a0_0_8 .concat8 [ 1 1 1 1], L_0x57bad9dceaf0, L_0x57bad9dcede0, L_0x57bad9dcf0e0, L_0x57bad9dcf350;
LS_0x57bad9dd07a0_0_12 .concat8 [ 1 1 1 1], L_0x57bad9dcf670, L_0x57bad9dcf9a0, L_0x57bad9dcfce0, L_0x57bad9dd0440;
L_0x57bad9dd07a0 .concat8 [ 4 4 4 4], LS_0x57bad9dd07a0_0_0, LS_0x57bad9dd07a0_0_4, LS_0x57bad9dd07a0_0_8, LS_0x57bad9dd07a0_0_12;
S_0x57bad9d708a0 .scope module, "nand_gate0" "Nand" 3 6, 4 1 0, S_0x57bad9d52970;
 .timescale 0 0;
    .port_info 0 /INPUT 1 "in_a";
    .port_info 1 /INPUT 1 "in_b";
    .port_info 2 /OUTPUT 1 "out";
L_0x57bad9dcd750 .functor NAND 1, L_0x57bad9dcd7c0, L_0x57bad9dcd8b0, C4<1>, C4<1>;
v0x57bad9d6fc00_0 .net "in_a", 0 0, L_0x57bad9dcd7c0;  1 drivers
v0x57bad9d6eec0_0 .net "in_b", 0 0, L_0x57bad9dcd8b0;  1 drivers
v0x57bad9d6ef80_0 .net "out", 0 0, L_0x57bad9dcd750;  1 drivers
S_0x57bad9d6e1d0 .scope module, "nand_gate1" "Nand" 3 7, 4 1 0, S_0x57bad9d52970;
 .timescale 0 0;
    .port_info 0 /INPUT 1 "in_a";
    .port_info 1 /INPUT 1 "in_b";
    .port_info 2 /OUTPUT 1 "out";
L_0x57bad9dcd9a0 .functor NAND 1, L_0x57bad9dcda10, L_0x57bad9dcdab0, C4<1>, C4<1>;
v0x57bad9d6d5a0_0 .net "in_a", 0 0, L_0x57bad9dcda10;  1 drivers
v0x57bad9d6c7f0_0 .net "in_b", 0 0, L_0x57bad9dcdab0;  1 drivers
v0x57bad9d6c8b0_0 .net "out", 0 0, L_0x57bad9dcd9a0;  1 drivers
S_0x57bad9d6ae10 .scope module, "nand_gate10" "Nand" 3 16, 4 1 0, S_0x57bad9d52970;
 .timescale 0 0;
    .port_info 0 /INPUT 1 "in_a";
    .port_info 1 /INPUT 1 "in_b";
    .port_info 2 /OUTPUT 1 "out";
L_0x57bad9dcf0e0 .functor NAND 1, L_0x57bad9dced40, L_0x57bad9dcf1a0, C4<1>, C4<1>;
v0x57bad9d6bbe0_0 .net "in_a", 0 0, L_0x57bad9dced40;  1 drivers
v0x57bad9d6a120_0 .net "in_b", 0 0, L_0x57bad9dcf1a0;  1 drivers
v0x57bad9d6a1e0_0 .net "out", 0 0, L_0x57bad9dcf0e0;  1 drivers
S_0x57bad9d68740 .scope module, "nand_gate11" "Nand" 3 17, 4 1 0, S_0x57bad9d52970;
 .timescale 0 0;
    .port_info 0 /INPUT 1 "in_a";
    .port_info 1 /INPUT 1 "in_b";
    .port_info 2 /OUTPUT 1 "out";
L_0x57bad9dcf350 .functor NAND 1, L_0x57bad9dcf3c0, L_0x57bad9dcf4b0, C4<1>, C4<1>;
v0x57bad9d67a50_0 .net "in_a", 0 0, L_0x57bad9dcf3c0;  1 drivers
v0x57bad9d67b30_0 .net "in_b", 0 0, L_0x57bad9dcf4b0;  1 drivers
v0x57bad9d66ea0_0 .net "out", 0 0, L_0x57bad9dcf350;  1 drivers
S_0x57bad9d66390 .scope module, "nand_gate12" "Nand" 3 18, 4 1 0, S_0x57bad9d52970;
 .timescale 0 0;
    .port_info 0 /INPUT 1 "in_a";
    .port_info 1 /INPUT 1 "in_b";
    .port_info 2 /OUTPUT 1 "out";
L_0x57bad9dcf670 .functor NAND 1, L_0x57bad9dcf6e0, L_0x57bad9dcf7d0, C4<1>, C4<1>;
v0x57bad9d65250_0 .net "in_a", 0 0, L_0x57bad9dcf6e0;  1 drivers
v0x57bad9d3fa90_0 .net "in_b", 0 0, L_0x57bad9dcf7d0;  1 drivers
v0x57bad9d3fb50_0 .net "out", 0 0, L_0x57bad9dcf670;  1 drivers
S_0x57bad9d3eda0 .scope module, "nand_gate13" "Nand" 3 19, 4 1 0, S_0x57bad9d52970;
 .timescale 0 0;
    .port_info 0 /INPUT 1 "in_a";
    .port_info 1 /INPUT 1 "in_b";
    .port_info 2 /OUTPUT 1 "out";
L_0x57bad9dcf9a0 .functor NAND 1, L_0x57bad9dcfa10, L_0x57bad9dcfb00, C4<1>, C4<1>;
v0x57bad9d3e100_0 .net "in_a", 0 0, L_0x57bad9dcfa10;  1 drivers
v0x57bad9d3d3c0_0 .net "in_b", 0 0, L_0x57bad9dcfb00;  1 drivers
v0x57bad9d3d480_0 .net "out", 0 0, L_0x57bad9dcf9a0;  1 drivers
S_0x57bad9d3b9e0 .scope module, "nand_gate14" "Nand" 3 20, 4 1 0, S_0x57bad9d52970;
 .timescale 0 0;
    .port_info 0 /INPUT 1 "in_a";
    .port_info 1 /INPUT 1 "in_b";
    .port_info 2 /OUTPUT 1 "out";
L_0x57bad9dcfce0 .functor NAND 1, L_0x57bad9dcfd50, L_0x57bad9dcfe40, C4<1>, C4<1>;
v0x57bad9d3c790_0 .net "in_a", 0 0, L_0x57bad9dcfd50;  1 drivers
v0x57bad9d3acf0_0 .net "in_b", 0 0, L_0x57bad9dcfe40;  1 drivers
v0x57bad9d3adb0_0 .net "out", 0 0, L_0x57bad9dcfce0;  1 drivers
S_0x57bad9d39310 .scope module, "nand_gate15" "Nand" 3 21, 4 1 0, S_0x57bad9d52970;
 .timescale 0 0;
    .port_info 0 /INPUT 1 "in_a";
    .port_info 1 /INPUT 1 "in_b";
    .port_info 2 /OUTPUT 1 "out";
L_0x57bad9dd0440 .functor NAND 1, L_0x57bad9dd04b0, L_0x57bad9dd05a0, C4<1>, C4<1>;
v0x57bad9d38620_0 .net "in_a", 0 0, L_0x57bad9dd04b0;  1 drivers
v0x57bad9d38700_0 .net "in_b", 0 0, L_0x57bad9dd05a0;  1 drivers
v0x57bad9d37930_0 .net "out", 0 0, L_0x57bad9dd0440;  1 drivers
S_0x57bad9d36c40 .scope module, "nand_gate2" "Nand" 3 8, 4 1 0, S_0x57bad9d52970;
 .timescale 0 0;
    .port_info 0 /INPUT 1 "in_a";
    .port_info 1 /INPUT 1 "in_b";
    .port_info 2 /OUTPUT 1 "out";
L_0x57bad9dcdba0 .functor NAND 1, L_0x57bad9dcdc10, L_0x57bad9dcdd00, C4<1>, C4<1>;
v0x57bad9d35fe0_0 .net "in_a", 0 0, L_0x57bad9dcdc10;  1 drivers
v0x57bad9d35260_0 .net "in_b", 0 0, L_0x57bad9dcdd00;  1 drivers
v0x57bad9d35320_0 .net "out", 0 0, L_0x57bad9dcdba0;  1 drivers
S_0x57bad9d4be20 .scope module, "nand_gate3" "Nand" 3 9, 4 1 0, S_0x57bad9d52970;
 .timescale 0 0;
    .port_info 0 /INPUT 1 "in_a";
    .port_info 1 /INPUT 1 "in_b";
    .port_info 2 /OUTPUT 1 "out";
L_0x57bad9dcddf0 .functor NAND 1, L_0x57bad9dcde60, L_0x57bad9dcdf50, C4<1>, C4<1>;
v0x57bad9d4b1d0_0 .net "in_a", 0 0, L_0x57bad9dcde60;  1 drivers
v0x57bad9d4a440_0 .net "in_b", 0 0, L_0x57bad9dcdf50;  1 drivers
v0x57bad9d4a4e0_0 .net "out", 0 0, L_0x57bad9dcddf0;  1 drivers
S_0x57bad9d48a60 .scope module, "nand_gate4" "Nand" 3 10, 4 1 0, S_0x57bad9d52970;
 .timescale 0 0;
    .port_info 0 /INPUT 1 "in_a";
    .port_info 1 /INPUT 1 "in_b";
    .port_info 2 /OUTPUT 1 "out";
L_0x57bad9dce090 .functor NAND 1, L_0x57bad9dce100, L_0x57bad9dce1f0, C4<1>, C4<1>;
v0x57bad9d49810_0 .net "in_a", 0 0, L_0x57bad9dce100;  1 drivers
v0x57bad9d47d70_0 .net "in_b", 0 0, L_0x57bad9dce1f0;  1 drivers
v0x57bad9d47e30_0 .net "out", 0 0, L_0x57bad9dce090;  1 drivers
S_0x57bad9d46390 .scope module, "nand_gate5" "Nand" 3 11, 4 1 0, S_0x57bad9d52970;
 .timescale 0 0;
    .port_info 0 /INPUT 1 "in_a";
    .port_info 1 /INPUT 1 "in_b";
    .port_info 2 /OUTPUT 1 "out";
L_0x57bad9dce340 .functor NAND 1, L_0x57bad9dce3b0, L_0x57bad9dce450, C4<1>, C4<1>;
v0x57bad9d456a0_0 .net "in_a", 0 0, L_0x57bad9dce3b0;  1 drivers
v0x57bad9d45780_0 .net "in_b", 0 0, L_0x57bad9dce450;  1 drivers
v0x57bad9d449b0_0 .net "out", 0 0, L_0x57bad9dce340;  1 drivers
S_0x57bad9d43cc0 .scope module, "nand_gate6" "Nand" 3 12, 4 1 0, S_0x57bad9d52970;
 .timescale 0 0;
    .port_info 0 /INPUT 1 "in_a";
    .port_info 1 /INPUT 1 "in_b";
    .port_info 2 /OUTPUT 1 "out";
L_0x57bad9dce5b0 .functor NAND 1, L_0x57bad9dce620, L_0x57bad9dce710, C4<1>, C4<1>;
v0x57bad9d41910_0 .net "in_a", 0 0, L_0x57bad9dce620;  1 drivers
v0x57bad9d419f0_0 .net "in_b", 0 0, L_0x57bad9dce710;  1 drivers
v0x57bad9d40780_0 .net "out", 0 0, L_0x57bad9dce5b0;  1 drivers
S_0x57bad9d9d840 .scope module, "nand_gate7" "Nand" 3 13, 4 1 0, S_0x57bad9d52970;
 .timescale 0 0;
    .port_info 0 /INPUT 1 "in_a";
    .port_info 1 /INPUT 1 "in_b";
    .port_info 2 /OUTPUT 1 "out";
L_0x57bad9dce540 .functor NAND 1, L_0x57bad9dce880, L_0x57bad9dce970, C4<1>, C4<1>;
v0x57bad9d9e580_0 .net "in_a", 0 0, L_0x57bad9dce880;  1 drivers
v0x57bad9d9f220_0 .net "in_b", 0 0, L_0x57bad9dce970;  1 drivers
v0x57bad9d9f2e0_0 .net "out", 0 0, L_0x57bad9dce540;  1 drivers
S_0x57bad9d9ff10 .scope module, "nand_gate8" "Nand" 3 14, 4 1 0, S_0x57bad9d52970;
 .timescale 0 0;
    .port_info 0 /INPUT 1 "in_a";
    .port_info 1 /INPUT 1 "in_b";
    .port_info 2 /OUTPUT 1 "out";
L_0x57bad9dceaf0 .functor NAND 1, L_0x57bad9dceb60, L_0x57bad9dcec50, C4<1>, C4<1>;
v0x57bad9da0c50_0 .net "in_a", 0 0, L_0x57bad9dceb60;  1 drivers
v0x57bad9da0d10_0 .net "in_b", 0 0, L_0x57bad9dcec50;  1 drivers
v0x57bad9da18f0_0 .net "out", 0 0, L_0x57bad9dceaf0;  1 drivers
S_0x57bad9da25e0 .scope module, "nand_gate9" "Nand" 3 15, 4 1 0, S_0x57bad9d52970;
 .timescale 0 0;
    .port_info 0 /INPUT 1 "in_a";
    .port_info 1 /INPUT 1 "in_b";
    .port_info 2 /OUTPUT 1 "out";
L_0x57bad9dcede0 .functor NAND 1, L_0x57bad9dcee50, L_0x57bad9dcef40, C4<1>, C4<1>;
v0x57bad9d96890_0 .net "in_a", 0 0, L_0x57bad9dcee50;  1 drivers
v0x57bad9d96970_0 .net "in_b", 0 0, L_0x57bad9dcef40;  1 drivers
v0x57bad9d8a4b0_0 .net "out", 0 0, L_0x57bad9dcede0;  1 drivers
S_0x57bad9d65a30 .scope module, "not16_gate" "Not16" 3 23, 5 3 0, S_0x57bad9d52970;
 .timescale 0 0;
    .port_info 0 /INPUT 16 "in_a";
    .port_info 1 /OUTPUT 16 "out";
v0x57bad9da6c40_0 .net "in_a", 15 0, L_0x57bad9dd07a0;  alias, 1 drivers
v0x57bad9da6d20_0 .net "out", 15 0, L_0x57bad9dd3de0;  alias, 1 drivers
L_0x57bad9dd0e00 .part L_0x57bad9dd07a0, 0, 1;
L_0x57bad9dd0ef0 .part L_0x57bad9dd07a0, 0, 1;
L_0x57bad9dd1050 .part L_0x57bad9dd07a0, 1, 1;
L_0x57bad9dd10f0 .part L_0x57bad9dd07a0, 1, 1;
L_0x57bad9dd1250 .part L_0x57bad9dd07a0, 2, 1;
L_0x57bad9dd1340 .part L_0x57bad9dd07a0, 2, 1;
L_0x57bad9dd14a0 .part L_0x57bad9dd07a0, 3, 1;
L_0x57bad9dd1590 .part L_0x57bad9dd07a0, 3, 1;
L_0x57bad9dd1740 .part L_0x57bad9dd07a0, 4, 1;
L_0x57bad9dd1830 .part L_0x57bad9dd07a0, 4, 1;
L_0x57bad9dd19f0 .part L_0x57bad9dd07a0, 5, 1;
L_0x57bad9dd1a90 .part L_0x57bad9dd07a0, 5, 1;
L_0x57bad9dd1c60 .part L_0x57bad9dd07a0, 6, 1;
L_0x57bad9dd1d50 .part L_0x57bad9dd07a0, 6, 1;
L_0x57bad9dd1ec0 .part L_0x57bad9dd07a0, 7, 1;
L_0x57bad9dd1fb0 .part L_0x57bad9dd07a0, 7, 1;
L_0x57bad9dd21a0 .part L_0x57bad9dd07a0, 8, 1;
L_0x57bad9dd2290 .part L_0x57bad9dd07a0, 8, 1;
L_0x57bad9dd2490 .part L_0x57bad9dd07a0, 9, 1;
L_0x57bad9dd2580 .part L_0x57bad9dd07a0, 9, 1;
L_0x57bad9dd2380 .part L_0x57bad9dd07a0, 10, 1;
L_0x57bad9dd27e0 .part L_0x57bad9dd07a0, 10, 1;
L_0x57bad9dd2a00 .part L_0x57bad9dd07a0, 11, 1;
L_0x57bad9dd2af0 .part L_0x57bad9dd07a0, 11, 1;
L_0x57bad9dd2d20 .part L_0x57bad9dd07a0, 12, 1;
L_0x57bad9dd2e10 .part L_0x57bad9dd07a0, 12, 1;
L_0x57bad9dd3050 .part L_0x57bad9dd07a0, 13, 1;
L_0x57bad9dd3140 .part L_0x57bad9dd07a0, 13, 1;
L_0x57bad9dd3390 .part L_0x57bad9dd07a0, 14, 1;
L_0x57bad9dd3480 .part L_0x57bad9dd07a0, 14, 1;
L_0x57bad9dd3af0 .part L_0x57bad9dd07a0, 15, 1;
L_0x57bad9dd3be0 .part L_0x57bad9dd07a0, 15, 1;
LS_0x57bad9dd3de0_0_0 .concat8 [ 1 1 1 1], L_0x57bad9dd0d90, L_0x57bad9dd0fe0, L_0x57bad9dd11e0, L_0x57bad9dd1430;
LS_0x57bad9dd3de0_0_4 .concat8 [ 1 1 1 1], L_0x57bad9dd16d0, L_0x57bad9dd1980, L_0x57bad9dd1bf0, L_0x57bad9dd1b80;
LS_0x57bad9dd3de0_0_8 .concat8 [ 1 1 1 1], L_0x57bad9dd2130, L_0x57bad9dd2420, L_0x57bad9dd2720, L_0x57bad9dd2990;
LS_0x57bad9dd3de0_0_12 .concat8 [ 1 1 1 1], L_0x57bad9dd2cb0, L_0x57bad9dd2fe0, L_0x57bad9dd3320, L_0x57bad9dd3a80;
L_0x57bad9dd3de0 .concat8 [ 4 4 4 4], LS_0x57bad9dd3de0_0_0, LS_0x57bad9dd3de0_0_4, LS_0x57bad9dd3de0_0_8, LS_0x57bad9dd3de0_0_12;
S_0x57bad9cdbc60 .scope module, "nand_gate0" "Nand" 5 4, 4 1 0, S_0x57bad9d65a30;
 .timescale 0 0;
    .port_info 0 /INPUT 1 "in_a";
    .port_info 1 /INPUT 1 "in_b";
    .port_info 2 /OUTPUT 1 "out";
L_0x57bad9dd0d90 .functor NAND 1, L_0x57bad9dd0e00, L_0x57bad9dd0ef0, C4<1>, C4<1>;
v0x57bad9cdbed0_0 .net "in_a", 0 0, L_0x57bad9dd0e00;  1 drivers
v0x57bad9cdbfb0_0 .net "in_b", 0 0, L_0x57bad9dd0ef0;  1 drivers
v0x57bad9cdc070_0 .net "out", 0 0, L_0x57bad9dd0d90;  1 drivers
S_0x57bad9ce96c0 .scope module, "nand_gate1" "Nand" 5 5, 4 1 0, S_0x57bad9d65a30;
 .timescale 0 0;
    .port_info 0 /INPUT 1 "in_a";
    .port_info 1 /INPUT 1 "in_b";
    .port_info 2 /OUTPUT 1 "out";
L_0x57bad9dd0fe0 .functor NAND 1, L_0x57bad9dd1050, L_0x57bad9dd10f0, C4<1>, C4<1>;
v0x57bad9ce98f0_0 .net "in_a", 0 0, L_0x57bad9dd1050;  1 drivers
v0x57bad9ce99b0_0 .net "in_b", 0 0, L_0x57bad9dd10f0;  1 drivers
v0x57bad9ce9a70_0 .net "out", 0 0, L_0x57bad9dd0fe0;  1 drivers
S_0x57bad9ce2330 .scope module, "nand_gate10" "Nand" 5 14, 4 1 0, S_0x57bad9d65a30;
 .timescale 0 0;
    .port_info 0 /INPUT 1 "in_a";
    .port_info 1 /INPUT 1 "in_b";
    .port_info 2 /OUTPUT 1 "out";
L_0x57bad9dd2720 .functor NAND 1, L_0x57bad9dd2380, L_0x57bad9dd27e0, C4<1>, C4<1>;
v0x57bad9ce2590_0 .net "in_a", 0 0, L_0x57bad9dd2380;  1 drivers
v0x57bad9ce2650_0 .net "in_b", 0 0, L_0x57bad9dd27e0;  1 drivers
v0x57bad9ce2710_0 .net "out", 0 0, L_0x57bad9dd2720;  1 drivers
S_0x57bad9da29d0 .scope module, "nand_gate11" "Nand" 5 15, 4 1 0, S_0x57bad9d65a30;
 .timescale 0 0;
    .port_info 0 /INPUT 1 "in_a";
    .port_info 1 /INPUT 1 "in_b";
    .port_info 2 /OUTPUT 1 "out";
L_0x57bad9dd2990 .functor NAND 1, L_0x57bad9dd2a00, L_0x57bad9dd2af0, C4<1>, C4<1>;
v0x57bad9da2c00_0 .net "in_a", 0 0, L_0x57bad9dd2a00;  1 drivers
v0x57bad9da2ce0_0 .net "in_b", 0 0, L_0x57bad9dd2af0;  1 drivers
v0x57bad9da2da0_0 .net "out", 0 0, L_0x57bad9dd2990;  1 drivers
S_0x57bad9da2ef0 .scope module, "nand_gate12" "Nand" 5 16, 4 1 0, S_0x57bad9d65a30;
 .timescale 0 0;
    .port_info 0 /INPUT 1 "in_a";
    .port_info 1 /INPUT 1 "in_b";
    .port_info 2 /OUTPUT 1 "out";
L_0x57bad9dd2cb0 .functor NAND 1, L_0x57bad9dd2d20, L_0x57bad9dd2e10, C4<1>, C4<1>;
v0x57bad9da3170_0 .net "in_a", 0 0, L_0x57bad9dd2d20;  1 drivers
v0x57bad9da3250_0 .net "in_b", 0 0, L_0x57bad9dd2e10;  1 drivers
v0x57bad9da3310_0 .net "out", 0 0, L_0x57bad9dd2cb0;  1 drivers
S_0x57bad9da3430 .scope module, "nand_gate13" "Nand" 5 17, 4 1 0, S_0x57bad9d65a30;
 .timescale 0 0;
    .port_info 0 /INPUT 1 "in_a";
    .port_info 1 /INPUT 1 "in_b";
    .port_info 2 /OUTPUT 1 "out";
L_0x57bad9dd2fe0 .functor NAND 1, L_0x57bad9dd3050, L_0x57bad9dd3140, C4<1>, C4<1>;
v0x57bad9da3660_0 .net "in_a", 0 0, L_0x57bad9dd3050;  1 drivers
v0x57bad9da3740_0 .net "in_b", 0 0, L_0x57bad9dd3140;  1 drivers
v0x57bad9da3800_0 .net "out", 0 0, L_0x57bad9dd2fe0;  1 drivers
S_0x57bad9da3950 .scope module, "nand_gate14" "Nand" 5 18, 4 1 0, S_0x57bad9d65a30;
 .timescale 0 0;
    .port_info 0 /INPUT 1 "in_a";
    .port_info 1 /INPUT 1 "in_b";
    .port_info 2 /OUTPUT 1 "out";
L_0x57bad9dd3320 .functor NAND 1, L_0x57bad9dd3390, L_0x57bad9dd3480, C4<1>, C4<1>;
v0x57bad9da3b80_0 .net "in_a", 0 0, L_0x57bad9dd3390;  1 drivers
v0x57bad9da3c60_0 .net "in_b", 0 0, L_0x57bad9dd3480;  1 drivers
v0x57bad9da3d20_0 .net "out", 0 0, L_0x57bad9dd3320;  1 drivers
S_0x57bad9da3e70 .scope module, "nand_gate15" "Nand" 5 19, 4 1 0, S_0x57bad9d65a30;
 .timescale 0 0;
    .port_info 0 /INPUT 1 "in_a";
    .port_info 1 /INPUT 1 "in_b";
    .port_info 2 /OUTPUT 1 "out";
L_0x57bad9dd3a80 .functor NAND 1, L_0x57bad9dd3af0, L_0x57bad9dd3be0, C4<1>, C4<1>;
v0x57bad9da40a0_0 .net "in_a", 0 0, L_0x57bad9dd3af0;  1 drivers
v0x57bad9da4180_0 .net "in_b", 0 0, L_0x57bad9dd3be0;  1 drivers
v0x57bad9da4240_0 .net "out", 0 0, L_0x57bad9dd3a80;  1 drivers
S_0x57bad9da4390 .scope module, "nand_gate2" "Nand" 5 6, 4 1 0, S_0x57bad9d65a30;
 .timescale 0 0;
    .port_info 0 /INPUT 1 "in_a";
    .port_info 1 /INPUT 1 "in_b";
    .port_info 2 /OUTPUT 1 "out";
L_0x57bad9dd11e0 .functor NAND 1, L_0x57bad9dd1250, L_0x57bad9dd1340, C4<1>, C4<1>;
v0x57bad9da4570_0 .net "in_a", 0 0, L_0x57bad9dd1250;  1 drivers
v0x57bad9da4650_0 .net "in_b", 0 0, L_0x57bad9dd1340;  1 drivers
v0x57bad9da4710_0 .net "out", 0 0, L_0x57bad9dd11e0;  1 drivers
S_0x57bad9da4860 .scope module, "nand_gate3" "Nand" 5 7, 4 1 0, S_0x57bad9d65a30;
 .timescale 0 0;
    .port_info 0 /INPUT 1 "in_a";
    .port_info 1 /INPUT 1 "in_b";
    .port_info 2 /OUTPUT 1 "out";
L_0x57bad9dd1430 .functor NAND 1, L_0x57bad9dd14a0, L_0x57bad9dd1590, C4<1>, C4<1>;
v0x57bad9da4a90_0 .net "in_a", 0 0, L_0x57bad9dd14a0;  1 drivers
v0x57bad9da4b70_0 .net "in_b", 0 0, L_0x57bad9dd1590;  1 drivers
v0x57bad9da4c30_0 .net "out", 0 0, L_0x57bad9dd1430;  1 drivers
S_0x57bad9da4d80 .scope module, "nand_gate4" "Nand" 5 8, 4 1 0, S_0x57bad9d65a30;
 .timescale 0 0;
    .port_info 0 /INPUT 1 "in_a";
    .port_info 1 /INPUT 1 "in_b";
    .port_info 2 /OUTPUT 1 "out";
L_0x57bad9dd16d0 .functor NAND 1, L_0x57bad9dd1740, L_0x57bad9dd1830, C4<1>, C4<1>;
v0x57bad9da4fb0_0 .net "in_a", 0 0, L_0x57bad9dd1740;  1 drivers
v0x57bad9da5090_0 .net "in_b", 0 0, L_0x57bad9dd1830;  1 drivers
v0x57bad9da5150_0 .net "out", 0 0, L_0x57bad9dd16d0;  1 drivers
S_0x57bad9da52a0 .scope module, "nand_gate5" "Nand" 5 9, 4 1 0, S_0x57bad9d65a30;
 .timescale 0 0;
    .port_info 0 /INPUT 1 "in_a";
    .port_info 1 /INPUT 1 "in_b";
    .port_info 2 /OUTPUT 1 "out";
L_0x57bad9dd1980 .functor NAND 1, L_0x57bad9dd19f0, L_0x57bad9dd1a90, C4<1>, C4<1>;
v0x57bad9da54d0_0 .net "in_a", 0 0, L_0x57bad9dd19f0;  1 drivers
v0x57bad9da55b0_0 .net "in_b", 0 0, L_0x57bad9dd1a90;  1 drivers
v0x57bad9da5670_0 .net "out", 0 0, L_0x57bad9dd1980;  1 drivers
S_0x57bad9da57c0 .scope module, "nand_gate6" "Nand" 5 10, 4 1 0, S_0x57bad9d65a30;
 .timescale 0 0;
    .port_info 0 /INPUT 1 "in_a";
    .port_info 1 /INPUT 1 "in_b";
    .port_info 2 /OUTPUT 1 "out";
L_0x57bad9dd1bf0 .functor NAND 1, L_0x57bad9dd1c60, L_0x57bad9dd1d50, C4<1>, C4<1>;
v0x57bad9da59f0_0 .net "in_a", 0 0, L_0x57bad9dd1c60;  1 drivers
v0x57bad9da5ad0_0 .net "in_b", 0 0, L_0x57bad9dd1d50;  1 drivers
v0x57bad9da5b90_0 .net "out", 0 0, L_0x57bad9dd1bf0;  1 drivers
S_0x57bad9da5ce0 .scope module, "nand_gate7" "Nand" 5 11, 4 1 0, S_0x57bad9d65a30;
 .timescale 0 0;
    .port_info 0 /INPUT 1 "in_a";
    .port_info 1 /INPUT 1 "in_b";
    .port_info 2 /OUTPUT 1 "out";
L_0x57bad9dd1b80 .functor NAND 1, L_0x57bad9dd1ec0, L_0x57bad9dd1fb0, C4<1>, C4<1>;
v0x57bad9da5f10_0 .net "in_a", 0 0, L_0x57bad9dd1ec0;  1 drivers
v0x57bad9da5ff0_0 .net "in_b", 0 0, L_0x57bad9dd1fb0;  1 drivers
v0x57bad9da60b0_0 .net "out", 0 0, L_0x57bad9dd1b80;  1 drivers
S_0x57bad9da6200 .scope module, "nand_gate8" "Nand" 5 12, 4 1 0, S_0x57bad9d65a30;
 .timescale 0 0;
    .port_info 0 /INPUT 1 "in_a";
    .port_info 1 /INPUT 1 "in_b";
    .port_info 2 /OUTPUT 1 "out";
L_0x57bad9dd2130 .functor NAND 1, L_0x57bad9dd21a0, L_0x57bad9dd2290, C4<1>, C4<1>;
v0x57bad9da6430_0 .net "in_a", 0 0, L_0x57bad9dd21a0;  1 drivers
v0x57bad9da6510_0 .net "in_b", 0 0, L_0x57bad9dd2290;  1 drivers
v0x57bad9da65d0_0 .net "out", 0 0, L_0x57bad9dd2130;  1 drivers
S_0x57bad9da6720 .scope module, "nand_gate9" "Nand" 5 13, 4 1 0, S_0x57bad9d65a30;
 .timescale 0 0;
    .port_info 0 /INPUT 1 "in_a";
    .port_info 1 /INPUT 1 "in_b";
    .port_info 2 /OUTPUT 1 "out";
L_0x57bad9dd2420 .functor NAND 1, L_0x57bad9dd2490, L_0x57bad9dd2580, C4<1>, C4<1>;
v0x57bad9da6950_0 .net "in_a", 0 0, L_0x57bad9dd2490;  1 drivers
v0x57bad9da6a30_0 .net "in_b", 0 0, L_0x57bad9dd2580;  1 drivers
v0x57bad9da6af0_0 .net "out", 0 0, L_0x57bad9dd2420;  1 drivers
S_0x57bad9da7240 .scope module, "and16_gate3" "And16" 2 19, 3 3 0, S_0x57bad9d86b50;
 .timescale 0 0;
    .port_info 0 /INPUT 16 "in_a";
    .port_info 1 /INPUT 16 "in_b";
    .port_info 2 /OUTPUT 16 "out";
v0x57bad9db1e60_0 .net "in_a", 15 0, L_0x57bad9dcd1b0;  alias, 1 drivers
v0x57bad9db1f40_0 .net "in_b", 15 0, L_0x57bad9dd7380;  alias, 1 drivers
v0x57bad9db2020_0 .net "out", 15 0, L_0x57bad9ddd870;  alias, 1 drivers
v0x57bad9db2120_0 .net/s "temp_out", 15 0, L_0x57bad9dda790;  1 drivers
L_0x57bad9dd7990 .part L_0x57bad9dcd1b0, 0, 1;
L_0x57bad9dd7a80 .part L_0x57bad9dd7380, 0, 1;
L_0x57bad9dd7c20 .part L_0x57bad9dcd1b0, 1, 1;
L_0x57bad9dd7cc0 .part L_0x57bad9dd7380, 1, 1;
L_0x57bad9dd7e20 .part L_0x57bad9dcd1b0, 2, 1;
L_0x57bad9dd7f10 .part L_0x57bad9dd7380, 2, 1;
L_0x57bad9dd8070 .part L_0x57bad9dcd1b0, 3, 1;
L_0x57bad9dd8160 .part L_0x57bad9dd7380, 3, 1;
L_0x57bad9dd8310 .part L_0x57bad9dcd1b0, 4, 1;
L_0x57bad9dd8400 .part L_0x57bad9dd7380, 4, 1;
L_0x57bad9dd86d0 .part L_0x57bad9dcd1b0, 5, 1;
L_0x57bad9dd8770 .part L_0x57bad9dd7380, 5, 1;
L_0x57bad9dd8940 .part L_0x57bad9dcd1b0, 6, 1;
L_0x57bad9dd8a30 .part L_0x57bad9dd7380, 6, 1;
L_0x57bad9dd8ba0 .part L_0x57bad9dcd1b0, 7, 1;
L_0x57bad9dd8c90 .part L_0x57bad9dd7380, 7, 1;
L_0x57bad9dd8e80 .part L_0x57bad9dcd1b0, 8, 1;
L_0x57bad9dd8f70 .part L_0x57bad9dd7380, 8, 1;
L_0x57bad9dd9170 .part L_0x57bad9dcd1b0, 9, 1;
L_0x57bad9dd9260 .part L_0x57bad9dd7380, 9, 1;
L_0x57bad9dd9060 .part L_0x57bad9dcd1b0, 10, 1;
L_0x57bad9dd94c0 .part L_0x57bad9dd7380, 10, 1;
L_0x57bad9dd9670 .part L_0x57bad9dcd1b0, 11, 1;
L_0x57bad9dd9760 .part L_0x57bad9dd7380, 11, 1;
L_0x57bad9dd9990 .part L_0x57bad9dcd1b0, 12, 1;
L_0x57bad9dd9a80 .part L_0x57bad9dd7380, 12, 1;
L_0x57bad9dd9e60 .part L_0x57bad9dcd1b0, 13, 1;
L_0x57bad9dd9f00 .part L_0x57bad9dd7380, 13, 1;
L_0x57bad9dda150 .part L_0x57bad9dcd1b0, 14, 1;
L_0x57bad9dda240 .part L_0x57bad9dd7380, 14, 1;
L_0x57bad9dda4a0 .part L_0x57bad9dcd1b0, 15, 1;
L_0x57bad9dda590 .part L_0x57bad9dd7380, 15, 1;
LS_0x57bad9dda790_0_0 .concat8 [ 1 1 1 1], L_0x57bad9dd7920, L_0x57bad9dd7bb0, L_0x57bad9dd7db0, L_0x57bad9dd8000;
LS_0x57bad9dda790_0_4 .concat8 [ 1 1 1 1], L_0x57bad9dd82a0, L_0x57bad9dd8660, L_0x57bad9dd88d0, L_0x57bad9dd8860;
LS_0x57bad9dda790_0_8 .concat8 [ 1 1 1 1], L_0x57bad9dd8e10, L_0x57bad9dd9100, L_0x57bad9dd9400, L_0x57bad9dd9350;
LS_0x57bad9dda790_0_12 .concat8 [ 1 1 1 1], L_0x57bad9dd9920, L_0x57bad9dd9850, L_0x57bad9dda0e0, L_0x57bad9dda430;
L_0x57bad9dda790 .concat8 [ 4 4 4 4], LS_0x57bad9dda790_0_0, LS_0x57bad9dda790_0_4, LS_0x57bad9dda790_0_8, LS_0x57bad9dda790_0_12;
S_0x57bad9da74a0 .scope module, "nand_gate0" "Nand" 3 6, 4 1 0, S_0x57bad9da7240;
 .timescale 0 0;
    .port_info 0 /INPUT 1 "in_a";
    .port_info 1 /INPUT 1 "in_b";
    .port_info 2 /OUTPUT 1 "out";
L_0x57bad9dd7920 .functor NAND 1, L_0x57bad9dd7990, L_0x57bad9dd7a80, C4<1>, C4<1>;
v0x57bad9da76f0_0 .net "in_a", 0 0, L_0x57bad9dd7990;  1 drivers
v0x57bad9da77d0_0 .net "in_b", 0 0, L_0x57bad9dd7a80;  1 drivers
v0x57bad9da7890_0 .net "out", 0 0, L_0x57bad9dd7920;  1 drivers
S_0x57bad9da79e0 .scope module, "nand_gate1" "Nand" 3 7, 4 1 0, S_0x57bad9da7240;
 .timescale 0 0;
    .port_info 0 /INPUT 1 "in_a";
    .port_info 1 /INPUT 1 "in_b";
    .port_info 2 /OUTPUT 1 "out";
L_0x57bad9dd7bb0 .functor NAND 1, L_0x57bad9dd7c20, L_0x57bad9dd7cc0, C4<1>, C4<1>;
v0x57bad9da7c10_0 .net "in_a", 0 0, L_0x57bad9dd7c20;  1 drivers
v0x57bad9da7cf0_0 .net "in_b", 0 0, L_0x57bad9dd7cc0;  1 drivers
v0x57bad9da7db0_0 .net "out", 0 0, L_0x57bad9dd7bb0;  1 drivers
S_0x57bad9da7f00 .scope module, "nand_gate10" "Nand" 3 16, 4 1 0, S_0x57bad9da7240;
 .timescale 0 0;
    .port_info 0 /INPUT 1 "in_a";
    .port_info 1 /INPUT 1 "in_b";
    .port_info 2 /OUTPUT 1 "out";
L_0x57bad9dd9400 .functor NAND 1, L_0x57bad9dd9060, L_0x57bad9dd94c0, C4<1>, C4<1>;
v0x57bad9da8160_0 .net "in_a", 0 0, L_0x57bad9dd9060;  1 drivers
v0x57bad9da8220_0 .net "in_b", 0 0, L_0x57bad9dd94c0;  1 drivers
v0x57bad9da82e0_0 .net "out", 0 0, L_0x57bad9dd9400;  1 drivers
S_0x57bad9da8430 .scope module, "nand_gate11" "Nand" 3 17, 4 1 0, S_0x57bad9da7240;
 .timescale 0 0;
    .port_info 0 /INPUT 1 "in_a";
    .port_info 1 /INPUT 1 "in_b";
    .port_info 2 /OUTPUT 1 "out";
L_0x57bad9dd9350 .functor NAND 1, L_0x57bad9dd9670, L_0x57bad9dd9760, C4<1>, C4<1>;
v0x57bad9da8660_0 .net "in_a", 0 0, L_0x57bad9dd9670;  1 drivers
v0x57bad9da8740_0 .net "in_b", 0 0, L_0x57bad9dd9760;  1 drivers
v0x57bad9da8800_0 .net "out", 0 0, L_0x57bad9dd9350;  1 drivers
S_0x57bad9da8950 .scope module, "nand_gate12" "Nand" 3 18, 4 1 0, S_0x57bad9da7240;
 .timescale 0 0;
    .port_info 0 /INPUT 1 "in_a";
    .port_info 1 /INPUT 1 "in_b";
    .port_info 2 /OUTPUT 1 "out";
L_0x57bad9dd9920 .functor NAND 1, L_0x57bad9dd9990, L_0x57bad9dd9a80, C4<1>, C4<1>;
v0x57bad9da8bd0_0 .net "in_a", 0 0, L_0x57bad9dd9990;  1 drivers
v0x57bad9da8cb0_0 .net "in_b", 0 0, L_0x57bad9dd9a80;  1 drivers
v0x57bad9da8d70_0 .net "out", 0 0, L_0x57bad9dd9920;  1 drivers
S_0x57bad9da8e90 .scope module, "nand_gate13" "Nand" 3 19, 4 1 0, S_0x57bad9da7240;
 .timescale 0 0;
    .port_info 0 /INPUT 1 "in_a";
    .port_info 1 /INPUT 1 "in_b";
    .port_info 2 /OUTPUT 1 "out";
L_0x57bad9dd9850 .functor NAND 1, L_0x57bad9dd9e60, L_0x57bad9dd9f00, C4<1>, C4<1>;
v0x57bad9da90c0_0 .net "in_a", 0 0, L_0x57bad9dd9e60;  1 drivers
v0x57bad9da91a0_0 .net "in_b", 0 0, L_0x57bad9dd9f00;  1 drivers
v0x57bad9da9260_0 .net "out", 0 0, L_0x57bad9dd9850;  1 drivers
S_0x57bad9da93b0 .scope module, "nand_gate14" "Nand" 3 20, 4 1 0, S_0x57bad9da7240;
 .timescale 0 0;
    .port_info 0 /INPUT 1 "in_a";
    .port_info 1 /INPUT 1 "in_b";
    .port_info 2 /OUTPUT 1 "out";
L_0x57bad9dda0e0 .functor NAND 1, L_0x57bad9dda150, L_0x57bad9dda240, C4<1>, C4<1>;
v0x57bad9da95e0_0 .net "in_a", 0 0, L_0x57bad9dda150;  1 drivers
v0x57bad9da96c0_0 .net "in_b", 0 0, L_0x57bad9dda240;  1 drivers
v0x57bad9da9780_0 .net "out", 0 0, L_0x57bad9dda0e0;  1 drivers
S_0x57bad9da98d0 .scope module, "nand_gate15" "Nand" 3 21, 4 1 0, S_0x57bad9da7240;
 .timescale 0 0;
    .port_info 0 /INPUT 1 "in_a";
    .port_info 1 /INPUT 1 "in_b";
    .port_info 2 /OUTPUT 1 "out";
L_0x57bad9dda430 .functor NAND 1, L_0x57bad9dda4a0, L_0x57bad9dda590, C4<1>, C4<1>;
v0x57bad9da9b00_0 .net "in_a", 0 0, L_0x57bad9dda4a0;  1 drivers
v0x57bad9da9be0_0 .net "in_b", 0 0, L_0x57bad9dda590;  1 drivers
v0x57bad9da9ca0_0 .net "out", 0 0, L_0x57bad9dda430;  1 drivers
S_0x57bad9da9df0 .scope module, "nand_gate2" "Nand" 3 8, 4 1 0, S_0x57bad9da7240;
 .timescale 0 0;
    .port_info 0 /INPUT 1 "in_a";
    .port_info 1 /INPUT 1 "in_b";
    .port_info 2 /OUTPUT 1 "out";
L_0x57bad9dd7db0 .functor NAND 1, L_0x57bad9dd7e20, L_0x57bad9dd7f10, C4<1>, C4<1>;
v0x57bad9daa060_0 .net "in_a", 0 0, L_0x57bad9dd7e20;  1 drivers
v0x57bad9daa140_0 .net "in_b", 0 0, L_0x57bad9dd7f10;  1 drivers
v0x57bad9daa200_0 .net "out", 0 0, L_0x57bad9dd7db0;  1 drivers
S_0x57bad9daa350 .scope module, "nand_gate3" "Nand" 3 9, 4 1 0, S_0x57bad9da7240;
 .timescale 0 0;
    .port_info 0 /INPUT 1 "in_a";
    .port_info 1 /INPUT 1 "in_b";
    .port_info 2 /OUTPUT 1 "out";
L_0x57bad9dd8000 .functor NAND 1, L_0x57bad9dd8070, L_0x57bad9dd8160, C4<1>, C4<1>;
v0x57bad9daa580_0 .net "in_a", 0 0, L_0x57bad9dd8070;  1 drivers
v0x57bad9daa660_0 .net "in_b", 0 0, L_0x57bad9dd8160;  1 drivers
v0x57bad9daa720_0 .net "out", 0 0, L_0x57bad9dd8000;  1 drivers
S_0x57bad9daa870 .scope module, "nand_gate4" "Nand" 3 10, 4 1 0, S_0x57bad9da7240;
 .timescale 0 0;
    .port_info 0 /INPUT 1 "in_a";
    .port_info 1 /INPUT 1 "in_b";
    .port_info 2 /OUTPUT 1 "out";
L_0x57bad9dd82a0 .functor NAND 1, L_0x57bad9dd8310, L_0x57bad9dd8400, C4<1>, C4<1>;
v0x57bad9daaaa0_0 .net "in_a", 0 0, L_0x57bad9dd8310;  1 drivers
v0x57bad9daab80_0 .net "in_b", 0 0, L_0x57bad9dd8400;  1 drivers
v0x57bad9daac40_0 .net "out", 0 0, L_0x57bad9dd82a0;  1 drivers
S_0x57bad9daad90 .scope module, "nand_gate5" "Nand" 3 11, 4 1 0, S_0x57bad9da7240;
 .timescale 0 0;
    .port_info 0 /INPUT 1 "in_a";
    .port_info 1 /INPUT 1 "in_b";
    .port_info 2 /OUTPUT 1 "out";
L_0x57bad9dd8660 .functor NAND 1, L_0x57bad9dd86d0, L_0x57bad9dd8770, C4<1>, C4<1>;
v0x57bad9daafc0_0 .net "in_a", 0 0, L_0x57bad9dd86d0;  1 drivers
v0x57bad9dab0a0_0 .net "in_b", 0 0, L_0x57bad9dd8770;  1 drivers
v0x57bad9dab160_0 .net "out", 0 0, L_0x57bad9dd8660;  1 drivers
S_0x57bad9dab2b0 .scope module, "nand_gate6" "Nand" 3 12, 4 1 0, S_0x57bad9da7240;
 .timescale 0 0;
    .port_info 0 /INPUT 1 "in_a";
    .port_info 1 /INPUT 1 "in_b";
    .port_info 2 /OUTPUT 1 "out";
L_0x57bad9dd88d0 .functor NAND 1, L_0x57bad9dd8940, L_0x57bad9dd8a30, C4<1>, C4<1>;
v0x57bad9dab4e0_0 .net "in_a", 0 0, L_0x57bad9dd8940;  1 drivers
v0x57bad9dab5c0_0 .net "in_b", 0 0, L_0x57bad9dd8a30;  1 drivers
v0x57bad9dab680_0 .net "out", 0 0, L_0x57bad9dd88d0;  1 drivers
S_0x57bad9dab7d0 .scope module, "nand_gate7" "Nand" 3 13, 4 1 0, S_0x57bad9da7240;
 .timescale 0 0;
    .port_info 0 /INPUT 1 "in_a";
    .port_info 1 /INPUT 1 "in_b";
    .port_info 2 /OUTPUT 1 "out";
L_0x57bad9dd8860 .functor NAND 1, L_0x57bad9dd8ba0, L_0x57bad9dd8c90, C4<1>, C4<1>;
v0x57bad9daba00_0 .net "in_a", 0 0, L_0x57bad9dd8ba0;  1 drivers
v0x57bad9dabae0_0 .net "in_b", 0 0, L_0x57bad9dd8c90;  1 drivers
v0x57bad9dabba0_0 .net "out", 0 0, L_0x57bad9dd8860;  1 drivers
S_0x57bad9dabcf0 .scope module, "nand_gate8" "Nand" 3 14, 4 1 0, S_0x57bad9da7240;
 .timescale 0 0;
    .port_info 0 /INPUT 1 "in_a";
    .port_info 1 /INPUT 1 "in_b";
    .port_info 2 /OUTPUT 1 "out";
L_0x57bad9dd8e10 .functor NAND 1, L_0x57bad9dd8e80, L_0x57bad9dd8f70, C4<1>, C4<1>;
v0x57bad9dabf20_0 .net "in_a", 0 0, L_0x57bad9dd8e80;  1 drivers
v0x57bad9dac000_0 .net "in_b", 0 0, L_0x57bad9dd8f70;  1 drivers
v0x57bad9dac0c0_0 .net "out", 0 0, L_0x57bad9dd8e10;  1 drivers
S_0x57bad9dac210 .scope module, "nand_gate9" "Nand" 3 15, 4 1 0, S_0x57bad9da7240;
 .timescale 0 0;
    .port_info 0 /INPUT 1 "in_a";
    .port_info 1 /INPUT 1 "in_b";
    .port_info 2 /OUTPUT 1 "out";
L_0x57bad9dd9100 .functor NAND 1, L_0x57bad9dd9170, L_0x57bad9dd9260, C4<1>, C4<1>;
v0x57bad9dac440_0 .net "in_a", 0 0, L_0x57bad9dd9170;  1 drivers
v0x57bad9dac520_0 .net "in_b", 0 0, L_0x57bad9dd9260;  1 drivers
v0x57bad9dac5e0_0 .net "out", 0 0, L_0x57bad9dd9100;  1 drivers
S_0x57bad9dac730 .scope module, "not16_gate" "Not16" 3 23, 5 3 0, S_0x57bad9da7240;
 .timescale 0 0;
    .port_info 0 /INPUT 16 "in_a";
    .port_info 1 /OUTPUT 16 "out";
v0x57bad9db1c40_0 .net "in_a", 15 0, L_0x57bad9dda790;  alias, 1 drivers
v0x57bad9db1d20_0 .net "out", 15 0, L_0x57bad9ddd870;  alias, 1 drivers
L_0x57bad9ddadf0 .part L_0x57bad9dda790, 0, 1;
L_0x57bad9ddaee0 .part L_0x57bad9dda790, 0, 1;
L_0x57bad9ddb040 .part L_0x57bad9dda790, 1, 1;
L_0x57bad9ddb0e0 .part L_0x57bad9dda790, 1, 1;
L_0x57bad9ddb240 .part L_0x57bad9dda790, 2, 1;
L_0x57bad9ddb330 .part L_0x57bad9dda790, 2, 1;
L_0x57bad9ddb490 .part L_0x57bad9dda790, 3, 1;
L_0x57bad9ddb580 .part L_0x57bad9dda790, 3, 1;
L_0x57bad9ddb730 .part L_0x57bad9dda790, 4, 1;
L_0x57bad9ddb820 .part L_0x57bad9dda790, 4, 1;
L_0x57bad9ddb980 .part L_0x57bad9dda790, 5, 1;
L_0x57bad9ddba20 .part L_0x57bad9dda790, 5, 1;
L_0x57bad9ddbbf0 .part L_0x57bad9dda790, 6, 1;
L_0x57bad9ddbce0 .part L_0x57bad9dda790, 6, 1;
L_0x57bad9ddc060 .part L_0x57bad9dda790, 7, 1;
L_0x57bad9ddc150 .part L_0x57bad9dda790, 7, 1;
L_0x57bad9ddc340 .part L_0x57bad9dda790, 8, 1;
L_0x57bad9ddc430 .part L_0x57bad9dda790, 8, 1;
L_0x57bad9ddc630 .part L_0x57bad9dda790, 9, 1;
L_0x57bad9ddc720 .part L_0x57bad9dda790, 9, 1;
L_0x57bad9ddc520 .part L_0x57bad9dda790, 10, 1;
L_0x57bad9ddc980 .part L_0x57bad9dda790, 10, 1;
L_0x57bad9ddcb30 .part L_0x57bad9dda790, 11, 1;
L_0x57bad9ddcc20 .part L_0x57bad9dda790, 11, 1;
L_0x57bad9ddcde0 .part L_0x57bad9dda790, 12, 1;
L_0x57bad9ddce80 .part L_0x57bad9dda790, 12, 1;
L_0x57bad9ddd050 .part L_0x57bad9dda790, 13, 1;
L_0x57bad9ddd0f0 .part L_0x57bad9dda790, 13, 1;
L_0x57bad9ddd2d0 .part L_0x57bad9dda790, 14, 1;
L_0x57bad9ddd370 .part L_0x57bad9dda790, 14, 1;
L_0x57bad9ddd1e0 .part L_0x57bad9dda790, 15, 1;
L_0x57bad9ddd970 .part L_0x57bad9dda790, 15, 1;
LS_0x57bad9ddd870_0_0 .concat8 [ 1 1 1 1], L_0x57bad9ddad80, L_0x57bad9ddafd0, L_0x57bad9ddb1d0, L_0x57bad9ddb420;
LS_0x57bad9ddd870_0_4 .concat8 [ 1 1 1 1], L_0x57bad9ddb6c0, L_0x57bad9ddb910, L_0x57bad9ddbb80, L_0x57bad9ddbb10;
LS_0x57bad9ddd870_0_8 .concat8 [ 1 1 1 1], L_0x57bad9ddc2d0, L_0x57bad9ddc5c0, L_0x57bad9ddc8c0, L_0x57bad9ddc810;
LS_0x57bad9ddd870_0_12 .concat8 [ 1 1 1 1], L_0x57bad9ddca70, L_0x57bad9ddcd10, L_0x57bad9ddcf70, L_0x57bad9ddbfe0;
L_0x57bad9ddd870 .concat8 [ 4 4 4 4], LS_0x57bad9ddd870_0_0, LS_0x57bad9ddd870_0_4, LS_0x57bad9ddd870_0_8, LS_0x57bad9ddd870_0_12;
S_0x57bad9daca20 .scope module, "nand_gate0" "Nand" 5 4, 4 1 0, S_0x57bad9dac730;
 .timescale 0 0;
    .port_info 0 /INPUT 1 "in_a";
    .port_info 1 /INPUT 1 "in_b";
    .port_info 2 /OUTPUT 1 "out";
L_0x57bad9ddad80 .functor NAND 1, L_0x57bad9ddadf0, L_0x57bad9ddaee0, C4<1>, C4<1>;
v0x57bad9dacc90_0 .net "in_a", 0 0, L_0x57bad9ddadf0;  1 drivers
v0x57bad9dacd70_0 .net "in_b", 0 0, L_0x57bad9ddaee0;  1 drivers
v0x57bad9dace30_0 .net "out", 0 0, L_0x57bad9ddad80;  1 drivers
S_0x57bad9dacf80 .scope module, "nand_gate1" "Nand" 5 5, 4 1 0, S_0x57bad9dac730;
 .timescale 0 0;
    .port_info 0 /INPUT 1 "in_a";
    .port_info 1 /INPUT 1 "in_b";
    .port_info 2 /OUTPUT 1 "out";
L_0x57bad9ddafd0 .functor NAND 1, L_0x57bad9ddb040, L_0x57bad9ddb0e0, C4<1>, C4<1>;
v0x57bad9dad1b0_0 .net "in_a", 0 0, L_0x57bad9ddb040;  1 drivers
v0x57bad9dad290_0 .net "in_b", 0 0, L_0x57bad9ddb0e0;  1 drivers
v0x57bad9dad350_0 .net "out", 0 0, L_0x57bad9ddafd0;  1 drivers
S_0x57bad9dad4a0 .scope module, "nand_gate10" "Nand" 5 14, 4 1 0, S_0x57bad9dac730;
 .timescale 0 0;
    .port_info 0 /INPUT 1 "in_a";
    .port_info 1 /INPUT 1 "in_b";
    .port_info 2 /OUTPUT 1 "out";
L_0x57bad9ddc8c0 .functor NAND 1, L_0x57bad9ddc520, L_0x57bad9ddc980, C4<1>, C4<1>;
v0x57bad9dad700_0 .net "in_a", 0 0, L_0x57bad9ddc520;  1 drivers
v0x57bad9dad7c0_0 .net "in_b", 0 0, L_0x57bad9ddc980;  1 drivers
v0x57bad9dad880_0 .net "out", 0 0, L_0x57bad9ddc8c0;  1 drivers
S_0x57bad9dad9d0 .scope module, "nand_gate11" "Nand" 5 15, 4 1 0, S_0x57bad9dac730;
 .timescale 0 0;
    .port_info 0 /INPUT 1 "in_a";
    .port_info 1 /INPUT 1 "in_b";
    .port_info 2 /OUTPUT 1 "out";
L_0x57bad9ddc810 .functor NAND 1, L_0x57bad9ddcb30, L_0x57bad9ddcc20, C4<1>, C4<1>;
v0x57bad9dadc00_0 .net "in_a", 0 0, L_0x57bad9ddcb30;  1 drivers
v0x57bad9dadce0_0 .net "in_b", 0 0, L_0x57bad9ddcc20;  1 drivers
v0x57bad9dadda0_0 .net "out", 0 0, L_0x57bad9ddc810;  1 drivers
S_0x57bad9dadef0 .scope module, "nand_gate12" "Nand" 5 16, 4 1 0, S_0x57bad9dac730;
 .timescale 0 0;
    .port_info 0 /INPUT 1 "in_a";
    .port_info 1 /INPUT 1 "in_b";
    .port_info 2 /OUTPUT 1 "out";
L_0x57bad9ddca70 .functor NAND 1, L_0x57bad9ddcde0, L_0x57bad9ddce80, C4<1>, C4<1>;
v0x57bad9dae170_0 .net "in_a", 0 0, L_0x57bad9ddcde0;  1 drivers
v0x57bad9dae250_0 .net "in_b", 0 0, L_0x57bad9ddce80;  1 drivers
v0x57bad9dae310_0 .net "out", 0 0, L_0x57bad9ddca70;  1 drivers
S_0x57bad9dae430 .scope module, "nand_gate13" "Nand" 5 17, 4 1 0, S_0x57bad9dac730;
 .timescale 0 0;
    .port_info 0 /INPUT 1 "in_a";
    .port_info 1 /INPUT 1 "in_b";
    .port_info 2 /OUTPUT 1 "out";
L_0x57bad9ddcd10 .functor NAND 1, L_0x57bad9ddd050, L_0x57bad9ddd0f0, C4<1>, C4<1>;
v0x57bad9dae660_0 .net "in_a", 0 0, L_0x57bad9ddd050;  1 drivers
v0x57bad9dae740_0 .net "in_b", 0 0, L_0x57bad9ddd0f0;  1 drivers
v0x57bad9dae800_0 .net "out", 0 0, L_0x57bad9ddcd10;  1 drivers
S_0x57bad9dae950 .scope module, "nand_gate14" "Nand" 5 18, 4 1 0, S_0x57bad9dac730;
 .timescale 0 0;
    .port_info 0 /INPUT 1 "in_a";
    .port_info 1 /INPUT 1 "in_b";
    .port_info 2 /OUTPUT 1 "out";
L_0x57bad9ddcf70 .functor NAND 1, L_0x57bad9ddd2d0, L_0x57bad9ddd370, C4<1>, C4<1>;
v0x57bad9daeb80_0 .net "in_a", 0 0, L_0x57bad9ddd2d0;  1 drivers
v0x57bad9daec60_0 .net "in_b", 0 0, L_0x57bad9ddd370;  1 drivers
v0x57bad9daed20_0 .net "out", 0 0, L_0x57bad9ddcf70;  1 drivers
S_0x57bad9daee70 .scope module, "nand_gate15" "Nand" 5 19, 4 1 0, S_0x57bad9dac730;
 .timescale 0 0;
    .port_info 0 /INPUT 1 "in_a";
    .port_info 1 /INPUT 1 "in_b";
    .port_info 2 /OUTPUT 1 "out";
L_0x57bad9ddbfe0 .functor NAND 1, L_0x57bad9ddd1e0, L_0x57bad9ddd970, C4<1>, C4<1>;
v0x57bad9daf0a0_0 .net "in_a", 0 0, L_0x57bad9ddd1e0;  1 drivers
v0x57bad9daf180_0 .net "in_b", 0 0, L_0x57bad9ddd970;  1 drivers
v0x57bad9daf240_0 .net "out", 0 0, L_0x57bad9ddbfe0;  1 drivers
S_0x57bad9daf390 .scope module, "nand_gate2" "Nand" 5 6, 4 1 0, S_0x57bad9dac730;
 .timescale 0 0;
    .port_info 0 /INPUT 1 "in_a";
    .port_info 1 /INPUT 1 "in_b";
    .port_info 2 /OUTPUT 1 "out";
L_0x57bad9ddb1d0 .functor NAND 1, L_0x57bad9ddb240, L_0x57bad9ddb330, C4<1>, C4<1>;
v0x57bad9daf570_0 .net "in_a", 0 0, L_0x57bad9ddb240;  1 drivers
v0x57bad9daf650_0 .net "in_b", 0 0, L_0x57bad9ddb330;  1 drivers
v0x57bad9daf710_0 .net "out", 0 0, L_0x57bad9ddb1d0;  1 drivers
S_0x57bad9daf860 .scope module, "nand_gate3" "Nand" 5 7, 4 1 0, S_0x57bad9dac730;
 .timescale 0 0;
    .port_info 0 /INPUT 1 "in_a";
    .port_info 1 /INPUT 1 "in_b";
    .port_info 2 /OUTPUT 1 "out";
L_0x57bad9ddb420 .functor NAND 1, L_0x57bad9ddb490, L_0x57bad9ddb580, C4<1>, C4<1>;
v0x57bad9dafa90_0 .net "in_a", 0 0, L_0x57bad9ddb490;  1 drivers
v0x57bad9dafb70_0 .net "in_b", 0 0, L_0x57bad9ddb580;  1 drivers
v0x57bad9dafc30_0 .net "out", 0 0, L_0x57bad9ddb420;  1 drivers
S_0x57bad9dafd80 .scope module, "nand_gate4" "Nand" 5 8, 4 1 0, S_0x57bad9dac730;
 .timescale 0 0;
    .port_info 0 /INPUT 1 "in_a";
    .port_info 1 /INPUT 1 "in_b";
    .port_info 2 /OUTPUT 1 "out";
L_0x57bad9ddb6c0 .functor NAND 1, L_0x57bad9ddb730, L_0x57bad9ddb820, C4<1>, C4<1>;
v0x57bad9daffb0_0 .net "in_a", 0 0, L_0x57bad9ddb730;  1 drivers
v0x57bad9db0090_0 .net "in_b", 0 0, L_0x57bad9ddb820;  1 drivers
v0x57bad9db0150_0 .net "out", 0 0, L_0x57bad9ddb6c0;  1 drivers
S_0x57bad9db02a0 .scope module, "nand_gate5" "Nand" 5 9, 4 1 0, S_0x57bad9dac730;
 .timescale 0 0;
    .port_info 0 /INPUT 1 "in_a";
    .port_info 1 /INPUT 1 "in_b";
    .port_info 2 /OUTPUT 1 "out";
L_0x57bad9ddb910 .functor NAND 1, L_0x57bad9ddb980, L_0x57bad9ddba20, C4<1>, C4<1>;
v0x57bad9db04d0_0 .net "in_a", 0 0, L_0x57bad9ddb980;  1 drivers
v0x57bad9db05b0_0 .net "in_b", 0 0, L_0x57bad9ddba20;  1 drivers
v0x57bad9db0670_0 .net "out", 0 0, L_0x57bad9ddb910;  1 drivers
S_0x57bad9db07c0 .scope module, "nand_gate6" "Nand" 5 10, 4 1 0, S_0x57bad9dac730;
 .timescale 0 0;
    .port_info 0 /INPUT 1 "in_a";
    .port_info 1 /INPUT 1 "in_b";
    .port_info 2 /OUTPUT 1 "out";
L_0x57bad9ddbb80 .functor NAND 1, L_0x57bad9ddbbf0, L_0x57bad9ddbce0, C4<1>, C4<1>;
v0x57bad9db09f0_0 .net "in_a", 0 0, L_0x57bad9ddbbf0;  1 drivers
v0x57bad9db0ad0_0 .net "in_b", 0 0, L_0x57bad9ddbce0;  1 drivers
v0x57bad9db0b90_0 .net "out", 0 0, L_0x57bad9ddbb80;  1 drivers
S_0x57bad9db0ce0 .scope module, "nand_gate7" "Nand" 5 11, 4 1 0, S_0x57bad9dac730;
 .timescale 0 0;
    .port_info 0 /INPUT 1 "in_a";
    .port_info 1 /INPUT 1 "in_b";
    .port_info 2 /OUTPUT 1 "out";
L_0x57bad9ddbb10 .functor NAND 1, L_0x57bad9ddc060, L_0x57bad9ddc150, C4<1>, C4<1>;
v0x57bad9db0f10_0 .net "in_a", 0 0, L_0x57bad9ddc060;  1 drivers
v0x57bad9db0ff0_0 .net "in_b", 0 0, L_0x57bad9ddc150;  1 drivers
v0x57bad9db10b0_0 .net "out", 0 0, L_0x57bad9ddbb10;  1 drivers
S_0x57bad9db1200 .scope module, "nand_gate8" "Nand" 5 12, 4 1 0, S_0x57bad9dac730;
 .timescale 0 0;
    .port_info 0 /INPUT 1 "in_a";
    .port_info 1 /INPUT 1 "in_b";
    .port_info 2 /OUTPUT 1 "out";
L_0x57bad9ddc2d0 .functor NAND 1, L_0x57bad9ddc340, L_0x57bad9ddc430, C4<1>, C4<1>;
v0x57bad9db1430_0 .net "in_a", 0 0, L_0x57bad9ddc340;  1 drivers
v0x57bad9db1510_0 .net "in_b", 0 0, L_0x57bad9ddc430;  1 drivers
v0x57bad9db15d0_0 .net "out", 0 0, L_0x57bad9ddc2d0;  1 drivers
S_0x57bad9db1720 .scope module, "nand_gate9" "Nand" 5 13, 4 1 0, S_0x57bad9dac730;
 .timescale 0 0;
    .port_info 0 /INPUT 1 "in_a";
    .port_info 1 /INPUT 1 "in_b";
    .port_info 2 /OUTPUT 1 "out";
L_0x57bad9ddc5c0 .functor NAND 1, L_0x57bad9ddc630, L_0x57bad9ddc720, C4<1>, C4<1>;
v0x57bad9db1950_0 .net "in_a", 0 0, L_0x57bad9ddc630;  1 drivers
v0x57bad9db1a30_0 .net "in_b", 0 0, L_0x57bad9ddc720;  1 drivers
v0x57bad9db1af0_0 .net "out", 0 0, L_0x57bad9ddc5c0;  1 drivers
S_0x57bad9db2250 .scope module, "not16_gate" "Not16" 2 12, 5 3 0, S_0x57bad9d86b50;
 .timescale 0 0;
    .port_info 0 /INPUT 16 "in_a";
    .port_info 1 /OUTPUT 16 "out";
v0x57bad9db76e0_0 .net "in_a", 15 0, L_0x57bad9dc9bc0;  alias, 1 drivers
v0x57bad9db77f0_0 .net "out", 15 0, L_0x57bad9dcd1b0;  alias, 1 drivers
L_0x57bad9dca180 .part L_0x57bad9dc9bc0, 0, 1;
L_0x57bad9dca270 .part L_0x57bad9dc9bc0, 0, 1;
L_0x57bad9dca3d0 .part L_0x57bad9dc9bc0, 1, 1;
L_0x57bad9dca4c0 .part L_0x57bad9dc9bc0, 1, 1;
L_0x57bad9dca620 .part L_0x57bad9dc9bc0, 2, 1;
L_0x57bad9dca710 .part L_0x57bad9dc9bc0, 2, 1;
L_0x57bad9dca870 .part L_0x57bad9dc9bc0, 3, 1;
L_0x57bad9dca960 .part L_0x57bad9dc9bc0, 3, 1;
L_0x57bad9dcab10 .part L_0x57bad9dc9bc0, 4, 1;
L_0x57bad9dcac00 .part L_0x57bad9dc9bc0, 4, 1;
L_0x57bad9dcadc0 .part L_0x57bad9dc9bc0, 5, 1;
L_0x57bad9dcae60 .part L_0x57bad9dc9bc0, 5, 1;
L_0x57bad9dcb030 .part L_0x57bad9dc9bc0, 6, 1;
L_0x57bad9dcb120 .part L_0x57bad9dc9bc0, 6, 1;
L_0x57bad9dcb290 .part L_0x57bad9dc9bc0, 7, 1;
L_0x57bad9dcb380 .part L_0x57bad9dc9bc0, 7, 1;
L_0x57bad9dcb570 .part L_0x57bad9dc9bc0, 8, 1;
L_0x57bad9dcb660 .part L_0x57bad9dc9bc0, 8, 1;
L_0x57bad9dcb860 .part L_0x57bad9dc9bc0, 9, 1;
L_0x57bad9dcb950 .part L_0x57bad9dc9bc0, 9, 1;
L_0x57bad9dcb750 .part L_0x57bad9dc9bc0, 10, 1;
L_0x57bad9dcbbb0 .part L_0x57bad9dc9bc0, 10, 1;
L_0x57bad9dcbdd0 .part L_0x57bad9dc9bc0, 11, 1;
L_0x57bad9dcbec0 .part L_0x57bad9dc9bc0, 11, 1;
L_0x57bad9dcc0f0 .part L_0x57bad9dc9bc0, 12, 1;
L_0x57bad9dcc1e0 .part L_0x57bad9dc9bc0, 12, 1;
L_0x57bad9dcc420 .part L_0x57bad9dc9bc0, 13, 1;
L_0x57bad9dcc510 .part L_0x57bad9dc9bc0, 13, 1;
L_0x57bad9dccb70 .part L_0x57bad9dc9bc0, 14, 1;
L_0x57bad9dccc60 .part L_0x57bad9dc9bc0, 14, 1;
L_0x57bad9dccec0 .part L_0x57bad9dc9bc0, 15, 1;
L_0x57bad9dccfb0 .part L_0x57bad9dc9bc0, 15, 1;
LS_0x57bad9dcd1b0_0_0 .concat8 [ 1 1 1 1], L_0x57bad9dca110, L_0x57bad9dca360, L_0x57bad9dca5b0, L_0x57bad9dca800;
LS_0x57bad9dcd1b0_0_4 .concat8 [ 1 1 1 1], L_0x57bad9dcaaa0, L_0x57bad9dcad50, L_0x57bad9dcafc0, L_0x57bad9dcaf50;
LS_0x57bad9dcd1b0_0_8 .concat8 [ 1 1 1 1], L_0x57bad9dcb500, L_0x57bad9dcb7f0, L_0x57bad9dcbaf0, L_0x57bad9dcbd60;
LS_0x57bad9dcd1b0_0_12 .concat8 [ 1 1 1 1], L_0x57bad9dcc080, L_0x57bad9dcc3b0, L_0x57bad9dccb00, L_0x57bad9dcce50;
L_0x57bad9dcd1b0 .concat8 [ 4 4 4 4], LS_0x57bad9dcd1b0_0_0, LS_0x57bad9dcd1b0_0_4, LS_0x57bad9dcd1b0_0_8, LS_0x57bad9dcd1b0_0_12;
S_0x57bad9db2430 .scope module, "nand_gate0" "Nand" 5 4, 4 1 0, S_0x57bad9db2250;
 .timescale 0 0;
    .port_info 0 /INPUT 1 "in_a";
    .port_info 1 /INPUT 1 "in_b";
    .port_info 2 /OUTPUT 1 "out";
L_0x57bad9dca110 .functor NAND 1, L_0x57bad9dca180, L_0x57bad9dca270, C4<1>, C4<1>;
v0x57bad9db26a0_0 .net "in_a", 0 0, L_0x57bad9dca180;  1 drivers
v0x57bad9db2780_0 .net "in_b", 0 0, L_0x57bad9dca270;  1 drivers
v0x57bad9db2840_0 .net "out", 0 0, L_0x57bad9dca110;  1 drivers
S_0x57bad9db2990 .scope module, "nand_gate1" "Nand" 5 5, 4 1 0, S_0x57bad9db2250;
 .timescale 0 0;
    .port_info 0 /INPUT 1 "in_a";
    .port_info 1 /INPUT 1 "in_b";
    .port_info 2 /OUTPUT 1 "out";
L_0x57bad9dca360 .functor NAND 1, L_0x57bad9dca3d0, L_0x57bad9dca4c0, C4<1>, C4<1>;
v0x57bad9db2bc0_0 .net "in_a", 0 0, L_0x57bad9dca3d0;  1 drivers
v0x57bad9db2ca0_0 .net "in_b", 0 0, L_0x57bad9dca4c0;  1 drivers
v0x57bad9db2d60_0 .net "out", 0 0, L_0x57bad9dca360;  1 drivers
S_0x57bad9db2eb0 .scope module, "nand_gate10" "Nand" 5 14, 4 1 0, S_0x57bad9db2250;
 .timescale 0 0;
    .port_info 0 /INPUT 1 "in_a";
    .port_info 1 /INPUT 1 "in_b";
    .port_info 2 /OUTPUT 1 "out";
L_0x57bad9dcbaf0 .functor NAND 1, L_0x57bad9dcb750, L_0x57bad9dcbbb0, C4<1>, C4<1>;
v0x57bad9db3110_0 .net "in_a", 0 0, L_0x57bad9dcb750;  1 drivers
v0x57bad9db31d0_0 .net "in_b", 0 0, L_0x57bad9dcbbb0;  1 drivers
v0x57bad9db3290_0 .net "out", 0 0, L_0x57bad9dcbaf0;  1 drivers
S_0x57bad9db33e0 .scope module, "nand_gate11" "Nand" 5 15, 4 1 0, S_0x57bad9db2250;
 .timescale 0 0;
    .port_info 0 /INPUT 1 "in_a";
    .port_info 1 /INPUT 1 "in_b";
    .port_info 2 /OUTPUT 1 "out";
L_0x57bad9dcbd60 .functor NAND 1, L_0x57bad9dcbdd0, L_0x57bad9dcbec0, C4<1>, C4<1>;
v0x57bad9db3610_0 .net "in_a", 0 0, L_0x57bad9dcbdd0;  1 drivers
v0x57bad9db36f0_0 .net "in_b", 0 0, L_0x57bad9dcbec0;  1 drivers
v0x57bad9db37b0_0 .net "out", 0 0, L_0x57bad9dcbd60;  1 drivers
S_0x57bad9db3900 .scope module, "nand_gate12" "Nand" 5 16, 4 1 0, S_0x57bad9db2250;
 .timescale 0 0;
    .port_info 0 /INPUT 1 "in_a";
    .port_info 1 /INPUT 1 "in_b";
    .port_info 2 /OUTPUT 1 "out";
L_0x57bad9dcc080 .functor NAND 1, L_0x57bad9dcc0f0, L_0x57bad9dcc1e0, C4<1>, C4<1>;
v0x57bad9db3b80_0 .net "in_a", 0 0, L_0x57bad9dcc0f0;  1 drivers
v0x57bad9db3c60_0 .net "in_b", 0 0, L_0x57bad9dcc1e0;  1 drivers
v0x57bad9db3d20_0 .net "out", 0 0, L_0x57bad9dcc080;  1 drivers
S_0x57bad9db3e40 .scope module, "nand_gate13" "Nand" 5 17, 4 1 0, S_0x57bad9db2250;
 .timescale 0 0;
    .port_info 0 /INPUT 1 "in_a";
    .port_info 1 /INPUT 1 "in_b";
    .port_info 2 /OUTPUT 1 "out";
L_0x57bad9dcc3b0 .functor NAND 1, L_0x57bad9dcc420, L_0x57bad9dcc510, C4<1>, C4<1>;
v0x57bad9db4070_0 .net "in_a", 0 0, L_0x57bad9dcc420;  1 drivers
v0x57bad9db4150_0 .net "in_b", 0 0, L_0x57bad9dcc510;  1 drivers
v0x57bad9db4210_0 .net "out", 0 0, L_0x57bad9dcc3b0;  1 drivers
S_0x57bad9db4360 .scope module, "nand_gate14" "Nand" 5 18, 4 1 0, S_0x57bad9db2250;
 .timescale 0 0;
    .port_info 0 /INPUT 1 "in_a";
    .port_info 1 /INPUT 1 "in_b";
    .port_info 2 /OUTPUT 1 "out";
L_0x57bad9dccb00 .functor NAND 1, L_0x57bad9dccb70, L_0x57bad9dccc60, C4<1>, C4<1>;
v0x57bad9db4590_0 .net "in_a", 0 0, L_0x57bad9dccb70;  1 drivers
v0x57bad9db4670_0 .net "in_b", 0 0, L_0x57bad9dccc60;  1 drivers
v0x57bad9db4730_0 .net "out", 0 0, L_0x57bad9dccb00;  1 drivers
S_0x57bad9db4880 .scope module, "nand_gate15" "Nand" 5 19, 4 1 0, S_0x57bad9db2250;
 .timescale 0 0;
    .port_info 0 /INPUT 1 "in_a";
    .port_info 1 /INPUT 1 "in_b";
    .port_info 2 /OUTPUT 1 "out";
L_0x57bad9dcce50 .functor NAND 1, L_0x57bad9dccec0, L_0x57bad9dccfb0, C4<1>, C4<1>;
v0x57bad9db4ab0_0 .net "in_a", 0 0, L_0x57bad9dccec0;  1 drivers
v0x57bad9db4b90_0 .net "in_b", 0 0, L_0x57bad9dccfb0;  1 drivers
v0x57bad9db4c50_0 .net "out", 0 0, L_0x57bad9dcce50;  1 drivers
S_0x57bad9db4da0 .scope module, "nand_gate2" "Nand" 5 6, 4 1 0, S_0x57bad9db2250;
 .timescale 0 0;
    .port_info 0 /INPUT 1 "in_a";
    .port_info 1 /INPUT 1 "in_b";
    .port_info 2 /OUTPUT 1 "out";
L_0x57bad9dca5b0 .functor NAND 1, L_0x57bad9dca620, L_0x57bad9dca710, C4<1>, C4<1>;
v0x57bad9db5010_0 .net "in_a", 0 0, L_0x57bad9dca620;  1 drivers
v0x57bad9db50f0_0 .net "in_b", 0 0, L_0x57bad9dca710;  1 drivers
v0x57bad9db51b0_0 .net "out", 0 0, L_0x57bad9dca5b0;  1 drivers
S_0x57bad9db5300 .scope module, "nand_gate3" "Nand" 5 7, 4 1 0, S_0x57bad9db2250;
 .timescale 0 0;
    .port_info 0 /INPUT 1 "in_a";
    .port_info 1 /INPUT 1 "in_b";
    .port_info 2 /OUTPUT 1 "out";
L_0x57bad9dca800 .functor NAND 1, L_0x57bad9dca870, L_0x57bad9dca960, C4<1>, C4<1>;
v0x57bad9db5530_0 .net "in_a", 0 0, L_0x57bad9dca870;  1 drivers
v0x57bad9db5610_0 .net "in_b", 0 0, L_0x57bad9dca960;  1 drivers
v0x57bad9db56d0_0 .net "out", 0 0, L_0x57bad9dca800;  1 drivers
S_0x57bad9db5820 .scope module, "nand_gate4" "Nand" 5 8, 4 1 0, S_0x57bad9db2250;
 .timescale 0 0;
    .port_info 0 /INPUT 1 "in_a";
    .port_info 1 /INPUT 1 "in_b";
    .port_info 2 /OUTPUT 1 "out";
L_0x57bad9dcaaa0 .functor NAND 1, L_0x57bad9dcab10, L_0x57bad9dcac00, C4<1>, C4<1>;
v0x57bad9db5a50_0 .net "in_a", 0 0, L_0x57bad9dcab10;  1 drivers
v0x57bad9db5b30_0 .net "in_b", 0 0, L_0x57bad9dcac00;  1 drivers
v0x57bad9db5bf0_0 .net "out", 0 0, L_0x57bad9dcaaa0;  1 drivers
S_0x57bad9db5d40 .scope module, "nand_gate5" "Nand" 5 9, 4 1 0, S_0x57bad9db2250;
 .timescale 0 0;
    .port_info 0 /INPUT 1 "in_a";
    .port_info 1 /INPUT 1 "in_b";
    .port_info 2 /OUTPUT 1 "out";
L_0x57bad9dcad50 .functor NAND 1, L_0x57bad9dcadc0, L_0x57bad9dcae60, C4<1>, C4<1>;
v0x57bad9db5f70_0 .net "in_a", 0 0, L_0x57bad9dcadc0;  1 drivers
v0x57bad9db6050_0 .net "in_b", 0 0, L_0x57bad9dcae60;  1 drivers
v0x57bad9db6110_0 .net "out", 0 0, L_0x57bad9dcad50;  1 drivers
S_0x57bad9db6260 .scope module, "nand_gate6" "Nand" 5 10, 4 1 0, S_0x57bad9db2250;
 .timescale 0 0;
    .port_info 0 /INPUT 1 "in_a";
    .port_info 1 /INPUT 1 "in_b";
    .port_info 2 /OUTPUT 1 "out";
L_0x57bad9dcafc0 .functor NAND 1, L_0x57bad9dcb030, L_0x57bad9dcb120, C4<1>, C4<1>;
v0x57bad9db6490_0 .net "in_a", 0 0, L_0x57bad9dcb030;  1 drivers
v0x57bad9db6570_0 .net "in_b", 0 0, L_0x57bad9dcb120;  1 drivers
v0x57bad9db6630_0 .net "out", 0 0, L_0x57bad9dcafc0;  1 drivers
S_0x57bad9db6780 .scope module, "nand_gate7" "Nand" 5 11, 4 1 0, S_0x57bad9db2250;
 .timescale 0 0;
    .port_info 0 /INPUT 1 "in_a";
    .port_info 1 /INPUT 1 "in_b";
    .port_info 2 /OUTPUT 1 "out";
L_0x57bad9dcaf50 .functor NAND 1, L_0x57bad9dcb290, L_0x57bad9dcb380, C4<1>, C4<1>;
v0x57bad9db69b0_0 .net "in_a", 0 0, L_0x57bad9dcb290;  1 drivers
v0x57bad9db6a90_0 .net "in_b", 0 0, L_0x57bad9dcb380;  1 drivers
v0x57bad9db6b50_0 .net "out", 0 0, L_0x57bad9dcaf50;  1 drivers
S_0x57bad9db6ca0 .scope module, "nand_gate8" "Nand" 5 12, 4 1 0, S_0x57bad9db2250;
 .timescale 0 0;
    .port_info 0 /INPUT 1 "in_a";
    .port_info 1 /INPUT 1 "in_b";
    .port_info 2 /OUTPUT 1 "out";
L_0x57bad9dcb500 .functor NAND 1, L_0x57bad9dcb570, L_0x57bad9dcb660, C4<1>, C4<1>;
v0x57bad9db6ed0_0 .net "in_a", 0 0, L_0x57bad9dcb570;  1 drivers
v0x57bad9db6fb0_0 .net "in_b", 0 0, L_0x57bad9dcb660;  1 drivers
v0x57bad9db7070_0 .net "out", 0 0, L_0x57bad9dcb500;  1 drivers
S_0x57bad9db71c0 .scope module, "nand_gate9" "Nand" 5 13, 4 1 0, S_0x57bad9db2250;
 .timescale 0 0;
    .port_info 0 /INPUT 1 "in_a";
    .port_info 1 /INPUT 1 "in_b";
    .port_info 2 /OUTPUT 1 "out";
L_0x57bad9dcb7f0 .functor NAND 1, L_0x57bad9dcb860, L_0x57bad9dcb950, C4<1>, C4<1>;
v0x57bad9db73f0_0 .net "in_a", 0 0, L_0x57bad9dcb860;  1 drivers
v0x57bad9db74d0_0 .net "in_b", 0 0, L_0x57bad9dcb950;  1 drivers
v0x57bad9db7590_0 .net "out", 0 0, L_0x57bad9dcb7f0;  1 drivers
S_0x57bad9db78f0 .scope module, "not16_gate2" "Not16" 2 16, 5 3 0, S_0x57bad9d86b50;
 .timescale 0 0;
    .port_info 0 /INPUT 16 "in_a";
    .port_info 1 /OUTPUT 16 "out";
v0x57bad9dbcda0_0 .net "in_a", 15 0, L_0x57bad9dd3de0;  alias, 1 drivers
v0x57bad9dbceb0_0 .net "out", 15 0, L_0x57bad9dd7380;  alias, 1 drivers
L_0x57bad9dd43a0 .part L_0x57bad9dd3de0, 0, 1;
L_0x57bad9dd4490 .part L_0x57bad9dd3de0, 0, 1;
L_0x57bad9dd45f0 .part L_0x57bad9dd3de0, 1, 1;
L_0x57bad9dd46e0 .part L_0x57bad9dd3de0, 1, 1;
L_0x57bad9dd4840 .part L_0x57bad9dd3de0, 2, 1;
L_0x57bad9dd4930 .part L_0x57bad9dd3de0, 2, 1;
L_0x57bad9dd4a90 .part L_0x57bad9dd3de0, 3, 1;
L_0x57bad9dd4b80 .part L_0x57bad9dd3de0, 3, 1;
L_0x57bad9dd4d30 .part L_0x57bad9dd3de0, 4, 1;
L_0x57bad9dd4e20 .part L_0x57bad9dd3de0, 4, 1;
L_0x57bad9dd4fe0 .part L_0x57bad9dd3de0, 5, 1;
L_0x57bad9dd5080 .part L_0x57bad9dd3de0, 5, 1;
L_0x57bad9dd5250 .part L_0x57bad9dd3de0, 6, 1;
L_0x57bad9dd5340 .part L_0x57bad9dd3de0, 6, 1;
L_0x57bad9dd54b0 .part L_0x57bad9dd3de0, 7, 1;
L_0x57bad9dd55a0 .part L_0x57bad9dd3de0, 7, 1;
L_0x57bad9dd5790 .part L_0x57bad9dd3de0, 8, 1;
L_0x57bad9dd5880 .part L_0x57bad9dd3de0, 8, 1;
L_0x57bad9dd5a80 .part L_0x57bad9dd3de0, 9, 1;
L_0x57bad9dd5b70 .part L_0x57bad9dd3de0, 9, 1;
L_0x57bad9dd5970 .part L_0x57bad9dd3de0, 10, 1;
L_0x57bad9dd5dd0 .part L_0x57bad9dd3de0, 10, 1;
L_0x57bad9dd5ff0 .part L_0x57bad9dd3de0, 11, 1;
L_0x57bad9dd60e0 .part L_0x57bad9dd3de0, 11, 1;
L_0x57bad9dd6310 .part L_0x57bad9dd3de0, 12, 1;
L_0x57bad9dd6400 .part L_0x57bad9dd3de0, 12, 1;
L_0x57bad9dd6640 .part L_0x57bad9dd3de0, 13, 1;
L_0x57bad9dd6730 .part L_0x57bad9dd3de0, 13, 1;
L_0x57bad9dd6d90 .part L_0x57bad9dd3de0, 14, 1;
L_0x57bad9dd6e30 .part L_0x57bad9dd3de0, 14, 1;
L_0x57bad9dd7090 .part L_0x57bad9dd3de0, 15, 1;
L_0x57bad9dd7180 .part L_0x57bad9dd3de0, 15, 1;
LS_0x57bad9dd7380_0_0 .concat8 [ 1 1 1 1], L_0x57bad9dd4330, L_0x57bad9dd4580, L_0x57bad9dd47d0, L_0x57bad9dd4a20;
LS_0x57bad9dd7380_0_4 .concat8 [ 1 1 1 1], L_0x57bad9dd4cc0, L_0x57bad9dd4f70, L_0x57bad9dd51e0, L_0x57bad9dd5170;
LS_0x57bad9dd7380_0_8 .concat8 [ 1 1 1 1], L_0x57bad9dd5720, L_0x57bad9dd5a10, L_0x57bad9dd5d10, L_0x57bad9dd5f80;
LS_0x57bad9dd7380_0_12 .concat8 [ 1 1 1 1], L_0x57bad9dd62a0, L_0x57bad9dd65d0, L_0x57bad9dd6d20, L_0x57bad9dd7020;
L_0x57bad9dd7380 .concat8 [ 4 4 4 4], LS_0x57bad9dd7380_0_0, LS_0x57bad9dd7380_0_4, LS_0x57bad9dd7380_0_8, LS_0x57bad9dd7380_0_12;
S_0x57bad9db7b20 .scope module, "nand_gate0" "Nand" 5 4, 4 1 0, S_0x57bad9db78f0;
 .timescale 0 0;
    .port_info 0 /INPUT 1 "in_a";
    .port_info 1 /INPUT 1 "in_b";
    .port_info 2 /OUTPUT 1 "out";
L_0x57bad9dd4330 .functor NAND 1, L_0x57bad9dd43a0, L_0x57bad9dd4490, C4<1>, C4<1>;
v0x57bad9db7d90_0 .net "in_a", 0 0, L_0x57bad9dd43a0;  1 drivers
v0x57bad9db7e70_0 .net "in_b", 0 0, L_0x57bad9dd4490;  1 drivers
v0x57bad9db7f30_0 .net "out", 0 0, L_0x57bad9dd4330;  1 drivers
S_0x57bad9db8050 .scope module, "nand_gate1" "Nand" 5 5, 4 1 0, S_0x57bad9db78f0;
 .timescale 0 0;
    .port_info 0 /INPUT 1 "in_a";
    .port_info 1 /INPUT 1 "in_b";
    .port_info 2 /OUTPUT 1 "out";
L_0x57bad9dd4580 .functor NAND 1, L_0x57bad9dd45f0, L_0x57bad9dd46e0, C4<1>, C4<1>;
v0x57bad9db8280_0 .net "in_a", 0 0, L_0x57bad9dd45f0;  1 drivers
v0x57bad9db8360_0 .net "in_b", 0 0, L_0x57bad9dd46e0;  1 drivers
v0x57bad9db8420_0 .net "out", 0 0, L_0x57bad9dd4580;  1 drivers
S_0x57bad9db8570 .scope module, "nand_gate10" "Nand" 5 14, 4 1 0, S_0x57bad9db78f0;
 .timescale 0 0;
    .port_info 0 /INPUT 1 "in_a";
    .port_info 1 /INPUT 1 "in_b";
    .port_info 2 /OUTPUT 1 "out";
L_0x57bad9dd5d10 .functor NAND 1, L_0x57bad9dd5970, L_0x57bad9dd5dd0, C4<1>, C4<1>;
v0x57bad9db87d0_0 .net "in_a", 0 0, L_0x57bad9dd5970;  1 drivers
v0x57bad9db8890_0 .net "in_b", 0 0, L_0x57bad9dd5dd0;  1 drivers
v0x57bad9db8950_0 .net "out", 0 0, L_0x57bad9dd5d10;  1 drivers
S_0x57bad9db8aa0 .scope module, "nand_gate11" "Nand" 5 15, 4 1 0, S_0x57bad9db78f0;
 .timescale 0 0;
    .port_info 0 /INPUT 1 "in_a";
    .port_info 1 /INPUT 1 "in_b";
    .port_info 2 /OUTPUT 1 "out";
L_0x57bad9dd5f80 .functor NAND 1, L_0x57bad9dd5ff0, L_0x57bad9dd60e0, C4<1>, C4<1>;
v0x57bad9db8cd0_0 .net "in_a", 0 0, L_0x57bad9dd5ff0;  1 drivers
v0x57bad9db8db0_0 .net "in_b", 0 0, L_0x57bad9dd60e0;  1 drivers
v0x57bad9db8e70_0 .net "out", 0 0, L_0x57bad9dd5f80;  1 drivers
S_0x57bad9db8fc0 .scope module, "nand_gate12" "Nand" 5 16, 4 1 0, S_0x57bad9db78f0;
 .timescale 0 0;
    .port_info 0 /INPUT 1 "in_a";
    .port_info 1 /INPUT 1 "in_b";
    .port_info 2 /OUTPUT 1 "out";
L_0x57bad9dd62a0 .functor NAND 1, L_0x57bad9dd6310, L_0x57bad9dd6400, C4<1>, C4<1>;
v0x57bad9db9240_0 .net "in_a", 0 0, L_0x57bad9dd6310;  1 drivers
v0x57bad9db9320_0 .net "in_b", 0 0, L_0x57bad9dd6400;  1 drivers
v0x57bad9db93e0_0 .net "out", 0 0, L_0x57bad9dd62a0;  1 drivers
S_0x57bad9db9500 .scope module, "nand_gate13" "Nand" 5 17, 4 1 0, S_0x57bad9db78f0;
 .timescale 0 0;
    .port_info 0 /INPUT 1 "in_a";
    .port_info 1 /INPUT 1 "in_b";
    .port_info 2 /OUTPUT 1 "out";
L_0x57bad9dd65d0 .functor NAND 1, L_0x57bad9dd6640, L_0x57bad9dd6730, C4<1>, C4<1>;
v0x57bad9db9730_0 .net "in_a", 0 0, L_0x57bad9dd6640;  1 drivers
v0x57bad9db9810_0 .net "in_b", 0 0, L_0x57bad9dd6730;  1 drivers
v0x57bad9db98d0_0 .net "out", 0 0, L_0x57bad9dd65d0;  1 drivers
S_0x57bad9db9a20 .scope module, "nand_gate14" "Nand" 5 18, 4 1 0, S_0x57bad9db78f0;
 .timescale 0 0;
    .port_info 0 /INPUT 1 "in_a";
    .port_info 1 /INPUT 1 "in_b";
    .port_info 2 /OUTPUT 1 "out";
L_0x57bad9dd6d20 .functor NAND 1, L_0x57bad9dd6d90, L_0x57bad9dd6e30, C4<1>, C4<1>;
v0x57bad9db9c50_0 .net "in_a", 0 0, L_0x57bad9dd6d90;  1 drivers
v0x57bad9db9d30_0 .net "in_b", 0 0, L_0x57bad9dd6e30;  1 drivers
v0x57bad9db9df0_0 .net "out", 0 0, L_0x57bad9dd6d20;  1 drivers
S_0x57bad9db9f40 .scope module, "nand_gate15" "Nand" 5 19, 4 1 0, S_0x57bad9db78f0;
 .timescale 0 0;
    .port_info 0 /INPUT 1 "in_a";
    .port_info 1 /INPUT 1 "in_b";
    .port_info 2 /OUTPUT 1 "out";
L_0x57bad9dd7020 .functor NAND 1, L_0x57bad9dd7090, L_0x57bad9dd7180, C4<1>, C4<1>;
v0x57bad9dba170_0 .net "in_a", 0 0, L_0x57bad9dd7090;  1 drivers
v0x57bad9dba250_0 .net "in_b", 0 0, L_0x57bad9dd7180;  1 drivers
v0x57bad9dba310_0 .net "out", 0 0, L_0x57bad9dd7020;  1 drivers
S_0x57bad9dba460 .scope module, "nand_gate2" "Nand" 5 6, 4 1 0, S_0x57bad9db78f0;
 .timescale 0 0;
    .port_info 0 /INPUT 1 "in_a";
    .port_info 1 /INPUT 1 "in_b";
    .port_info 2 /OUTPUT 1 "out";
L_0x57bad9dd47d0 .functor NAND 1, L_0x57bad9dd4840, L_0x57bad9dd4930, C4<1>, C4<1>;
v0x57bad9dba6d0_0 .net "in_a", 0 0, L_0x57bad9dd4840;  1 drivers
v0x57bad9dba7b0_0 .net "in_b", 0 0, L_0x57bad9dd4930;  1 drivers
v0x57bad9dba870_0 .net "out", 0 0, L_0x57bad9dd47d0;  1 drivers
S_0x57bad9dba9c0 .scope module, "nand_gate3" "Nand" 5 7, 4 1 0, S_0x57bad9db78f0;
 .timescale 0 0;
    .port_info 0 /INPUT 1 "in_a";
    .port_info 1 /INPUT 1 "in_b";
    .port_info 2 /OUTPUT 1 "out";
L_0x57bad9dd4a20 .functor NAND 1, L_0x57bad9dd4a90, L_0x57bad9dd4b80, C4<1>, C4<1>;
v0x57bad9dbabf0_0 .net "in_a", 0 0, L_0x57bad9dd4a90;  1 drivers
v0x57bad9dbacd0_0 .net "in_b", 0 0, L_0x57bad9dd4b80;  1 drivers
v0x57bad9dbad90_0 .net "out", 0 0, L_0x57bad9dd4a20;  1 drivers
S_0x57bad9dbaee0 .scope module, "nand_gate4" "Nand" 5 8, 4 1 0, S_0x57bad9db78f0;
 .timescale 0 0;
    .port_info 0 /INPUT 1 "in_a";
    .port_info 1 /INPUT 1 "in_b";
    .port_info 2 /OUTPUT 1 "out";
L_0x57bad9dd4cc0 .functor NAND 1, L_0x57bad9dd4d30, L_0x57bad9dd4e20, C4<1>, C4<1>;
v0x57bad9dbb110_0 .net "in_a", 0 0, L_0x57bad9dd4d30;  1 drivers
v0x57bad9dbb1f0_0 .net "in_b", 0 0, L_0x57bad9dd4e20;  1 drivers
v0x57bad9dbb2b0_0 .net "out", 0 0, L_0x57bad9dd4cc0;  1 drivers
S_0x57bad9dbb400 .scope module, "nand_gate5" "Nand" 5 9, 4 1 0, S_0x57bad9db78f0;
 .timescale 0 0;
    .port_info 0 /INPUT 1 "in_a";
    .port_info 1 /INPUT 1 "in_b";
    .port_info 2 /OUTPUT 1 "out";
L_0x57bad9dd4f70 .functor NAND 1, L_0x57bad9dd4fe0, L_0x57bad9dd5080, C4<1>, C4<1>;
v0x57bad9dbb630_0 .net "in_a", 0 0, L_0x57bad9dd4fe0;  1 drivers
v0x57bad9dbb710_0 .net "in_b", 0 0, L_0x57bad9dd5080;  1 drivers
v0x57bad9dbb7d0_0 .net "out", 0 0, L_0x57bad9dd4f70;  1 drivers
S_0x57bad9dbb920 .scope module, "nand_gate6" "Nand" 5 10, 4 1 0, S_0x57bad9db78f0;
 .timescale 0 0;
    .port_info 0 /INPUT 1 "in_a";
    .port_info 1 /INPUT 1 "in_b";
    .port_info 2 /OUTPUT 1 "out";
L_0x57bad9dd51e0 .functor NAND 1, L_0x57bad9dd5250, L_0x57bad9dd5340, C4<1>, C4<1>;
v0x57bad9dbbb50_0 .net "in_a", 0 0, L_0x57bad9dd5250;  1 drivers
v0x57bad9dbbc30_0 .net "in_b", 0 0, L_0x57bad9dd5340;  1 drivers
v0x57bad9dbbcf0_0 .net "out", 0 0, L_0x57bad9dd51e0;  1 drivers
S_0x57bad9dbbe40 .scope module, "nand_gate7" "Nand" 5 11, 4 1 0, S_0x57bad9db78f0;
 .timescale 0 0;
    .port_info 0 /INPUT 1 "in_a";
    .port_info 1 /INPUT 1 "in_b";
    .port_info 2 /OUTPUT 1 "out";
L_0x57bad9dd5170 .functor NAND 1, L_0x57bad9dd54b0, L_0x57bad9dd55a0, C4<1>, C4<1>;
v0x57bad9dbc070_0 .net "in_a", 0 0, L_0x57bad9dd54b0;  1 drivers
v0x57bad9dbc150_0 .net "in_b", 0 0, L_0x57bad9dd55a0;  1 drivers
v0x57bad9dbc210_0 .net "out", 0 0, L_0x57bad9dd5170;  1 drivers
S_0x57bad9dbc360 .scope module, "nand_gate8" "Nand" 5 12, 4 1 0, S_0x57bad9db78f0;
 .timescale 0 0;
    .port_info 0 /INPUT 1 "in_a";
    .port_info 1 /INPUT 1 "in_b";
    .port_info 2 /OUTPUT 1 "out";
L_0x57bad9dd5720 .functor NAND 1, L_0x57bad9dd5790, L_0x57bad9dd5880, C4<1>, C4<1>;
v0x57bad9dbc590_0 .net "in_a", 0 0, L_0x57bad9dd5790;  1 drivers
v0x57bad9dbc670_0 .net "in_b", 0 0, L_0x57bad9dd5880;  1 drivers
v0x57bad9dbc730_0 .net "out", 0 0, L_0x57bad9dd5720;  1 drivers
S_0x57bad9dbc880 .scope module, "nand_gate9" "Nand" 5 13, 4 1 0, S_0x57bad9db78f0;
 .timescale 0 0;
    .port_info 0 /INPUT 1 "in_a";
    .port_info 1 /INPUT 1 "in_b";
    .port_info 2 /OUTPUT 1 "out";
L_0x57bad9dd5a10 .functor NAND 1, L_0x57bad9dd5a80, L_0x57bad9dd5b70, C4<1>, C4<1>;
v0x57bad9dbcab0_0 .net "in_a", 0 0, L_0x57bad9dd5a80;  1 drivers
v0x57bad9dbcb90_0 .net "in_b", 0 0, L_0x57bad9dd5b70;  1 drivers
v0x57bad9dbcc50_0 .net "out", 0 0, L_0x57bad9dd5a10;  1 drivers
S_0x57bad9dbcfb0 .scope module, "not16_gate3" "Not16" 2 20, 5 3 0, S_0x57bad9d86b50;
 .timescale 0 0;
    .port_info 0 /INPUT 16 "in_a";
    .port_info 1 /OUTPUT 16 "out";
v0x57bad9dc2440_0 .net "in_a", 15 0, L_0x57bad9ddd870;  alias, 1 drivers
v0x57bad9dc2550_0 .net "out", 15 0, L_0x57bad9de0870;  alias, 1 drivers
L_0x57bad9dddff0 .part L_0x57bad9ddd870, 0, 1;
L_0x57bad9dde0e0 .part L_0x57bad9ddd870, 0, 1;
L_0x57bad9dde240 .part L_0x57bad9ddd870, 1, 1;
L_0x57bad9dde330 .part L_0x57bad9ddd870, 1, 1;
L_0x57bad9dde490 .part L_0x57bad9ddd870, 2, 1;
L_0x57bad9dde580 .part L_0x57bad9ddd870, 2, 1;
L_0x57bad9dde6e0 .part L_0x57bad9ddd870, 3, 1;
L_0x57bad9dde7d0 .part L_0x57bad9ddd870, 3, 1;
L_0x57bad9dde980 .part L_0x57bad9ddd870, 4, 1;
L_0x57bad9ddea70 .part L_0x57bad9ddd870, 4, 1;
L_0x57bad9ddec30 .part L_0x57bad9ddd870, 5, 1;
L_0x57bad9ddecd0 .part L_0x57bad9ddd870, 5, 1;
L_0x57bad9ddeea0 .part L_0x57bad9ddd870, 6, 1;
L_0x57bad9ddef90 .part L_0x57bad9ddd870, 6, 1;
L_0x57bad9ddf100 .part L_0x57bad9ddd870, 7, 1;
L_0x57bad9ddf1f0 .part L_0x57bad9ddd870, 7, 1;
L_0x57bad9ddf3e0 .part L_0x57bad9ddd870, 8, 1;
L_0x57bad9ddf4d0 .part L_0x57bad9ddd870, 8, 1;
L_0x57bad9ddf6d0 .part L_0x57bad9ddd870, 9, 1;
L_0x57bad9ddf7c0 .part L_0x57bad9ddd870, 9, 1;
L_0x57bad9ddf5c0 .part L_0x57bad9ddd870, 10, 1;
L_0x57bad9ddfa20 .part L_0x57bad9ddd870, 10, 1;
L_0x57bad9ddfbd0 .part L_0x57bad9ddd870, 11, 1;
L_0x57bad9ddfcc0 .part L_0x57bad9ddd870, 11, 1;
L_0x57bad9ddfe80 .part L_0x57bad9ddd870, 12, 1;
L_0x57bad9ddff20 .part L_0x57bad9ddd870, 12, 1;
L_0x57bad9de00f0 .part L_0x57bad9ddd870, 13, 1;
L_0x57bad9de0190 .part L_0x57bad9ddd870, 13, 1;
L_0x57bad9de0010 .part L_0x57bad9ddd870, 14, 1;
L_0x57bad9de0780 .part L_0x57bad9ddd870, 14, 1;
L_0x57bad9de0970 .part L_0x57bad9ddd870, 15, 1;
L_0x57bad9de0a10 .part L_0x57bad9ddd870, 15, 1;
LS_0x57bad9de0870_0_0 .concat8 [ 1 1 1 1], L_0x57bad9dddf80, L_0x57bad9dde1d0, L_0x57bad9dde420, L_0x57bad9dde670;
LS_0x57bad9de0870_0_4 .concat8 [ 1 1 1 1], L_0x57bad9dde910, L_0x57bad9ddebc0, L_0x57bad9ddee30, L_0x57bad9ddedc0;
LS_0x57bad9de0870_0_8 .concat8 [ 1 1 1 1], L_0x57bad9ddf370, L_0x57bad9ddf660, L_0x57bad9ddf960, L_0x57bad9ddf8b0;
LS_0x57bad9de0870_0_12 .concat8 [ 1 1 1 1], L_0x57bad9ddfb10, L_0x57bad9ddfdb0, L_0x57bad9ddf080, L_0x57bad9de0690;
L_0x57bad9de0870 .concat8 [ 4 4 4 4], LS_0x57bad9de0870_0_0, LS_0x57bad9de0870_0_4, LS_0x57bad9de0870_0_8, LS_0x57bad9de0870_0_12;
S_0x57bad9dbd190 .scope module, "nand_gate0" "Nand" 5 4, 4 1 0, S_0x57bad9dbcfb0;
 .timescale 0 0;
    .port_info 0 /INPUT 1 "in_a";
    .port_info 1 /INPUT 1 "in_b";
    .port_info 2 /OUTPUT 1 "out";
L_0x57bad9dddf80 .functor NAND 1, L_0x57bad9dddff0, L_0x57bad9dde0e0, C4<1>, C4<1>;
v0x57bad9dbd400_0 .net "in_a", 0 0, L_0x57bad9dddff0;  1 drivers
v0x57bad9dbd4e0_0 .net "in_b", 0 0, L_0x57bad9dde0e0;  1 drivers
v0x57bad9dbd5a0_0 .net "out", 0 0, L_0x57bad9dddf80;  1 drivers
S_0x57bad9dbd6f0 .scope module, "nand_gate1" "Nand" 5 5, 4 1 0, S_0x57bad9dbcfb0;
 .timescale 0 0;
    .port_info 0 /INPUT 1 "in_a";
    .port_info 1 /INPUT 1 "in_b";
    .port_info 2 /OUTPUT 1 "out";
L_0x57bad9dde1d0 .functor NAND 1, L_0x57bad9dde240, L_0x57bad9dde330, C4<1>, C4<1>;
v0x57bad9dbd920_0 .net "in_a", 0 0, L_0x57bad9dde240;  1 drivers
v0x57bad9dbda00_0 .net "in_b", 0 0, L_0x57bad9dde330;  1 drivers
v0x57bad9dbdac0_0 .net "out", 0 0, L_0x57bad9dde1d0;  1 drivers
S_0x57bad9dbdc10 .scope module, "nand_gate10" "Nand" 5 14, 4 1 0, S_0x57bad9dbcfb0;
 .timescale 0 0;
    .port_info 0 /INPUT 1 "in_a";
    .port_info 1 /INPUT 1 "in_b";
    .port_info 2 /OUTPUT 1 "out";
L_0x57bad9ddf960 .functor NAND 1, L_0x57bad9ddf5c0, L_0x57bad9ddfa20, C4<1>, C4<1>;
v0x57bad9dbde70_0 .net "in_a", 0 0, L_0x57bad9ddf5c0;  1 drivers
v0x57bad9dbdf30_0 .net "in_b", 0 0, L_0x57bad9ddfa20;  1 drivers
v0x57bad9dbdff0_0 .net "out", 0 0, L_0x57bad9ddf960;  1 drivers
S_0x57bad9dbe140 .scope module, "nand_gate11" "Nand" 5 15, 4 1 0, S_0x57bad9dbcfb0;
 .timescale 0 0;
    .port_info 0 /INPUT 1 "in_a";
    .port_info 1 /INPUT 1 "in_b";
    .port_info 2 /OUTPUT 1 "out";
L_0x57bad9ddf8b0 .functor NAND 1, L_0x57bad9ddfbd0, L_0x57bad9ddfcc0, C4<1>, C4<1>;
v0x57bad9dbe370_0 .net "in_a", 0 0, L_0x57bad9ddfbd0;  1 drivers
v0x57bad9dbe450_0 .net "in_b", 0 0, L_0x57bad9ddfcc0;  1 drivers
v0x57bad9dbe510_0 .net "out", 0 0, L_0x57bad9ddf8b0;  1 drivers
S_0x57bad9dbe660 .scope module, "nand_gate12" "Nand" 5 16, 4 1 0, S_0x57bad9dbcfb0;
 .timescale 0 0;
    .port_info 0 /INPUT 1 "in_a";
    .port_info 1 /INPUT 1 "in_b";
    .port_info 2 /OUTPUT 1 "out";
L_0x57bad9ddfb10 .functor NAND 1, L_0x57bad9ddfe80, L_0x57bad9ddff20, C4<1>, C4<1>;
v0x57bad9dbe8e0_0 .net "in_a", 0 0, L_0x57bad9ddfe80;  1 drivers
v0x57bad9dbe9c0_0 .net "in_b", 0 0, L_0x57bad9ddff20;  1 drivers
v0x57bad9dbea80_0 .net "out", 0 0, L_0x57bad9ddfb10;  1 drivers
S_0x57bad9dbeba0 .scope module, "nand_gate13" "Nand" 5 17, 4 1 0, S_0x57bad9dbcfb0;
 .timescale 0 0;
    .port_info 0 /INPUT 1 "in_a";
    .port_info 1 /INPUT 1 "in_b";
    .port_info 2 /OUTPUT 1 "out";
L_0x57bad9ddfdb0 .functor NAND 1, L_0x57bad9de00f0, L_0x57bad9de0190, C4<1>, C4<1>;
v0x57bad9dbedd0_0 .net "in_a", 0 0, L_0x57bad9de00f0;  1 drivers
v0x57bad9dbeeb0_0 .net "in_b", 0 0, L_0x57bad9de0190;  1 drivers
v0x57bad9dbef70_0 .net "out", 0 0, L_0x57bad9ddfdb0;  1 drivers
S_0x57bad9dbf0c0 .scope module, "nand_gate14" "Nand" 5 18, 4 1 0, S_0x57bad9dbcfb0;
 .timescale 0 0;
    .port_info 0 /INPUT 1 "in_a";
    .port_info 1 /INPUT 1 "in_b";
    .port_info 2 /OUTPUT 1 "out";
L_0x57bad9ddf080 .functor NAND 1, L_0x57bad9de0010, L_0x57bad9de0780, C4<1>, C4<1>;
v0x57bad9dbf2f0_0 .net "in_a", 0 0, L_0x57bad9de0010;  1 drivers
v0x57bad9dbf3d0_0 .net "in_b", 0 0, L_0x57bad9de0780;  1 drivers
v0x57bad9dbf490_0 .net "out", 0 0, L_0x57bad9ddf080;  1 drivers
S_0x57bad9dbf5e0 .scope module, "nand_gate15" "Nand" 5 19, 4 1 0, S_0x57bad9dbcfb0;
 .timescale 0 0;
    .port_info 0 /INPUT 1 "in_a";
    .port_info 1 /INPUT 1 "in_b";
    .port_info 2 /OUTPUT 1 "out";
L_0x57bad9de0690 .functor NAND 1, L_0x57bad9de0970, L_0x57bad9de0a10, C4<1>, C4<1>;
v0x57bad9dbf810_0 .net "in_a", 0 0, L_0x57bad9de0970;  1 drivers
v0x57bad9dbf8f0_0 .net "in_b", 0 0, L_0x57bad9de0a10;  1 drivers
v0x57bad9dbf9b0_0 .net "out", 0 0, L_0x57bad9de0690;  1 drivers
S_0x57bad9dbfb00 .scope module, "nand_gate2" "Nand" 5 6, 4 1 0, S_0x57bad9dbcfb0;
 .timescale 0 0;
    .port_info 0 /INPUT 1 "in_a";
    .port_info 1 /INPUT 1 "in_b";
    .port_info 2 /OUTPUT 1 "out";
L_0x57bad9dde420 .functor NAND 1, L_0x57bad9dde490, L_0x57bad9dde580, C4<1>, C4<1>;
v0x57bad9dbfd70_0 .net "in_a", 0 0, L_0x57bad9dde490;  1 drivers
v0x57bad9dbfe50_0 .net "in_b", 0 0, L_0x57bad9dde580;  1 drivers
v0x57bad9dbff10_0 .net "out", 0 0, L_0x57bad9dde420;  1 drivers
S_0x57bad9dc0060 .scope module, "nand_gate3" "Nand" 5 7, 4 1 0, S_0x57bad9dbcfb0;
 .timescale 0 0;
    .port_info 0 /INPUT 1 "in_a";
    .port_info 1 /INPUT 1 "in_b";
    .port_info 2 /OUTPUT 1 "out";
L_0x57bad9dde670 .functor NAND 1, L_0x57bad9dde6e0, L_0x57bad9dde7d0, C4<1>, C4<1>;
v0x57bad9dc0290_0 .net "in_a", 0 0, L_0x57bad9dde6e0;  1 drivers
v0x57bad9dc0370_0 .net "in_b", 0 0, L_0x57bad9dde7d0;  1 drivers
v0x57bad9dc0430_0 .net "out", 0 0, L_0x57bad9dde670;  1 drivers
S_0x57bad9dc0580 .scope module, "nand_gate4" "Nand" 5 8, 4 1 0, S_0x57bad9dbcfb0;
 .timescale 0 0;
    .port_info 0 /INPUT 1 "in_a";
    .port_info 1 /INPUT 1 "in_b";
    .port_info 2 /OUTPUT 1 "out";
L_0x57bad9dde910 .functor NAND 1, L_0x57bad9dde980, L_0x57bad9ddea70, C4<1>, C4<1>;
v0x57bad9dc07b0_0 .net "in_a", 0 0, L_0x57bad9dde980;  1 drivers
v0x57bad9dc0890_0 .net "in_b", 0 0, L_0x57bad9ddea70;  1 drivers
v0x57bad9dc0950_0 .net "out", 0 0, L_0x57bad9dde910;  1 drivers
S_0x57bad9dc0aa0 .scope module, "nand_gate5" "Nand" 5 9, 4 1 0, S_0x57bad9dbcfb0;
 .timescale 0 0;
    .port_info 0 /INPUT 1 "in_a";
    .port_info 1 /INPUT 1 "in_b";
    .port_info 2 /OUTPUT 1 "out";
L_0x57bad9ddebc0 .functor NAND 1, L_0x57bad9ddec30, L_0x57bad9ddecd0, C4<1>, C4<1>;
v0x57bad9dc0cd0_0 .net "in_a", 0 0, L_0x57bad9ddec30;  1 drivers
v0x57bad9dc0db0_0 .net "in_b", 0 0, L_0x57bad9ddecd0;  1 drivers
v0x57bad9dc0e70_0 .net "out", 0 0, L_0x57bad9ddebc0;  1 drivers
S_0x57bad9dc0fc0 .scope module, "nand_gate6" "Nand" 5 10, 4 1 0, S_0x57bad9dbcfb0;
 .timescale 0 0;
    .port_info 0 /INPUT 1 "in_a";
    .port_info 1 /INPUT 1 "in_b";
    .port_info 2 /OUTPUT 1 "out";
L_0x57bad9ddee30 .functor NAND 1, L_0x57bad9ddeea0, L_0x57bad9ddef90, C4<1>, C4<1>;
v0x57bad9dc11f0_0 .net "in_a", 0 0, L_0x57bad9ddeea0;  1 drivers
v0x57bad9dc12d0_0 .net "in_b", 0 0, L_0x57bad9ddef90;  1 drivers
v0x57bad9dc1390_0 .net "out", 0 0, L_0x57bad9ddee30;  1 drivers
S_0x57bad9dc14e0 .scope module, "nand_gate7" "Nand" 5 11, 4 1 0, S_0x57bad9dbcfb0;
 .timescale 0 0;
    .port_info 0 /INPUT 1 "in_a";
    .port_info 1 /INPUT 1 "in_b";
    .port_info 2 /OUTPUT 1 "out";
L_0x57bad9ddedc0 .functor NAND 1, L_0x57bad9ddf100, L_0x57bad9ddf1f0, C4<1>, C4<1>;
v0x57bad9dc1710_0 .net "in_a", 0 0, L_0x57bad9ddf100;  1 drivers
v0x57bad9dc17f0_0 .net "in_b", 0 0, L_0x57bad9ddf1f0;  1 drivers
v0x57bad9dc18b0_0 .net "out", 0 0, L_0x57bad9ddedc0;  1 drivers
S_0x57bad9dc1a00 .scope module, "nand_gate8" "Nand" 5 12, 4 1 0, S_0x57bad9dbcfb0;
 .timescale 0 0;
    .port_info 0 /INPUT 1 "in_a";
    .port_info 1 /INPUT 1 "in_b";
    .port_info 2 /OUTPUT 1 "out";
L_0x57bad9ddf370 .functor NAND 1, L_0x57bad9ddf3e0, L_0x57bad9ddf4d0, C4<1>, C4<1>;
v0x57bad9dc1c30_0 .net "in_a", 0 0, L_0x57bad9ddf3e0;  1 drivers
v0x57bad9dc1d10_0 .net "in_b", 0 0, L_0x57bad9ddf4d0;  1 drivers
v0x57bad9dc1dd0_0 .net "out", 0 0, L_0x57bad9ddf370;  1 drivers
S_0x57bad9dc1f20 .scope module, "nand_gate9" "Nand" 5 13, 4 1 0, S_0x57bad9dbcfb0;
 .timescale 0 0;
    .port_info 0 /INPUT 1 "in_a";
    .port_info 1 /INPUT 1 "in_b";
    .port_info 2 /OUTPUT 1 "out";
L_0x57bad9ddf660 .functor NAND 1, L_0x57bad9ddf6d0, L_0x57bad9ddf7c0, C4<1>, C4<1>;
v0x57bad9dc2150_0 .net "in_a", 0 0, L_0x57bad9ddf6d0;  1 drivers
v0x57bad9dc2230_0 .net "in_b", 0 0, L_0x57bad9ddf7c0;  1 drivers
v0x57bad9dc22f0_0 .net "out", 0 0, L_0x57bad9ddf660;  1 drivers
# The file index is used to find the file name in the following table.
:file_names 6;
    "N/A";
    "<interactive>";
    "Or16/src/Or16.vh";
    "./And16/src/And16.vh";
    "./Nand/src/Nand.vh";
    "./Not16/src/Not16.vh";
