#! /usr/bin/vvp
:ivl_version "11.0 (stable)";
:ivl_delay_selection "TYPICAL";
:vpi_time_precision + 0;
:vpi_module "/usr/lib/x86_64-linux-gnu/ivl/system.vpi";
:vpi_module "/usr/lib/x86_64-linux-gnu/ivl/vhdl_sys.vpi";
:vpi_module "/usr/lib/x86_64-linux-gnu/ivl/vhdl_textio.vpi";
:vpi_module "/usr/lib/x86_64-linux-gnu/ivl/v2005_math.vpi";
:vpi_module "/usr/lib/x86_64-linux-gnu/ivl/va_math.vpi";
S_0x5c5177a84e50 .scope module, "Not16" "Not16" 2 3;
 .timescale 0 0;
    .port_info 0 /INPUT 16 "in_a";
    .port_info 1 /OUTPUT 16 "out";
o0x78aae26e9218 .functor BUFZ 16, C4<zzzzzzzzzzzzzzzz>; HiZ drive
v0x5c5177aa50d0_0 .net "in_a", 15 0, o0x78aae26e9218;  0 drivers
v0x5c5177aa51b0_0 .net "out", 15 0, L_0x5c5177aa8ae0;  1 drivers
L_0x5c5177aa53f0 .part o0x78aae26e9218, 0, 1;
L_0x5c5177aa54e0 .part o0x78aae26e9218, 0, 1;
L_0x5c5177aa56c0 .part o0x78aae26e9218, 1, 1;
L_0x5c5177aa57b0 .part o0x78aae26e9218, 1, 1;
L_0x5c5177aa5a00 .part o0x78aae26e9218, 2, 1;
L_0x5c5177aa5aa0 .part o0x78aae26e9218, 2, 1;
L_0x5c5177aa5c40 .part o0x78aae26e9218, 3, 1;
L_0x5c5177aa5d30 .part o0x78aae26e9218, 3, 1;
L_0x5c5177aa6020 .part o0x78aae26e9218, 4, 1;
L_0x5c5177aa6110 .part o0x78aae26e9218, 4, 1;
L_0x5c5177aa6300 .part o0x78aae26e9218, 5, 1;
L_0x5c5177aa63a0 .part o0x78aae26e9218, 5, 1;
L_0x5c5177aa65a0 .part o0x78aae26e9218, 6, 1;
L_0x5c5177aa6690 .part o0x78aae26e9218, 6, 1;
L_0x5c5177aa6830 .part o0x78aae26e9218, 7, 1;
L_0x5c5177aa6920 .part o0x78aae26e9218, 7, 1;
L_0x5c5177aa6d50 .part o0x78aae26e9218, 8, 1;
L_0x5c5177aa6e40 .part o0x78aae26e9218, 8, 1;
L_0x5c5177aa7070 .part o0x78aae26e9218, 9, 1;
L_0x5c5177aa7160 .part o0x78aae26e9218, 9, 1;
L_0x5c5177aa6f30 .part o0x78aae26e9218, 10, 1;
L_0x5c5177aa73f0 .part o0x78aae26e9218, 10, 1;
L_0x5c5177aa7640 .part o0x78aae26e9218, 11, 1;
L_0x5c5177aa7730 .part o0x78aae26e9218, 11, 1;
L_0x5c5177aa7990 .part o0x78aae26e9218, 12, 1;
L_0x5c5177aa7a80 .part o0x78aae26e9218, 12, 1;
L_0x5c5177aa7cf0 .part o0x78aae26e9218, 13, 1;
L_0x5c5177aa7de0 .part o0x78aae26e9218, 13, 1;
L_0x5c5177aa8060 .part o0x78aae26e9218, 14, 1;
L_0x5c5177aa8150 .part o0x78aae26e9218, 14, 1;
L_0x5c5177aa83e0 .part o0x78aae26e9218, 15, 1;
L_0x5c5177aa84d0 .part o0x78aae26e9218, 15, 1;
LS_0x5c5177aa8ae0_0_0 .concat8 [ 1 1 1 1], L_0x5c5177aa52f0, L_0x5c5177aa5620, L_0x5c5177aa5960, L_0x5c5177aa5bd0;
LS_0x5c5177aa8ae0_0_4 .concat8 [ 1 1 1 1], L_0x5c5177aa5f80, L_0x5c5177aa6260, L_0x5c5177aa6500, L_0x5c5177aa6490;
LS_0x5c5177aa8ae0_0_8 .concat8 [ 1 1 1 1], L_0x5c5177aa6cb0, L_0x5c5177aa6fd0, L_0x5c5177aa7300, L_0x5c5177aa75a0;
LS_0x5c5177aa8ae0_0_12 .concat8 [ 1 1 1 1], L_0x5c5177aa78f0, L_0x5c5177aa7c50, L_0x5c5177aa7fc0, L_0x5c5177aa8340;
L_0x5c5177aa8ae0 .concat8 [ 4 4 4 4], LS_0x5c5177aa8ae0_0_0, LS_0x5c5177aa8ae0_0_4, LS_0x5c5177aa8ae0_0_8, LS_0x5c5177aa8ae0_0_12;
S_0x5c5177a84160 .scope module, "nand_gate0" "Nand" 2 4, 3 1 0, S_0x5c5177a84e50;
 .timescale 0 0;
    .port_info 0 /INPUT 1 "in_a";
    .port_info 1 /INPUT 1 "in_b";
    .port_info 2 /OUTPUT 1 "out";
L_0x5c5177aa52f0 .functor NAND 1, L_0x5c5177aa53f0, L_0x5c5177aa54e0, C4<1>, C4<1>;
v0x5c5177a771a0_0 .net "in_a", 0 0, L_0x5c5177aa53f0;  1 drivers
v0x5c5177a764b0_0 .net "in_b", 0 0, L_0x5c5177aa54e0;  1 drivers
v0x5c5177a757c0_0 .net "out", 0 0, L_0x5c5177aa52f0;  1 drivers
S_0x5c5177aa08e0 .scope module, "nand_gate1" "Nand" 2 5, 3 1 0, S_0x5c5177a84e50;
 .timescale 0 0;
    .port_info 0 /INPUT 1 "in_a";
    .port_info 1 /INPUT 1 "in_b";
    .port_info 2 /OUTPUT 1 "out";
L_0x5c5177aa5620 .functor NAND 1, L_0x5c5177aa56c0, L_0x5c5177aa57b0, C4<1>, C4<1>;
v0x5c5177a74ad0_0 .net "in_a", 0 0, L_0x5c5177aa56c0;  1 drivers
v0x5c5177a73de0_0 .net "in_b", 0 0, L_0x5c5177aa57b0;  1 drivers
v0x5c5177a730f0_0 .net "out", 0 0, L_0x5c5177aa5620;  1 drivers
S_0x5c5177aa0b50 .scope module, "nand_gate10" "Nand" 2 14, 3 1 0, S_0x5c5177a84e50;
 .timescale 0 0;
    .port_info 0 /INPUT 1 "in_a";
    .port_info 1 /INPUT 1 "in_b";
    .port_info 2 /OUTPUT 1 "out";
L_0x5c5177aa7300 .functor NAND 1, L_0x5c5177aa6f30, L_0x5c5177aa73f0, C4<1>, C4<1>;
v0x5c5177a723d0_0 .net "in_a", 0 0, L_0x5c5177aa6f30;  1 drivers
v0x5c5177aa0d00_0 .net "in_b", 0 0, L_0x5c5177aa73f0;  1 drivers
v0x5c5177aa0dc0_0 .net "out", 0 0, L_0x5c5177aa7300;  1 drivers
S_0x5c5177aa0ee0 .scope module, "nand_gate11" "Nand" 2 15, 3 1 0, S_0x5c5177a84e50;
 .timescale 0 0;
    .port_info 0 /INPUT 1 "in_a";
    .port_info 1 /INPUT 1 "in_b";
    .port_info 2 /OUTPUT 1 "out";
L_0x5c5177aa75a0 .functor NAND 1, L_0x5c5177aa7640, L_0x5c5177aa7730, C4<1>, C4<1>;
v0x5c5177aa10c0_0 .net "in_a", 0 0, L_0x5c5177aa7640;  1 drivers
v0x5c5177aa11a0_0 .net "in_b", 0 0, L_0x5c5177aa7730;  1 drivers
v0x5c5177aa1260_0 .net "out", 0 0, L_0x5c5177aa75a0;  1 drivers
S_0x5c5177aa1380 .scope module, "nand_gate12" "Nand" 2 16, 3 1 0, S_0x5c5177a84e50;
 .timescale 0 0;
    .port_info 0 /INPUT 1 "in_a";
    .port_info 1 /INPUT 1 "in_b";
    .port_info 2 /OUTPUT 1 "out";
L_0x5c5177aa78f0 .functor NAND 1, L_0x5c5177aa7990, L_0x5c5177aa7a80, C4<1>, C4<1>;
v0x5c5177aa1600_0 .net "in_a", 0 0, L_0x5c5177aa7990;  1 drivers
v0x5c5177aa16e0_0 .net "in_b", 0 0, L_0x5c5177aa7a80;  1 drivers
v0x5c5177aa17a0_0 .net "out", 0 0, L_0x5c5177aa78f0;  1 drivers
S_0x5c5177aa18c0 .scope module, "nand_gate13" "Nand" 2 17, 3 1 0, S_0x5c5177a84e50;
 .timescale 0 0;
    .port_info 0 /INPUT 1 "in_a";
    .port_info 1 /INPUT 1 "in_b";
    .port_info 2 /OUTPUT 1 "out";
L_0x5c5177aa7c50 .functor NAND 1, L_0x5c5177aa7cf0, L_0x5c5177aa7de0, C4<1>, C4<1>;
v0x5c5177aa1af0_0 .net "in_a", 0 0, L_0x5c5177aa7cf0;  1 drivers
v0x5c5177aa1bd0_0 .net "in_b", 0 0, L_0x5c5177aa7de0;  1 drivers
v0x5c5177aa1c90_0 .net "out", 0 0, L_0x5c5177aa7c50;  1 drivers
S_0x5c5177aa1de0 .scope module, "nand_gate14" "Nand" 2 18, 3 1 0, S_0x5c5177a84e50;
 .timescale 0 0;
    .port_info 0 /INPUT 1 "in_a";
    .port_info 1 /INPUT 1 "in_b";
    .port_info 2 /OUTPUT 1 "out";
L_0x5c5177aa7fc0 .functor NAND 1, L_0x5c5177aa8060, L_0x5c5177aa8150, C4<1>, C4<1>;
v0x5c5177aa2010_0 .net "in_a", 0 0, L_0x5c5177aa8060;  1 drivers
v0x5c5177aa20f0_0 .net "in_b", 0 0, L_0x5c5177aa8150;  1 drivers
v0x5c5177aa21b0_0 .net "out", 0 0, L_0x5c5177aa7fc0;  1 drivers
S_0x5c5177aa2300 .scope module, "nand_gate15" "Nand" 2 19, 3 1 0, S_0x5c5177a84e50;
 .timescale 0 0;
    .port_info 0 /INPUT 1 "in_a";
    .port_info 1 /INPUT 1 "in_b";
    .port_info 2 /OUTPUT 1 "out";
L_0x5c5177aa8340 .functor NAND 1, L_0x5c5177aa83e0, L_0x5c5177aa84d0, C4<1>, C4<1>;
v0x5c5177aa2530_0 .net "in_a", 0 0, L_0x5c5177aa83e0;  1 drivers
v0x5c5177aa2610_0 .net "in_b", 0 0, L_0x5c5177aa84d0;  1 drivers
v0x5c5177aa26d0_0 .net "out", 0 0, L_0x5c5177aa8340;  1 drivers
S_0x5c5177aa2820 .scope module, "nand_gate2" "Nand" 2 6, 3 1 0, S_0x5c5177a84e50;
 .timescale 0 0;
    .port_info 0 /INPUT 1 "in_a";
    .port_info 1 /INPUT 1 "in_b";
    .port_info 2 /OUTPUT 1 "out";
L_0x5c5177aa5960 .functor NAND 1, L_0x5c5177aa5a00, L_0x5c5177aa5aa0, C4<1>, C4<1>;
v0x5c5177aa2a00_0 .net "in_a", 0 0, L_0x5c5177aa5a00;  1 drivers
v0x5c5177aa2ae0_0 .net "in_b", 0 0, L_0x5c5177aa5aa0;  1 drivers
v0x5c5177aa2ba0_0 .net "out", 0 0, L_0x5c5177aa5960;  1 drivers
S_0x5c5177aa2cf0 .scope module, "nand_gate3" "Nand" 2 7, 3 1 0, S_0x5c5177a84e50;
 .timescale 0 0;
    .port_info 0 /INPUT 1 "in_a";
    .port_info 1 /INPUT 1 "in_b";
    .port_info 2 /OUTPUT 1 "out";
L_0x5c5177aa5bd0 .functor NAND 1, L_0x5c5177aa5c40, L_0x5c5177aa5d30, C4<1>, C4<1>;
v0x5c5177aa2f20_0 .net "in_a", 0 0, L_0x5c5177aa5c40;  1 drivers
v0x5c5177aa3000_0 .net "in_b", 0 0, L_0x5c5177aa5d30;  1 drivers
v0x5c5177aa30c0_0 .net "out", 0 0, L_0x5c5177aa5bd0;  1 drivers
S_0x5c5177aa3210 .scope module, "nand_gate4" "Nand" 2 8, 3 1 0, S_0x5c5177a84e50;
 .timescale 0 0;
    .port_info 0 /INPUT 1 "in_a";
    .port_info 1 /INPUT 1 "in_b";
    .port_info 2 /OUTPUT 1 "out";
L_0x5c5177aa5f80 .functor NAND 1, L_0x5c5177aa6020, L_0x5c5177aa6110, C4<1>, C4<1>;
v0x5c5177aa3440_0 .net "in_a", 0 0, L_0x5c5177aa6020;  1 drivers
v0x5c5177aa3520_0 .net "in_b", 0 0, L_0x5c5177aa6110;  1 drivers
v0x5c5177aa35e0_0 .net "out", 0 0, L_0x5c5177aa5f80;  1 drivers
S_0x5c5177aa3730 .scope module, "nand_gate5" "Nand" 2 9, 3 1 0, S_0x5c5177a84e50;
 .timescale 0 0;
    .port_info 0 /INPUT 1 "in_a";
    .port_info 1 /INPUT 1 "in_b";
    .port_info 2 /OUTPUT 1 "out";
L_0x5c5177aa6260 .functor NAND 1, L_0x5c5177aa6300, L_0x5c5177aa63a0, C4<1>, C4<1>;
v0x5c5177aa3960_0 .net "in_a", 0 0, L_0x5c5177aa6300;  1 drivers
v0x5c5177aa3a40_0 .net "in_b", 0 0, L_0x5c5177aa63a0;  1 drivers
v0x5c5177aa3b00_0 .net "out", 0 0, L_0x5c5177aa6260;  1 drivers
S_0x5c5177aa3c50 .scope module, "nand_gate6" "Nand" 2 10, 3 1 0, S_0x5c5177a84e50;
 .timescale 0 0;
    .port_info 0 /INPUT 1 "in_a";
    .port_info 1 /INPUT 1 "in_b";
    .port_info 2 /OUTPUT 1 "out";
L_0x5c5177aa6500 .functor NAND 1, L_0x5c5177aa65a0, L_0x5c5177aa6690, C4<1>, C4<1>;
v0x5c5177aa3e80_0 .net "in_a", 0 0, L_0x5c5177aa65a0;  1 drivers
v0x5c5177aa3f60_0 .net "in_b", 0 0, L_0x5c5177aa6690;  1 drivers
v0x5c5177aa4020_0 .net "out", 0 0, L_0x5c5177aa6500;  1 drivers
S_0x5c5177aa4170 .scope module, "nand_gate7" "Nand" 2 11, 3 1 0, S_0x5c5177a84e50;
 .timescale 0 0;
    .port_info 0 /INPUT 1 "in_a";
    .port_info 1 /INPUT 1 "in_b";
    .port_info 2 /OUTPUT 1 "out";
L_0x5c5177aa6490 .functor NAND 1, L_0x5c5177aa6830, L_0x5c5177aa6920, C4<1>, C4<1>;
v0x5c5177aa43a0_0 .net "in_a", 0 0, L_0x5c5177aa6830;  1 drivers
v0x5c5177aa4480_0 .net "in_b", 0 0, L_0x5c5177aa6920;  1 drivers
v0x5c5177aa4540_0 .net "out", 0 0, L_0x5c5177aa6490;  1 drivers
S_0x5c5177aa4690 .scope module, "nand_gate8" "Nand" 2 12, 3 1 0, S_0x5c5177a84e50;
 .timescale 0 0;
    .port_info 0 /INPUT 1 "in_a";
    .port_info 1 /INPUT 1 "in_b";
    .port_info 2 /OUTPUT 1 "out";
L_0x5c5177aa6cb0 .functor NAND 1, L_0x5c5177aa6d50, L_0x5c5177aa6e40, C4<1>, C4<1>;
v0x5c5177aa48c0_0 .net "in_a", 0 0, L_0x5c5177aa6d50;  1 drivers
v0x5c5177aa49a0_0 .net "in_b", 0 0, L_0x5c5177aa6e40;  1 drivers
v0x5c5177aa4a60_0 .net "out", 0 0, L_0x5c5177aa6cb0;  1 drivers
S_0x5c5177aa4bb0 .scope module, "nand_gate9" "Nand" 2 13, 3 1 0, S_0x5c5177a84e50;
 .timescale 0 0;
    .port_info 0 /INPUT 1 "in_a";
    .port_info 1 /INPUT 1 "in_b";
    .port_info 2 /OUTPUT 1 "out";
L_0x5c5177aa6fd0 .functor NAND 1, L_0x5c5177aa7070, L_0x5c5177aa7160, C4<1>, C4<1>;
v0x5c5177aa4de0_0 .net "in_a", 0 0, L_0x5c5177aa7070;  1 drivers
v0x5c5177aa4ec0_0 .net "in_b", 0 0, L_0x5c5177aa7160;  1 drivers
v0x5c5177aa4f80_0 .net "out", 0 0, L_0x5c5177aa6fd0;  1 drivers
# The file index is used to find the file name in the following table.
:file_names 4;
    "N/A";
    "<interactive>";
    "Not16/src/Not16.vh";
    "./Nand/src/Nand.vh";
